#
# There is insufficient memory for the Java Runtime Environment to continue.
# Native memory allocation (malloc) failed to allocate 94896128 bytes for committing reserved memory.
# Possible reasons:
#   The system is out of physical RAM or swap space
#   In 32 bit mode, the process size limit was hit
# Possible solutions:
#   Reduce memory load on the system
#   Increase physical memory or swap space
#   Check if swap backing store is full
#   Use 64 bit Java on a 64 bit OS
#   Decrease Java heap size (-Xmx/-Xms)
#   Decrease number of Java threads
#   Decrease Java thread stack sizes (-Xss)
#   Set larger code cache with -XX:ReservedCodeCacheSize=
# This output file may be truncated or incomplete.
#
#  Out of Memory Error (os_linux.cpp:2769), pid=8956, tid=140138377938688
#
# JRE version: OpenJDK Runtime Environment (7.0_55-b14) (build 1.7.0_55-b14)
# Java VM: OpenJDK 64-Bit Server VM (24.51-b03 mixed mode linux-amd64 compressed oops)
# Failed to write core dump. Core dumps have been disabled. To enable core dumping, try "ulimit -c unlimited" before starting Java again
#

---------------  T H R E A D  ---------------

Current thread (0x00007f7488075800):  VMThread [stack: 0x00007f74822c8000,0x00007f74823c9000] [id=8965]

Stack: [0x00007f74822c8000,0x00007f74823c9000],  sp=0x00007f74823c7470,  free space=1021k
Native frames: (J=compiled Java code, j=interpreted, Vv=VM code, C=native code)
V  [libjvm.so+0x917b35]  VMError::report_and_die()+0x175
V  [libjvm.so+0x468144]  report_vm_out_of_memory(char const*, int, unsigned long, char const*)+0x74
V  [libjvm.so+0x79a81b]  os::pd_commit_memory(char*, unsigned long, unsigned long, bool)+0x20b
V  [libjvm.so+0x7950df]  os::commit_memory(char*, unsigned long, unsigned long, bool)+0x1f
V  [libjvm.so+0x8053cb]  PSVirtualSpace::expand_by(unsigned long)+0x5b
V  [libjvm.so+0x7f519b]  PSOldGen::expand_by(unsigned long) [clone .part.80]+0x1b
V  [libjvm.so+0x7f535b]  PSOldGen::expand(unsigned long) [clone .part.81]+0xdb
V  [libjvm.so+0x7f6288]  PSOldGen::resize(unsigned long)+0x188
V  [libjvm.so+0x7fd2e3]  PSParallelCompact::invoke_no_policy(bool)+0x9c3
V  [libjvm.so+0x80350d]  PSScavenge::invoke()+0x17d
V  [libjvm.so+0x7b9b33]  ParallelScavengeHeap::failed_mem_allocate(unsigned long)+0x63
V  [libjvm.so+0x919544]  VM_ParallelGCFailedAllocation::doit()+0x84
V  [libjvm.so+0x91d9e7]  VM_Operation::evaluate()+0x47
V  [libjvm.so+0x91c3b8]  VMThread::evaluate_operation(VM_Operation*)+0x318
V  [libjvm.so+0x91c819]  VMThread::loop()+0x219
V  [libjvm.so+0x91cc62]  VMThread::run()+0x72
V  [libjvm.so+0x7974e2]  java_start(Thread*)+0xf2

VM_Operation (0x00007f7490af0f70): ParallelGCFailedAllocation, mode: safepoint, requested by thread 0x00007f748800a800


---------------  P R O C E S S  ---------------

Java Threads: ( => current thread )
  0x00007f74880a6000 JavaThread "Service Thread" daemon [_thread_blocked, id=8971, stack(0x00007f74815e0000,0x00007f74816e1000)]
  0x00007f74880a4000 JavaThread "C2 CompilerThread1" daemon [_thread_blocked, id=8970, stack(0x00007f74816e1000,0x00007f74817e2000)]
  0x00007f74880a1000 JavaThread "C2 CompilerThread0" daemon [_thread_blocked, id=8969, stack(0x00007f74817e2000,0x00007f74818e3000)]
  0x00007f748809e800 JavaThread "Signal Dispatcher" daemon [_thread_blocked, id=8968, stack(0x00007f74818e3000,0x00007f74819e4000)]
  0x00007f748807c000 JavaThread "Finalizer" daemon [_thread_blocked, id=8967, stack(0x00007f74820c6000,0x00007f74821c7000)]
  0x00007f748807a000 JavaThread "Reference Handler" daemon [_thread_blocked, id=8966, stack(0x00007f74821c7000,0x00007f74822c8000)]
  0x00007f748800a800 JavaThread "main" [_thread_blocked, id=8960, stack(0x00007f74909f2000,0x00007f7490af3000)]

Other Threads:
=>0x00007f7488075800 VMThread [stack: 0x00007f74822c8000,0x00007f74823c9000] [id=8965]
  0x00007f74880b1000 WatcherThread [stack: 0x00007f74814df000,0x00007f74815e0000] [id=8972]

VM state:at safepoint (normal execution)

VM Mutex/Monitor currently owned by a thread:  ([mutex/lock_event])
[0x00007f7488006430] ExpandHeap_lock - owner thread: 0x00007f7488075800
[0x00007f7488006ab0] Threads_lock - owner thread: 0x00007f7488075800
[0x00007f7488006fb0] Heap_lock - owner thread: 0x00007f748800a800

Heap
 PSYoungGen      total 283136K, used 27853K [0x00000000eaa80000, 0x00000000ffd80000, 0x0000000100000000)
  eden space 230400K, 0% used [0x00000000eaa80000,0x00000000eaa80000,0x00000000f8b80000)
  from space 52736K, 52% used [0x00000000fbf80000,0x00000000fdab3450,0x00000000ff300000)
  to   space 53248K, 0% used [0x00000000f8b80000,0x00000000f8b80000,0x00000000fbf80000)
 ParOldGen       total 157696K, used 157341K [0x00000000c0000000, 0x00000000c9a00000, 0x00000000eaa80000)
  object space 157696K, 99% used [0x00000000c0000000,0x00000000c99a77c0,0x00000000c9a00000)
 PSPermGen       total 21504K, used 6028K [0x00000000b5a00000, 0x00000000b6f00000, 0x00000000c0000000)
  object space 21504K, 28% used [0x00000000b5a00000,0x00000000b5fe30c8,0x00000000b6f00000)

Card table byte_map: [0x00007f748d428000,0x00007f748d67c000] byte_map_base: 0x00007f748ce7b000

Polling page: 0x00007f7490b18000

Code Cache  [0x00007f7485000000, 0x00007f7485380000, 0x00007f7488000000)
 total_blobs=1175 nmethods=948 adapters=180 free_code_cache=45773Kb largest_free_block=46714048

Compilation events (10 events):
Event: 11.715 Thread 0x00007f74880a1000 nmethod 977 0x00007f748529ded0 code [0x00007f748529e000, 0x00007f748529e058]
Event: 11.803 Thread 0x00007f74880a1000  978             com.android.dx.dex.file.AnnotationSetItem::<init> (83 bytes)
Event: 11.831 Thread 0x00007f74880a4000 nmethod 976 0x00007f74853095d0 code [0x00007f748530ac60, 0x00007f7485310ae0]
Event: 11.832 Thread 0x00007f74880a1000 nmethod 978 0x00007f7485297550 code [0x00007f7485297780, 0x00007f74852982b8]
Event: 11.908 Thread 0x00007f74880a4000  979             com.android.dx.rop.code.Rop::<init> (15 bytes)
Event: 11.909 Thread 0x00007f74880a4000 nmethod 979 0x00007f748529dad0 code [0x00007f748529dc20, 0x00007f748529dd38]
Event: 11.912 Thread 0x00007f74880a1000  980             java.util.TreeMap$PrivateEntryIterator::<init> (28 bytes)
Event: 11.913 Thread 0x00007f74880a1000 nmethod 980 0x00007f748529d810 code [0x00007f748529d940, 0x00007f748529d9d8]
Event: 11.916 Thread 0x00007f74880a4000  981             com.android.dx.rop.code.ThrowingInsn::getCatches (5 bytes)
Event: 11.917 Thread 0x00007f74880a4000 nmethod 981 0x00007f748529b3d0 code [0x00007f748529b500, 0x00007f748529b558]

GC Heap History (10 events):
Event: 7.157 GC heap after
Heap after GC invocations=12 (full 1):
 PSYoungGen      total 214528K, used 25723K [0x00000000eaa80000, 0x00000000fad80000, 0x0000000100000000)
  eden space 183296K, 0% used [0x00000000eaa80000,0x00000000eaa80000,0x00000000f5d80000)
  from space 31232K, 82% used [0x00000000f5d80000,0x00000000f769ece8,0x00000000f7c00000)
  to   space 34304K, 0% used [0x00000000f8c00000,0x00000000f8c00000,0x00000000fad80000)
 ParOldGen       total 81408K, used 73235K [0x00000000c0000000, 0x00000000c4f80000, 0x00000000eaa80000)
  object space 81408K, 89% used [0x00000000c0000000,0x00000000c4784fc0,0x00000000c4f80000)
 PSPermGen       total 21504K, used 5984K [0x00000000b5a00000, 0x00000000b6f00000, 0x00000000c0000000)
  object space 21504K, 27% used [0x00000000b5a00000,0x00000000b5fd8088,0x00000000b6f00000)
}
Event: 7.157 GC heap before
{Heap before GC invocations=13 (full 2):
 PSYoungGen      total 214528K, used 25723K [0x00000000eaa80000, 0x00000000fad80000, 0x0000000100000000)
  eden space 183296K, 0% used [0x00000000eaa80000,0x00000000eaa80000,0x00000000f5d80000)
  from space 31232K, 82% used [0x00000000f5d80000,0x00000000f769ece8,0x00000000f7c00000)
  to   space 34304K, 0% used [0x00000000f8c00000,0x00000000f8c00000,0x00000000fad80000)
 ParOldGen       total 81408K, used 73235K [0x00000000c0000000, 0x00000000c4f80000, 0x00000000eaa80000)
  object space 81408K, 89% used [0x00000000c0000000,0x00000000c4784fc0,0x00000000c4f80000)
 PSPermGen       total 21504K, used 5984K [0x00000000b5a00000, 0x00000000b6f00000, 0x00000000c0000000)
  object space 21504K, 27% used [0x00000000b5a00000,0x00000000b5fd8088,0x00000000b6f00000)
Event: 7.527 GC heap after
Heap after GC invocations=13 (full 2):
 PSYoungGen      total 214528K, used 14314K [0x00000000eaa80000, 0x00000000fad80000, 0x0000000100000000)
  eden space 183296K, 0% used [0x00000000eaa80000,0x00000000eaa80000,0x00000000f5d80000)
  from space 31232K, 45% used [0x00000000f5d80000,0x00000000f6b7ab88,0x00000000f7c00000)
  to   space 34304K, 0% used [0x00000000f8c00000,0x00000000f8c00000,0x00000000fad80000)
 ParOldGen       total 141824K, used 81129K [0x00000000c0000000, 0x00000000c8a80000, 0x00000000eaa80000)
  object space 141824K, 57% used [0x00000000c0000000,0x00000000c4f3a708,0x00000000c8a80000)
 PSPermGen       total 21504K, used 5983K [0x00000000b5a00000, 0x00000000b6f00000, 0x00000000c0000000)
  object space 21504K, 27% used [0x00000000b5a00000,0x00000000b5fd7e08,0x00000000b6f00000)
}
Event: 9.621 GC heap before
{Heap before GC invocations=14 (full 2):
 PSYoungGen      total 214528K, used 197610K [0x00000000eaa80000, 0x00000000fad80000, 0x0000000100000000)
  eden space 183296K, 100% used [0x00000000eaa80000,0x00000000f5d80000,0x00000000f5d80000)
  from space 31232K, 45% used [0x00000000f5d80000,0x00000000f6b7ab88,0x00000000f7c00000)
  to   space 34304K, 0% used [0x00000000f8c00000,0x00000000f8c00000,0x00000000fad80000)
 ParOldGen       total 141824K, used 81129K [0x00000000c0000000, 0x00000000c8a80000, 0x00000000eaa80000)
  object space 141824K, 57% used [0x00000000c0000000,0x00000000c4f3a708,0x00000000c8a80000)
 PSPermGen       total 21504K, used 6004K [0x00000000b5a00000, 0x00000000b6f00000, 0x00000000c0000000)
  object space 21504K, 27% used [0x00000000b5a00000,0x00000000b5fdd2a0,0x00000000b6f00000)
Event: 9.850 GC heap after
Heap after GC invocations=14 (full 2):
 PSYoungGen      total 226816K, used 30368K [0x00000000eaa80000, 0x00000000fce00000, 0x0000000100000000)
  eden space 192512K, 0% used [0x00000000eaa80000,0x00000000eaa80000,0x00000000f6680000)
  from space 34304K, 88% used [0x00000000f8c00000,0x00000000fa9a8010,0x00000000fad80000)
  to   space 38400K, 0% used [0x00000000f6680000,0x00000000f6680000,0x00000000f8c00000)
 ParOldGen       total 141824K, used 94702K [0x00000000c0000000, 0x00000000c8a80000, 0x00000000eaa80000)
  object space 141824K, 66% used [0x00000000c0000000,0x00000000c5c7b960,0x00000000c8a80000)
 PSPermGen       total 21504K, used 6004K [0x00000000b5a00000, 0x00000000b6f00000, 0x00000000c0000000)
  object space 21504K, 27% used [0x00000000b5a00000,0x00000000b5fdd2a0,0x00000000b6f00000)
}
Event: 11.228 GC heap before
{Heap before GC invocations=15 (full 2):
 PSYoungGen      total 226816K, used 222880K [0x00000000eaa80000, 0x00000000fce00000, 0x0000000100000000)
  eden space 192512K, 100% used [0x00000000eaa80000,0x00000000f6680000,0x00000000f6680000)
  from space 34304K, 88% used [0x00000000f8c00000,0x00000000fa9a8010,0x00000000fad80000)
  to   space 38400K, 0% used [0x00000000f6680000,0x00000000f6680000,0x00000000f8c00000)
 ParOldGen       total 141824K, used 94702K [0x00000000c0000000, 0x00000000c8a80000, 0x00000000eaa80000)
  object space 141824K, 66% used [0x00000000c0000000,0x00000000c5c7b960,0x00000000c8a80000)
 PSPermGen       total 21504K, used 6016K [0x00000000b5a00000, 0x00000000b6f00000, 0x00000000c0000000)
  object space 21504K, 27% used [0x00000000b5a00000,0x00000000b5fe00f8,0x00000000b6f00000)
Event: 11.295 GC heap after
Heap after GC invocations=15 (full 2):
 PSYoungGen      total 230912K, used 38379K [0x00000000eaa80000, 0x00000000ff300000, 0x0000000100000000)
  eden space 192512K, 0% used [0x00000000eaa80000,0x00000000eaa80000,0x00000000f6680000)
  from space 38400K, 99% used [0x00000000f6680000,0x00000000f8bfad58,0x00000000f8c00000)
  to   space 52736K, 0% used [0x00000000fbf80000,0x00000000fbf80000,0x00000000ff300000)
 ParOldGen       total 141824K, used 117351K [0x00000000c0000000, 0x00000000c8a80000, 0x00000000eaa80000)
  object space 141824K, 82% used [0x00000000c0000000,0x00000000c7299d58,0x00000000c8a80000)
 PSPermGen       total 21504K, used 6016K [0x00000000b5a00000, 0x00000000b6f00000, 0x00000000c0000000)
  object space 21504K, 27% used [0x00000000b5a00000,0x00000000b5fe00f8,0x00000000b6f00000)
}
Event: 11.921 GC heap before
{Heap before GC invocations=16 (full 2):
 PSYoungGen      total 230912K, used 230891K [0x00000000eaa80000, 0x00000000ff300000, 0x0000000100000000)
  eden space 192512K, 100% used [0x00000000eaa80000,0x00000000f6680000,0x00000000f6680000)
  from space 38400K, 99% used [0x00000000f6680000,0x00000000f8bfad58,0x00000000f8c00000)
  to   space 52736K, 0% used [0x00000000fbf80000,0x00000000fbf80000,0x00000000ff300000)
 ParOldGen       total 141824K, used 117351K [0x00000000c0000000, 0x00000000c8a80000, 0x00000000eaa80000)
  object space 141824K, 82% used [0x00000000c0000000,0x00000000c7299d58,0x00000000c8a80000)
 PSPermGen       total 21504K, used 6028K [0x00000000b5a00000, 0x00000000b6f00000, 0x00000000c0000000)
  object space 21504K, 28% used [0x00000000b5a00000,0x00000000b5fe31a8,0x00000000b6f00000)
Event: 12.064 GC heap after
Heap after GC invocations=16 (full 2):
 PSYoungGen      total 283136K, used 31124K [0x00000000eaa80000, 0x00000000ffd80000, 0x0000000100000000)
  eden space 230400K, 0% used [0x00000000eaa80000,0x00000000eaa80000,0x00000000f8b80000)
  from space 52736K, 59% used [0x00000000fbf80000,0x00000000fdde52c8,0x00000000ff300000)
  to   space 53248K, 0% used [0x00000000f8b80000,0x00000000f8b80000,0x00000000fbf80000)
 ParOldGen       total 157696K, used 155982K [0x00000000c0000000, 0x00000000c9a00000, 0x00000000eaa80000)
  object space 157696K, 98% used [0x00000000c0000000,0x00000000c9853a50,0x00000000c9a00000)
 PSPermGen       total 21504K, used 6028K [0x00000000b5a00000, 0x00000000b6f00000, 0x00000000c0000000)
  object space 21504K, 28% used [0x00000000b5a00000,0x00000000b5fe31a8,0x00000000b6f00000)
}
Event: 12.077 GC heap before
{Heap before GC invocations=17 (full 3):
 PSYoungGen      total 283136K, used 31124K [0x00000000eaa80000, 0x00000000ffd80000, 0x0000000100000000)
  eden space 230400K, 0% used [0x00000000eaa80000,0x00000000eaa80000,0x00000000f8b80000)
  from space 52736K, 59% used [0x00000000fbf80000,0x00000000fdde52c8,0x00000000ff300000)
  to   space 53248K, 0% used [0x00000000f8b80000,0x00000000f8b80000,0x00000000fbf80000)
 ParOldGen       total 157696K, used 155982K [0x00000000c0000000, 0x00000000c9a00000, 0x00000000eaa80000)
  object space 157696K, 98% used [0x00000000c0000000,0x00000000c9853a50,0x00000000c9a00000)
 PSPermGen       total 21504K, used 6028K [0x00000000b5a00000, 0x00000000b6f00000, 0x00000000c0000000)
  object space 21504K, 28% used [0x00000000b5a00000,0x00000000b5fe31a8,0x00000000b6f00000)

Deoptimization events (10 events):
Event: 7.571 Thread 0x00007f748800a800 Uncommon trap: reason=class_check action=maybe_recompile pc=0x00007f748528dfc8 method=com.android.dx.ssa.NormalSsaInsn.changeOneSource(ILcom/android/dx/rop/code/RegisterSpec;)V @ 113
Event: 7.571 Thread 0x00007f748800a800 Uncommon trap: reason=bimorphic action=maybe_recompile pc=0x00007f74851523d0 method=com.android.dx.ssa.LiteralOpUpgrader.tryReplacingWithConstant(Lcom/android/dx/ssa/NormalSsaInsn;)Z @ 62
Event: 8.386 Thread 0x00007f748800a800 Uncommon trap: reason=class_check action=maybe_recompile pc=0x00007f748528dfc8 method=com.android.dx.ssa.NormalSsaInsn.changeOneSource(ILcom/android/dx/rop/code/RegisterSpec;)V @ 113
Event: 8.386 Thread 0x00007f748800a800 Uncommon trap: reason=bimorphic action=maybe_recompile pc=0x00007f74851523d0 method=com.android.dx.ssa.LiteralOpUpgrader.tryReplacingWithConstant(Lcom/android/dx/ssa/NormalSsaInsn;)Z @ 62
Event: 8.416 Thread 0x00007f748800a800 Uncommon trap: reason=class_check action=maybe_recompile pc=0x00007f748528dfc8 method=com.android.dx.ssa.NormalSsaInsn.changeOneSource(ILcom/android/dx/rop/code/RegisterSpec;)V @ 113
Event: 8.416 Thread 0x00007f748800a800 Uncommon trap: reason=bimorphic action=maybe_recompile pc=0x00007f74851523d0 method=com.android.dx.ssa.LiteralOpUpgrader.tryReplacingWithConstant(Lcom/android/dx/ssa/NormalSsaInsn;)Z @ 62
Event: 8.428 Thread 0x00007f748800a800 Uncommon trap: reason=bimorphic action=maybe_recompile pc=0x00007f748514c2ac method=com.android.dx.ssa.LiteralOpUpgrader.tryReplacingWithConstant(Lcom/android/dx/ssa/NormalSsaInsn;)Z @ 62
Event: 8.437 Thread 0x00007f748800a800 Uncommon trap: reason=bimorphic action=maybe_recompile pc=0x00007f748514f070 method=com.android.dx.ssa.LiteralOpUpgrader.tryReplacingWithConstant(Lcom/android/dx/ssa/NormalSsaInsn;)Z @ 62
Event: 11.677 Thread 0x00007f748800a800 Uncommon trap: reason=bimorphic action=maybe_recompile pc=0x00007f7485328bb0 method=com.android.dx.cf.code.BytecodeArray.parseInstruction(ILcom/android/dx/cf/code/BytecodeArray$Visitor;)I @ 2554
Event: 11.677 Thread 0x00007f748800a800 Uncommon trap: reason=bimorphic action=maybe_recompile pc=0x00007f7485328bb0 method=com.android.dx.cf.code.BytecodeArray.parseInstruction(ILcom/android/dx/cf/code/BytecodeArray$Visitor;)I @ 2554

Internal exceptions (10 events):
Event: 2.985 Thread 0x00007f748800a800 Threw 0x00000000eaeac400 at /build/buildd/openjdk-7-7u55-2.4.7/build/openjdk/hotspot/src/share/vm/prims/jvm.cpp:1244
Event: 4.163 Thread 0x00007f748800a800 Implicit null exception at 0x00007f748523bc10 to 0x00007f748523d561
Event: 4.189 Thread 0x00007f748800a800 Implicit null exception at 0x00007f7485248069 to 0x00007f748524a4b9
Event: 4.194 Thread 0x00007f748800a800 Threw 0x00000000eb146a50 at /build/buildd/openjdk-7-7u55-2.4.7/build/openjdk/hotspot/src/share/vm/prims/jvm.cpp:1244
Event: 4.471 Thread 0x00007f748800a800 Implicit null exception at 0x00007f748525aef2 to 0x00007f748525b1e9
Event: 5.747 Thread 0x00007f748800a800 Threw 0x00000000ed3cc0a0 at /build/buildd/openjdk-7-7u55-2.4.7/build/openjdk/hotspot/src/share/vm/prims/jvm.cpp:1244
Event: 6.143 Thread 0x00007f748800a800 Implicit null exception at 0x00007f74850c2bc1 to 0x00007f74850c3f91
Event: 6.215 Thread 0x00007f748800a800 Threw 0x00000000f1e3c880 at /build/buildd/openjdk-7-7u55-2.4.7/build/openjdk/hotspot/src/share/vm/prims/jvm.cpp:1244
Event: 6.911 Thread 0x00007f748800a800 Threw 0x00000000f1eac548 at /build/buildd/openjdk-7-7u55-2.4.7/build/openjdk/hotspot/src/share/vm/prims/jvm.cpp:1244
Event: 10.970 Thread 0x00007f748800a800 Threw 0x00000000f3613c00 at /build/buildd/openjdk-7-7u55-2.4.7/build/openjdk/hotspot/src/share/vm/prims/jvm.cpp:1244

Events (10 events):
Event: 11.379 Thread 0x00007f74880a4000 flushing nmethod 0x00007f74852ecad0
Event: 11.379 Thread 0x00007f74880a4000 flushing nmethod 0x00007f74852f6c10
Event: 11.379 Thread 0x00007f74880a4000 flushing nmethod 0x00007f748530a890
Event: 11.677 Thread 0x00007f748800a800 Uncommon trap: trap_request=0xffffffc6 fr.pc=0x00007f7485328bb0
Event: 11.677 Thread 0x00007f748800a800 DEOPT PACKING pc=0x00007f7485328bb0 sp=0x00007f7490af0ed0
Event: 11.677 Thread 0x00007f748800a800 DEOPT UNPACKING pc=0x00007f7485039445 sp=0x00007f7490af0e88 mode 2
Event: 11.677 Thread 0x00007f748800a800 Uncommon trap: trap_request=0xffffffc6 fr.pc=0x00007f7485328bb0
Event: 11.677 Thread 0x00007f748800a800 DEOPT PACKING pc=0x00007f7485328bb0 sp=0x00007f7490af0e10
Event: 11.677 Thread 0x00007f748800a800 DEOPT UNPACKING pc=0x00007f7485039445 sp=0x00007f7490af0dc8 mode 2
Event: 11.921 Executing VM operation: ParallelGCFailedAllocation


Dynamic libraries:
00400000-00401000 r-xp 00000000 08:05 404203                             /usr/lib/jvm/java-7-openjdk-amd64/jre/bin/java
00600000-00601000 r--p 00000000 08:05 404203                             /usr/lib/jvm/java-7-openjdk-amd64/jre/bin/java
00601000-00602000 rw-p 00001000 08:05 404203                             /usr/lib/jvm/java-7-openjdk-amd64/jre/bin/java
007c9000-007ea000 rw-p 00000000 00:00 0                                  [heap]
b5a00000-b6f00000 rw-p 00000000 00:00 0 
b6f00000-c0000000 rw-p 00000000 00:00 0 
c0000000-c9a00000 rw-p 00000000 00:00 0 
cf480000-eaa80000 rw-p 00000000 00:00 0 
eaa80000-ffd80000 rw-p 00000000 00:00 0 
ffd80000-100000000 rw-p 00000000 00:00 0 
7f7444000000-7f7444021000 rw-p 00000000 00:00 0 
7f7444021000-7f7448000000 ---p 00000000 00:00 0 
7f7448000000-7f7448021000 rw-p 00000000 00:00 0 
7f7448021000-7f744c000000 ---p 00000000 00:00 0 
7f744c000000-7f744cdee000 rw-p 00000000 00:00 0 
7f744cdee000-7f7450000000 ---p 00000000 00:00 0 
7f7450000000-7f7451d9c000 rw-p 00000000 00:00 0 
7f7451d9c000-7f7454000000 ---p 00000000 00:00 0 
7f7454000000-7f7454021000 rw-p 00000000 00:00 0 
7f7454021000-7f7458000000 ---p 00000000 00:00 0 
7f7458000000-7f7458021000 rw-p 00000000 00:00 0 
7f7458021000-7f745c000000 ---p 00000000 00:00 0 
7f745c000000-7f745c23d000 rw-p 00000000 00:00 0 
7f745c23d000-7f7460000000 ---p 00000000 00:00 0 
7f7460000000-7f7460021000 rw-p 00000000 00:00 0 
7f7460021000-7f7464000000 ---p 00000000 00:00 0 
7f7464000000-7f7464021000 rw-p 00000000 00:00 0 
7f7464021000-7f7468000000 ---p 00000000 00:00 0 
7f746c000000-7f746c021000 rw-p 00000000 00:00 0 
7f746c021000-7f7470000000 ---p 00000000 00:00 0 
7f7474000000-7f7474021000 rw-p 00000000 00:00 0 
7f7474021000-7f7478000000 ---p 00000000 00:00 0 
7f747bbba000-7f747bbf7000 r-xp 00000000 08:05 1052680                    /lib/x86_64-linux-gnu/libpcre.so.3.13.1
7f747bbf7000-7f747bdf6000 ---p 0003d000 08:05 1052680                    /lib/x86_64-linux-gnu/libpcre.so.3.13.1
7f747bdf6000-7f747bdf7000 r--p 0003c000 08:05 1052680                    /lib/x86_64-linux-gnu/libpcre.so.3.13.1
7f747bdf7000-7f747bdf8000 rw-p 0003d000 08:05 1052680                    /lib/x86_64-linux-gnu/libpcre.so.3.13.1
7f747bdf8000-7f747bdff000 r-xp 00000000 08:05 401716                     /usr/lib/x86_64-linux-gnu/libffi.so.6.0.1
7f747bdff000-7f747bffe000 ---p 00007000 08:05 401716                     /usr/lib/x86_64-linux-gnu/libffi.so.6.0.1
7f747bffe000-7f747bfff000 r--p 00006000 08:05 401716                     /usr/lib/x86_64-linux-gnu/libffi.so.6.0.1
7f747bfff000-7f747c000000 rw-p 00007000 08:05 401716                     /usr/lib/x86_64-linux-gnu/libffi.so.6.0.1
7f747c000000-7f747c021000 rw-p 00000000 00:00 0 
7f747c021000-7f7480000000 ---p 00000000 00:00 0 
7f74800f9000-7f7480110000 r-xp 00000000 08:05 1052703                    /lib/x86_64-linux-gnu/libresolv-2.19.so
7f7480110000-7f7480310000 ---p 00017000 08:05 1052703                    /lib/x86_64-linux-gnu/libresolv-2.19.so
7f7480310000-7f7480311000 r--p 00017000 08:05 1052703                    /lib/x86_64-linux-gnu/libresolv-2.19.so
7f7480311000-7f7480312000 rw-p 00018000 08:05 1052703                    /lib/x86_64-linux-gnu/libresolv-2.19.so
7f7480312000-7f7480314000 rw-p 00000000 00:00 0 
7f7480314000-7f7480334000 r-xp 00000000 08:05 1052568                    /lib/x86_64-linux-gnu/libselinux.so.1
7f7480334000-7f7480533000 ---p 00020000 08:05 1052568                    /lib/x86_64-linux-gnu/libselinux.so.1
7f7480533000-7f7480534000 r--p 0001f000 08:05 1052568                    /lib/x86_64-linux-gnu/libselinux.so.1
7f7480534000-7f7480535000 rw-p 00020000 08:05 1052568                    /lib/x86_64-linux-gnu/libselinux.so.1
7f7480535000-7f7480537000 rw-p 00000000 00:00 0 
7f7480537000-7f748053a000 r-xp 00000000 08:05 401833                     /usr/lib/x86_64-linux-gnu/libgmodule-2.0.so.0.4000.0
7f748053a000-7f7480739000 ---p 00003000 08:05 401833                     /usr/lib/x86_64-linux-gnu/libgmodule-2.0.so.0.4000.0
7f7480739000-7f748073a000 r--p 00002000 08:05 401833                     /usr/lib/x86_64-linux-gnu/libgmodule-2.0.so.0.4000.0
7f748073a000-7f748073b000 rw-p 00003000 08:05 401833                     /usr/lib/x86_64-linux-gnu/libgmodule-2.0.so.0.4000.0
7f748073b000-7f7480841000 r-xp 00000000 08:05 1052608                    /lib/x86_64-linux-gnu/libglib-2.0.so.0.4000.0
7f7480841000-7f7480a40000 ---p 00106000 08:05 1052608                    /lib/x86_64-linux-gnu/libglib-2.0.so.0.4000.0
7f7480a40000-7f7480a41000 r--p 00105000 08:05 1052608                    /lib/x86_64-linux-gnu/libglib-2.0.so.0.4000.0
7f7480a41000-7f7480a42000 rw-p 00106000 08:05 1052608                    /lib/x86_64-linux-gnu/libglib-2.0.so.0.4000.0
7f7480a42000-7f7480a43000 rw-p 00000000 00:00 0 
7f7480a43000-7f7480a92000 r-xp 00000000 08:05 401849                     /usr/lib/x86_64-linux-gnu/libgobject-2.0.so.0.4000.0
7f7480a92000-7f7480c92000 ---p 0004f000 08:05 401849                     /usr/lib/x86_64-linux-gnu/libgobject-2.0.so.0.4000.0
7f7480c92000-7f7480c93000 r--p 0004f000 08:05 401849                     /usr/lib/x86_64-linux-gnu/libgobject-2.0.so.0.4000.0
7f7480c93000-7f7480c94000 rw-p 00050000 08:05 401849                     /usr/lib/x86_64-linux-gnu/libgobject-2.0.so.0.4000.0
7f7480c94000-7f7480dff000 r-xp 00000000 08:05 401819                     /usr/lib/x86_64-linux-gnu/libgio-2.0.so.0.4000.0
7f7480dff000-7f7480fff000 ---p 0016b000 08:05 401819                     /usr/lib/x86_64-linux-gnu/libgio-2.0.so.0.4000.0
7f7480fff000-7f7481003000 r--p 0016b000 08:05 401819                     /usr/lib/x86_64-linux-gnu/libgio-2.0.so.0.4000.0
7f7481003000-7f7481005000 rw-p 0016f000 08:05 401819                     /usr/lib/x86_64-linux-gnu/libgio-2.0.so.0.4000.0
7f7481005000-7f7481007000 rw-p 00000000 00:00 0 
7f7481007000-7f748101d000 r-xp 00000000 08:05 404264                     /usr/lib/jvm/java-7-openjdk-amd64/jre/lib/amd64/libnet.so
7f748101d000-7f748121d000 ---p 00016000 08:05 404264                     /usr/lib/jvm/java-7-openjdk-amd64/jre/lib/amd64/libnet.so
7f748121d000-7f748121e000 r--p 00016000 08:05 404264                     /usr/lib/jvm/java-7-openjdk-amd64/jre/lib/amd64/libnet.so
7f748121e000-7f748121f000 rw-p 00017000 08:05 404264                     /usr/lib/jvm/java-7-openjdk-amd64/jre/lib/amd64/libnet.so
7f748121f000-7f748122f000 r-xp 00000000 08:05 404273                     /usr/lib/jvm/java-7-openjdk-amd64/jre/lib/amd64/libnio.so
7f748122f000-7f748142f000 ---p 00010000 08:05 404273                     /usr/lib/jvm/java-7-openjdk-amd64/jre/lib/amd64/libnio.so
7f748142f000-7f7481430000 r--p 00010000 08:05 404273                     /usr/lib/jvm/java-7-openjdk-amd64/jre/lib/amd64/libnio.so
7f7481430000-7f7481431000 rw-p 00011000 08:05 404273                     /usr/lib/jvm/java-7-openjdk-amd64/jre/lib/amd64/libnio.so
7f7481431000-7f74814df000 r--s 006f6000 08:05 4726308                    /home/sandeep/Desktop/Qwerto/app/build/intermediates/multi-dex/debug/allclasses.jar
7f74814df000-7f74814e0000 ---p 00000000 00:00 0 
7f74814e0000-7f74815e0000 rw-p 00000000 00:00 0                          [stack:8972]
7f74815e0000-7f74815e3000 ---p 00000000 00:00 0 
7f74815e3000-7f74816e1000 rw-p 00000000 00:00 0                          [stack:8971]
7f74816e1000-7f74816e4000 ---p 00000000 00:00 0 
7f74816e4000-7f74817e2000 rw-p 00000000 00:00 0                          [stack:8970]
7f74817e2000-7f74817e5000 ---p 00000000 00:00 0 
7f74817e5000-7f74818e3000 rw-p 00000000 00:00 0                          [stack:8969]
7f74818e3000-7f74818e6000 ---p 00000000 00:00 0 
7f74818e6000-7f74819e4000 rw-p 00000000 00:00 0                          [stack:8968]
7f74819e4000-7f74820c6000 r--p 00000000 08:05 400395                     /usr/lib/locale/locale-archive
7f74820c6000-7f74820c9000 ---p 00000000 00:00 0 
7f74820c9000-7f74821c7000 rw-p 00000000 00:00 0                          [stack:8967]
7f74821c7000-7f74821ca000 ---p 00000000 00:00 0 
7f74821ca000-7f74822c8000 rw-p 00000000 00:00 0                          [stack:8966]
7f74822c8000-7f74822c9000 ---p 00000000 00:00 0 
7f74822c9000-7f7485000000 rw-p 00000000 00:00 0                          [stack:8965]
7f7485000000-7f7485380000 rwxp 00000000 00:00 0 
7f7485380000-7f7488264000 rw-p 00000000 00:00 0 
7f7488264000-7f748c000000 ---p 00000000 00:00 0 
7f748c021000-7f748c052000 rw-p 00000000 00:00 0 
7f748c073000-7f748c969000 rw-p 00000000 00:00 0 
7f748c969000-7f748cb17000 r--s 01cfc000 08:05 404211                     /usr/lib/jvm/java-7-openjdk-amd64/jre/lib/rt.jar
7f748cb17000-7f748ce7b000 rw-p 00000000 00:00 0 
7f748ce7b000-7f748ce7c000 ---p 00000000 00:00 0 
7f748ce7c000-7f748cf7c000 rw-p 00000000 00:00 0                          [stack:8964]
7f748cf7c000-7f748cf7d000 ---p 00000000 00:00 0 
7f748cf7d000-7f748d07d000 rw-p 00000000 00:00 0                          [stack:8963]
7f748d07d000-7f748d07e000 ---p 00000000 00:00 0 
7f748d07e000-7f748d17e000 rw-p 00000000 00:00 0                          [stack:8962]
7f748d17e000-7f748d17f000 ---p 00000000 00:00 0 
7f748d17f000-7f748d28a000 rw-p 00000000 00:00 0                          [stack:8961]
7f748d28a000-7f748d2d2000 rw-p 00000000 00:00 0 
7f748d2d2000-7f748d31f000 rw-p 00000000 00:00 0 
7f748d31f000-7f748d428000 rw-p 00000000 00:00 0 
7f748d428000-7f748d433000 rw-p 00000000 00:00 0 
7f748d433000-7f748d47b000 rw-p 00000000 00:00 0 
7f748d47b000-7f748d4c8000 rw-p 00000000 00:00 0 
7f748d4c8000-7f748d5d0000 rw-p 00000000 00:00 0 
7f748d5d0000-7f748d67a000 rw-p 00000000 00:00 0 
7f748d67a000-7f748d67b000 rw-p 00000000 00:00 0 
7f748d67b000-7f748d67c000 rw-p 00000000 00:00 0 
7f748d67c000-7f748d684000 r-xp 00000000 08:05 404259                     /usr/lib/jvm/java-7-openjdk-amd64/jre/lib/amd64/libzip.so
7f748d684000-7f748d883000 ---p 00008000 08:05 404259                     /usr/lib/jvm/java-7-openjdk-amd64/jre/lib/amd64/libzip.so
7f748d883000-7f748d884000 r--p 00007000 08:05 404259                     /usr/lib/jvm/java-7-openjdk-amd64/jre/lib/amd64/libzip.so
7f748d884000-7f748d885000 rw-p 00008000 08:05 404259                     /usr/lib/jvm/java-7-openjdk-amd64/jre/lib/amd64/libzip.so
7f748d885000-7f748d890000 r-xp 00000000 08:05 1052652                    /lib/x86_64-linux-gnu/libnss_files-2.19.so
7f748d890000-7f748da8f000 ---p 0000b000 08:05 1052652                    /lib/x86_64-linux-gnu/libnss_files-2.19.so
7f748da8f000-7f748da90000 r--p 0000a000 08:05 1052652                    /lib/x86_64-linux-gnu/libnss_files-2.19.so
7f748da90000-7f748da91000 rw-p 0000b000 08:05 1052652                    /lib/x86_64-linux-gnu/libnss_files-2.19.so
7f748da91000-7f748da9c000 r-xp 00000000 08:05 1052662                    /lib/x86_64-linux-gnu/libnss_nis-2.19.so
7f748da9c000-7f748dc9b000 ---p 0000b000 08:05 1052662                    /lib/x86_64-linux-gnu/libnss_nis-2.19.so
7f748dc9b000-7f748dc9c000 r--p 0000a000 08:05 1052662                    /lib/x86_64-linux-gnu/libnss_nis-2.19.so
7f748dc9c000-7f748dc9d000 rw-p 0000b000 08:05 1052662                    /lib/x86_64-linux-gnu/libnss_nis-2.19.so
7f748dc9d000-7f748dcb4000 r-xp 00000000 08:05 1052646                    /lib/x86_64-linux-gnu/libnsl-2.19.so
7f748dcb4000-7f748deb3000 ---p 00017000 08:05 1052646                    /lib/x86_64-linux-gnu/libnsl-2.19.so
7f748deb3000-7f748deb4000 r--p 00016000 08:05 1052646                    /lib/x86_64-linux-gnu/libnsl-2.19.so
7f748deb4000-7f748deb5000 rw-p 00017000 08:05 1052646                    /lib/x86_64-linux-gnu/libnsl-2.19.so
7f748deb5000-7f748deb7000 rw-p 00000000 00:00 0 
7f748deb7000-7f748dec0000 r-xp 00000000 08:05 1052648                    /lib/x86_64-linux-gnu/libnss_compat-2.19.so
7f748dec0000-7f748e0bf000 ---p 00009000 08:05 1052648                    /lib/x86_64-linux-gnu/libnss_compat-2.19.so
7f748e0bf000-7f748e0c0000 r--p 00008000 08:05 1052648                    /lib/x86_64-linux-gnu/libnss_compat-2.19.so
7f748e0c0000-7f748e0c1000 rw-p 00009000 08:05 1052648                    /lib/x86_64-linux-gnu/libnss_compat-2.19.so
7f748e0c1000-7f748e0ec000 r-xp 00000000 08:05 404255                     /usr/lib/jvm/java-7-openjdk-amd64/jre/lib/amd64/libjava.so
7f748e0ec000-7f748e2eb000 ---p 0002b000 08:05 404255                     /usr/lib/jvm/java-7-openjdk-amd64/jre/lib/amd64/libjava.so
7f748e2eb000-7f748e2ec000 r--p 0002a000 08:05 404255                     /usr/lib/jvm/java-7-openjdk-amd64/jre/lib/amd64/libjava.so
7f748e2ec000-7f748e2ee000 rw-p 0002b000 08:05 404255                     /usr/lib/jvm/java-7-openjdk-amd64/jre/lib/amd64/libjava.so
7f748e2ee000-7f748e2fe000 r-xp 00000000 08:05 404288                     /usr/lib/jvm/java-7-openjdk-amd64/jre/lib/amd64/libverify.so
7f748e2fe000-7f748e4fd000 ---p 00010000 08:05 404288                     /usr/lib/jvm/java-7-openjdk-amd64/jre/lib/amd64/libverify.so
7f748e4fd000-7f748e4ff000 r--p 0000f000 08:05 404288                     /usr/lib/jvm/java-7-openjdk-amd64/jre/lib/amd64/libverify.so
7f748e4ff000-7f748e500000 rw-p 00011000 08:05 404288                     /usr/lib/jvm/java-7-openjdk-amd64/jre/lib/amd64/libverify.so
7f748e500000-7f748e507000 r-xp 00000000 08:05 1052705                    /lib/x86_64-linux-gnu/librt-2.19.so
7f748e507000-7f748e706000 ---p 00007000 08:05 1052705                    /lib/x86_64-linux-gnu/librt-2.19.so
7f748e706000-7f748e707000 r--p 00006000 08:05 1052705                    /lib/x86_64-linux-gnu/librt-2.19.so
7f748e707000-7f748e708000 rw-p 00007000 08:05 1052705                    /lib/x86_64-linux-gnu/librt-2.19.so
7f748e708000-7f748e71e000 r-xp 00000000 08:05 1052604                    /lib/x86_64-linux-gnu/libgcc_s.so.1
7f748e71e000-7f748e91d000 ---p 00016000 08:05 1052604                    /lib/x86_64-linux-gnu/libgcc_s.so.1
7f748e91d000-7f748e91e000 rw-p 00015000 08:05 1052604                    /lib/x86_64-linux-gnu/libgcc_s.so.1
7f748e91e000-7f748ea23000 r-xp 00000000 08:05 1052627                    /lib/x86_64-linux-gnu/libm-2.19.so
7f748ea23000-7f748ec22000 ---p 00105000 08:05 1052627                    /lib/x86_64-linux-gnu/libm-2.19.so
7f748ec22000-7f748ec23000 r--p 00104000 08:05 1052627                    /lib/x86_64-linux-gnu/libm-2.19.so
7f748ec23000-7f748ec24000 rw-p 00105000 08:05 1052627                    /lib/x86_64-linux-gnu/libm-2.19.so
7f748ec24000-7f748ed0a000 r-xp 00000000 08:05 397418                     /usr/lib/x86_64-linux-gnu/libstdc++.so.6.0.19
7f748ed0a000-7f748ef09000 ---p 000e6000 08:05 397418                     /usr/lib/x86_64-linux-gnu/libstdc++.so.6.0.19
7f748ef09000-7f748ef11000 r--p 000e5000 08:05 397418                     /usr/lib/x86_64-linux-gnu/libstdc++.so.6.0.19
7f748ef11000-7f748ef13000 rw-p 000ed000 08:05 397418                     /usr/lib/x86_64-linux-gnu/libstdc++.so.6.0.19
7f748ef13000-7f748ef28000 rw-p 00000000 00:00 0 
7f748ef28000-7f748fa09000 r-xp 00000000 08:05 404270                     /usr/lib/jvm/java-7-openjdk-amd64/jre/lib/amd64/server/libjvm.so
7f748fa09000-7f748fc08000 ---p 00ae1000 08:05 404270                     /usr/lib/jvm/java-7-openjdk-amd64/jre/lib/amd64/server/libjvm.so
7f748fc08000-7f748fc9a000 r--p 00ae0000 08:05 404270                     /usr/lib/jvm/java-7-openjdk-amd64/jre/lib/amd64/server/libjvm.so
7f748fc9a000-7f748fcbd000 rw-p 00b72000 08:05 404270                     /usr/lib/jvm/java-7-openjdk-amd64/jre/lib/amd64/server/libjvm.so
7f748fcbd000-7f748fcea000 rw-p 00000000 00:00 0 
7f748fcea000-7f748fd02000 r-xp 00000000 08:05 1052740                    /lib/x86_64-linux-gnu/libz.so.1.2.8
7f748fd02000-7f748ff01000 ---p 00018000 08:05 1052740                    /lib/x86_64-linux-gnu/libz.so.1.2.8
7f748ff01000-7f748ff02000 r--p 00017000 08:05 1052740                    /lib/x86_64-linux-gnu/libz.so.1.2.8
7f748ff02000-7f748ff03000 rw-p 00018000 08:05 1052740                    /lib/x86_64-linux-gnu/libz.so.1.2.8
7f748ff03000-7f748ff1c000 r-xp 00000000 08:05 1052697                    /lib/x86_64-linux-gnu/libpthread-2.19.so
7f748ff1c000-7f749011b000 ---p 00019000 08:05 1052697                    /lib/x86_64-linux-gnu/libpthread-2.19.so
7f749011b000-7f749011c000 r--p 00018000 08:05 1052697                    /lib/x86_64-linux-gnu/libpthread-2.19.so
7f749011c000-7f749011d000 rw-p 00019000 08:05 1052697                    /lib/x86_64-linux-gnu/libpthread-2.19.so
7f749011d000-7f7490121000 rw-p 00000000 00:00 0 
7f7490121000-7f7490124000 r-xp 00000000 08:05 1052594                    /lib/x86_64-linux-gnu/libdl-2.19.so
7f7490124000-7f7490323000 ---p 00003000 08:05 1052594                    /lib/x86_64-linux-gnu/libdl-2.19.so
7f7490323000-7f7490324000 r--p 00002000 08:05 1052594                    /lib/x86_64-linux-gnu/libdl-2.19.so
7f7490324000-7f7490325000 rw-p 00003000 08:05 1052594                    /lib/x86_64-linux-gnu/libdl-2.19.so
7f7490325000-7f74904e1000 r-xp 00000000 08:05 1052577                    /lib/x86_64-linux-gnu/libc-2.19.so
7f74904e1000-7f74906e0000 ---p 001bc000 08:05 1052577                    /lib/x86_64-linux-gnu/libc-2.19.so
7f74906e0000-7f74906e4000 r--p 001bb000 08:05 1052577                    /lib/x86_64-linux-gnu/libc-2.19.so
7f74906e4000-7f74906e6000 rw-p 001bf000 08:05 1052577                    /lib/x86_64-linux-gnu/libc-2.19.so
7f74906e6000-7f74906eb000 rw-p 00000000 00:00 0 
7f74906eb000-7f74906f8000 r-xp 00000000 08:05 404281                     /usr/lib/jvm/java-7-openjdk-amd64/jre/lib/amd64/jli/libjli.so
7f74906f8000-7f74908f7000 ---p 0000d000 08:05 404281                     /usr/lib/jvm/java-7-openjdk-amd64/jre/lib/amd64/jli/libjli.so
7f74908f7000-7f74908f8000 r--p 0000c000 08:05 404281                     /usr/lib/jvm/java-7-openjdk-amd64/jre/lib/amd64/jli/libjli.so
7f74908f8000-7f74908f9000 rw-p 0000d000 08:05 404281                     /usr/lib/jvm/java-7-openjdk-amd64/jre/lib/amd64/jli/libjli.so
7f74908f9000-7f749091c000 r-xp 00000000 08:05 1052553                    /lib/x86_64-linux-gnu/ld-2.19.so
7f7490923000-7f7490932000 r--s 000dd000 08:05 4080337                    /home/sandeep/android-sdks/build-tools/22.0.1/lib/dx.jar
7f7490932000-7f7490940000 rw-p 00000000 00:00 0 
7f7490940000-7f74909f2000 rw-p 00000000 00:00 0 
7f74909f2000-7f74909f5000 ---p 00000000 00:00 0 
7f74909f5000-7f7490af8000 rw-p 00000000 00:00 0                          [stack:8960]
7f7490afb000-7f7490afc000 rw-p 00000000 00:00 0 
7f7490afc000-7f7490afd000 r--s 00002000 08:05 404220                     /usr/lib/jvm/java-7-openjdk-amd64/jre/lib/ext/dnsns.jar
7f7490afd000-7f7490b01000 r--s 0003b000 08:05 404219                     /usr/lib/jvm/java-7-openjdk-amd64/jre/lib/ext/sunpkcs11.jar
7f7490b01000-7f7490b03000 r--s 00012000 08:05 404216                     /usr/lib/jvm/java-7-openjdk-amd64/jre/lib/ext/zipfs.jar
7f7490b03000-7f7490b05000 r--s 00006000 08:05 794704                     /usr/share/java/java-atk-wrapper.jar
7f7490b05000-7f7490b09000 r--s 00085000 08:05 404218                     /usr/lib/jvm/java-7-openjdk-amd64/jre/lib/ext/localedata.jar
7f7490b09000-7f7490b0c000 r--s 00032000 08:05 404217                     /usr/lib/jvm/java-7-openjdk-amd64/jre/lib/ext/sunjce_provider.jar
7f7490b0c000-7f7490b0f000 r--s 0000f000 08:05 404215                     /usr/lib/jvm/java-7-openjdk-amd64/jre/lib/ext/pulse-java.jar
7f7490b0f000-7f7490b17000 rw-s 00000000 08:05 1073304                    /tmp/hsperfdata_sandeep/8956
7f7490b17000-7f7490b18000 rw-p 00000000 00:00 0 
7f7490b18000-7f7490b19000 ---p 00000000 00:00 0 
7f7490b19000-7f7490b1b000 rw-p 00000000 00:00 0 
7f7490b1b000-7f7490b1c000 r--p 00022000 08:05 1052553                    /lib/x86_64-linux-gnu/ld-2.19.so
7f7490b1c000-7f7490b1d000 rw-p 00023000 08:05 1052553                    /lib/x86_64-linux-gnu/ld-2.19.so
7f7490b1d000-7f7490b1e000 rw-p 00000000 00:00 0 
7fff578de000-7fff57900000 rw-p 00000000 00:00 0                          [stack]
7fff579cb000-7fff579cd000 r-xp 00000000 00:00 0                          [vdso]
ffffffffff600000-ffffffffff601000 r-xp 00000000 00:00 0                  [vsyscall]

VM Arguments:
jvm_args: -Xmx1024M -Dfile.encoding=UTF-8 -Duser.country=IN -Duser.language=en -Duser.variant 
java_command: com.android.dx.command.Main --dex --multi-dex --main-dex-list /home/sandeep/Desktop/Qwerto/app/build/intermediates/multi-dex/debug/maindexlist.txt --output /home/sandeep/Desktop/Qwerto/app/build/intermediates/dex/debug /home/sandeep/Desktop/Qwerto/app/build/intermediates/multi-dex/debug/allclasses.jar
Launcher Type: SUN_STANDARD

Environment Variables:
CLASSPATH=./../lib/bootstrap.jar:./../lib/extensions.jar:./../lib/util.jar:./../lib/jdom.jar:./../lib/log4j.jar:./../lib/trove4j.jar:./../lib/jna.jar:/usr/lib/jvm/java-7-openjdk-amd64/lib/tools.jar
PATH=/home/sandeep/android-sdks/platform-tools/:/usr/local/sbin:/usr/local/bin:/usr/sbin:/usr/bin:/sbin:/bin:/usr/games:/usr/local/games
LD_LIBRARY_PATH=.:
SHELL=/bin/bash
DISPLAY=:0

Signal Handlers:
SIGSEGV: [libjvm.so+0x918620], sa_mask[0]=0x7ffbfeff, sa_flags=0x10000004
SIGBUS: [libjvm.so+0x918620], sa_mask[0]=0x7ffbfeff, sa_flags=0x10000004
SIGFPE: [libjvm.so+0x795e30], sa_mask[0]=0x7ffbfeff, sa_flags=0x10000004
SIGPIPE: [libjvm.so+0x795e30], sa_mask[0]=0x7ffbfeff, sa_flags=0x10000004
SIGXFSZ: [libjvm.so+0x795e30], sa_mask[0]=0x7ffbfeff, sa_flags=0x10000004
SIGILL: [libjvm.so+0x795e30], sa_mask[0]=0x7ffbfeff, sa_flags=0x10000004
SIGUSR1: SIG_DFL, sa_mask[0]=0x00000000, sa_flags=0x00000000
SIGUSR2: [libjvm.so+0x795cd0], sa_mask[0]=0x00000004, sa_flags=0x10000004
SIGHUP: [libjvm.so+0x795eb0], sa_mask[0]=0x7ffbfeff, sa_flags=0x10000004
SIGINT: [libjvm.so+0x795eb0], sa_mask[0]=0x7ffbfeff, sa_flags=0x10000004
SIGTERM: [libjvm.so+0x795eb0], sa_mask[0]=0x7ffbfeff, sa_flags=0x10000004
SIGQUIT: [libjvm.so+0x795eb0], sa_mask[0]=0x7ffbfeff, sa_flags=0x10000004


---------------  S Y S T E M  ---------------

OS:Ubuntu 14.04 (trusty)
uname:Linux 3.13.0-30-generic #54-Ubuntu SMP Mon Jun 9 22:45:01 UTC 2014 x86_64
libc:glibc 2.19 NPTL 2.19 
rlimit: STACK 8192k, CORE 0k, NPROC 30722, NOFILE 4096, AS infinity
load average:3.09 1.53 0.99

/proc/meminfo:
MemTotal:        3954024 kB
MemFree:          101216 kB
Buffers:            1128 kB
Cached:           277924 kB
SwapCached:            0 kB
Active:          3405644 kB
Inactive:         272944 kB
Active(anon):    3402120 kB
Inactive(anon):   235072 kB
Active(file):       3524 kB
Inactive(file):    37872 kB
Unevictable:          32 kB
Mlocked:              32 kB
SwapTotal:             0 kB
SwapFree:              0 kB
Dirty:               796 kB
Writeback:             0 kB
AnonPages:       3399864 kB
Mapped:            58636 kB
Shmem:            237360 kB
Slab:              63168 kB
SReclaimable:      28688 kB
SUnreclaim:        34480 kB
KernelStack:        5136 kB
PageTables:        40800 kB
NFS_Unstable:          0 kB
Bounce:                0 kB
WritebackTmp:          0 kB
CommitLimit:     1977012 kB
Committed_AS:    7280176 kB
VmallocTotal:   34359738367 kB
VmallocUsed:      347452 kB
VmallocChunk:   34359380956 kB
HardwareCorrupted:     0 kB
AnonHugePages:   1351680 kB
HugePages_Total:       0
HugePages_Free:        0
HugePages_Rsvd:        0
HugePages_Surp:        0
Hugepagesize:       2048 kB
DirectMap4k:       90792 kB
DirectMap2M:     4009984 kB


CPU:total 4 (2 cores per cpu, 2 threads per core) family 6 model 42 stepping 7, cmov, cx8, fxsr, mmx, sse, sse2, sse3, ssse3, sse4.1, sse4.2, popcnt, avx, aes, ht, tsc, tscinvbit

/proc/cpuinfo:
processor	: 0
vendor_id	: GenuineIntel
cpu family	: 6
model		: 42
model name	: Intel(R) Core(TM) i5-2450M CPU @ 2.50GHz
stepping	: 7
microcode	: 0x1b
cpu MHz		: 800.000
cache size	: 3072 KB
physical id	: 0
siblings	: 4
core id		: 0
cpu cores	: 2
apicid		: 0
initial apicid	: 0
fpu		: yes
fpu_exception	: yes
cpuid level	: 13
wp		: yes
flags		: fpu vme de pse tsc msr pae mce cx8 apic sep mtrr pge mca cmov pat pse36 clflush dts acpi mmx fxsr sse sse2 ss ht tm pbe syscall nx rdtscp lm constant_tsc arch_perfmon pebs bts rep_good nopl xtopology nonstop_tsc aperfmperf eagerfpu pni pclmulqdq dtes64 monitor ds_cpl vmx est tm2 ssse3 cx16 xtpr pdcm pcid sse4_1 sse4_2 x2apic popcnt tsc_deadline_timer aes xsave avx lahf_lm ida arat epb xsaveopt pln pts dtherm tpr_shadow vnmi flexpriority ept vpid
bogomips	: 4988.51
clflush size	: 64
cache_alignment	: 64
address sizes	: 36 bits physical, 48 bits virtual
power management:

processor	: 1
vendor_id	: GenuineIntel
cpu family	: 6
model		: 42
model name	: Intel(R) Core(TM) i5-2450M CPU @ 2.50GHz
stepping	: 7
microcode	: 0x1b
cpu MHz		: 2501.000
cache size	: 3072 KB
physical id	: 0
siblings	: 4
core id		: 1
cpu cores	: 2
apicid		: 2
initial apicid	: 2
fpu		: yes
fpu_exception	: yes
cpuid level	: 13
wp		: yes
flags		: fpu vme de pse tsc msr pae mce cx8 apic sep mtrr pge mca cmov pat pse36 clflush dts acpi mmx fxsr sse sse2 ss ht tm pbe syscall nx rdtscp lm constant_tsc arch_perfmon pebs bts rep_good nopl xtopology nonstop_tsc aperfmperf eagerfpu pni pclmulqdq dtes64 monitor ds_cpl vmx est tm2 ssse3 cx16 xtpr pdcm pcid sse4_1 sse4_2 x2apic popcnt tsc_deadline_timer aes xsave avx lahf_lm ida arat epb xsaveopt pln pts dtherm tpr_shadow vnmi flexpriority ept vpid
bogomips	: 4988.51
clflush size	: 64
cache_alignment	: 64
address sizes	: 36 bits physical, 48 bits virtual
power management:

processor	: 2
vendor_id	: GenuineIntel
cpu family	: 6
model		: 42
model name	: Intel(R) Core(TM) i5-2450M CPU @ 2.50GHz
stepping	: 7
microcode	: 0x1b
cpu MHz		: 800.000
cache size	: 3072 KB
physical id	: 0
siblings	: 4
core id		: 0
cpu cores	: 2
apicid		: 1
initial apicid	: 1
fpu		: yes
fpu_exception	: yes
cpuid level	: 13
wp		: yes
flags		: fpu vme de pse tsc msr pae mce cx8 apic sep mtrr pge mca cmov pat pse36 clflush dts acpi mmx fxsr sse sse2 ss ht tm pbe syscall nx rdtscp lm constant_tsc arch_perfmon pebs bts rep_good nopl xtopology nonstop_tsc aperfmperf eagerfpu pni pclmulqdq dtes64 monitor ds_cpl vmx est tm2 ssse3 cx16 xtpr pdcm pcid sse4_1 sse4_2 x2apic popcnt tsc_deadline_timer aes xsave avx lahf_lm ida arat epb xsaveopt pln pts dtherm tpr_shadow vnmi flexpriority ept vpid
bogomips	: 4988.51
clflush size	: 64
cache_alignment	: 64
address sizes	: 36 bits physical, 48 bits virtual
power management:

processor	: 3
vendor_id	: GenuineIntel
cpu family	: 6
model		: 42
model name	: Intel(R) Core(TM) i5-2450M CPU @ 2.50GHz
stepping	: 7
microcode	: 0x1b
cpu MHz		: 2500.000
cache size	: 3072 KB
physical id	: 0
siblings	: 4
core id		: 1
cpu cores	: 2
apicid		: 3
initial apicid	: 3
fpu		: yes
fpu_exception	: yes
cpuid level	: 13
wp		: yes
flags		: fpu vme de pse tsc msr pae mce cx8 apic sep mtrr pge mca cmov pat pse36 clflush dts acpi mmx fxsr sse sse2 ss ht tm pbe syscall nx rdtscp lm constant_tsc arch_perfmon pebs bts rep_good nopl xtopology nonstop_tsc aperfmperf eagerfpu pni pclmulqdq dtes64 monitor ds_cpl vmx est tm2 ssse3 cx16 xtpr pdcm pcid sse4_1 sse4_2 x2apic popcnt tsc_deadline_timer aes xsave avx lahf_lm ida arat epb xsaveopt pln pts dtherm tpr_shadow vnmi flexpriority ept vpid
bogomips	: 4988.51
clflush size	: 64
cache_alignment	: 64
address sizes	: 36 bits physical, 48 bits virtual
power management:



Memory: 4k page, physical 3954024k(101216k free), swap 0k(0k free)

vm_info: OpenJDK 64-Bit Server VM (24.51-b03) for linux-amd64 JRE (1.7.0_55-b14), built on Apr 17 2014 20:08:07 by "buildd" with gcc 4.8.2

time: Tue Aug 25 22:34:37 2015
elapsed time: 23 seconds

