#
# There is insufficient memory for the Java Runtime Environment to continue.
# Native memory allocation (malloc) failed to allocate 139984896 bytes for committing reserved memory.
# Possible reasons:
#   The system is out of physical RAM or swap space
#   In 32 bit mode, the process size limit was hit
# Possible solutions:
#   Reduce memory load on the system
#   Increase physical memory or swap space
#   Check if swap backing store is full
#   Use 64 bit Java on a 64 bit OS
#   Decrease Java heap size (-Xmx/-Xms)
#   Decrease number of Java threads
#   Decrease Java thread stack sizes (-Xss)
#   Set larger code cache with -XX:ReservedCodeCacheSize=
# This output file may be truncated or incomplete.
#
#  Out of Memory Error (os_linux.cpp:2769), pid=5780, tid=140315789735680
#
# JRE version: OpenJDK Runtime Environment (7.0_55-b14) (build 1.7.0_55-b14)
# Java VM: OpenJDK 64-Bit Server VM (24.51-b03 mixed mode linux-amd64 compressed oops)
# Failed to write core dump. Core dumps have been disabled. To enable core dumping, try "ulimit -c unlimited" before starting Java again
#

---------------  T H R E A D  ---------------

Current thread (0x00007f9dcc075800):  VMThread [stack: 0x00007f9dd0bdb000,0x00007f9dd0cdc000] [id=5790]

Stack: [0x00007f9dd0bdb000,0x00007f9dd0cdc000],  sp=0x00007f9dd0cda470,  free space=1021k
Native frames: (J=compiled Java code, j=interpreted, Vv=VM code, C=native code)
V  [libjvm.so+0x917b35]  VMError::report_and_die()+0x175
V  [libjvm.so+0x468144]  report_vm_out_of_memory(char const*, int, unsigned long, char const*)+0x74
V  [libjvm.so+0x79a81b]  os::pd_commit_memory(char*, unsigned long, unsigned long, bool)+0x20b
V  [libjvm.so+0x7950df]  os::commit_memory(char*, unsigned long, unsigned long, bool)+0x1f
V  [libjvm.so+0x8053cb]  PSVirtualSpace::expand_by(unsigned long)+0x5b
V  [libjvm.so+0x7f519b]  PSOldGen::expand_by(unsigned long) [clone .part.80]+0x1b
V  [libjvm.so+0x7f535b]  PSOldGen::expand(unsigned long) [clone .part.81]+0xdb
V  [libjvm.so+0x7f6288]  PSOldGen::resize(unsigned long)+0x188
V  [libjvm.so+0x7fd2e3]  PSParallelCompact::invoke_no_policy(bool)+0x9c3
V  [libjvm.so+0x80350d]  PSScavenge::invoke()+0x17d
V  [libjvm.so+0x7b9b33]  ParallelScavengeHeap::failed_mem_allocate(unsigned long)+0x63
V  [libjvm.so+0x919544]  VM_ParallelGCFailedAllocation::doit()+0x84
V  [libjvm.so+0x91d9e7]  VM_Operation::evaluate()+0x47
V  [libjvm.so+0x91c3b8]  VMThread::evaluate_operation(VM_Operation*)+0x318
V  [libjvm.so+0x91c819]  VMThread::loop()+0x219
V  [libjvm.so+0x91cc62]  VMThread::run()+0x72
V  [libjvm.so+0x7974e2]  java_start(Thread*)+0xf2

VM_Operation (0x00007f9dd5e60e90): ParallelGCFailedAllocation, mode: safepoint, requested by thread 0x00007f9dcc00a800


---------------  P R O C E S S  ---------------

Java Threads: ( => current thread )
  0x00007f9dcc0a6000 JavaThread "Service Thread" daemon [_thread_blocked, id=5796, stack(0x00007f9dc8dfe000,0x00007f9dc8eff000)]
  0x00007f9dcc0a4000 JavaThread "C2 CompilerThread1" daemon [_thread_blocked, id=5795, stack(0x00007f9dc8eff000,0x00007f9dc9000000)]
  0x00007f9dcc0a1000 JavaThread "C2 CompilerThread0" daemon [_thread_blocked, id=5794, stack(0x00007f9dd00f5000,0x00007f9dd01f6000)]
  0x00007f9dcc09e800 JavaThread "Signal Dispatcher" daemon [_thread_blocked, id=5793, stack(0x00007f9dd01f6000,0x00007f9dd02f7000)]
  0x00007f9dcc07c000 JavaThread "Finalizer" daemon [_thread_blocked, id=5792, stack(0x00007f9dd09d9000,0x00007f9dd0ada000)]
  0x00007f9dcc07a000 JavaThread "Reference Handler" daemon [_thread_blocked, id=5791, stack(0x00007f9dd0ada000,0x00007f9dd0bdb000)]
  0x00007f9dcc00a800 JavaThread "main" [_thread_blocked, id=5785, stack(0x00007f9dd5d62000,0x00007f9dd5e63000)]

Other Threads:
=>0x00007f9dcc075800 VMThread [stack: 0x00007f9dd0bdb000,0x00007f9dd0cdc000] [id=5790]
  0x00007f9dcc0b1000 WatcherThread [stack: 0x00007f9dc8cfd000,0x00007f9dc8dfe000] [id=5797]

VM state:at safepoint (normal execution)

VM Mutex/Monitor currently owned by a thread:  ([mutex/lock_event])
[0x00007f9dcc006430] ExpandHeap_lock - owner thread: 0x00007f9dcc075800
[0x00007f9dcc006ab0] Threads_lock - owner thread: 0x00007f9dcc075800
[0x00007f9dcc006fb0] Heap_lock - owner thread: 0x00007f9dcc00a800

Heap
 PSYoungGen      total 229376K, used 0K [0x00000000eaa80000, 0x00000000ffc00000, 0x0000000100000000)
  eden space 117248K, 0% used [0x00000000eaa80000,0x00000000eaa80000,0x00000000f1d00000)
  from space 112128K, 0% used [0x00000000f8e80000,0x00000000f8e80000,0x00000000ffc00000)
  to   space 114176K, 0% used [0x00000000f1d00000,0x00000000f1d00000,0x00000000f8c80000)
 ParOldGen       total 338944K, used 333779K [0x00000000c0000000, 0x00000000d4b00000, 0x00000000eaa80000)
  object space 338944K, 98% used [0x00000000c0000000,0x00000000d45f4db8,0x00000000d4b00000)
 PSPermGen       total 21504K, used 6106K [0x00000000b5a00000, 0x00000000b6f00000, 0x00000000c0000000)
  object space 21504K, 28% used [0x00000000b5a00000,0x00000000b5ff6908,0x00000000b6f00000)

Card table byte_map: [0x00007f9dd2798000,0x00007f9dd29ec000] byte_map_base: 0x00007f9dd21eb000

Polling page: 0x00007f9dd5e88000

Code Cache  [0x00007f9dc9000000, 0x00007f9dc9390000, 0x00007f9dcc000000)
 total_blobs=1247 nmethods=1020 adapters=180 free_code_cache=45630Kb largest_free_block=46650112

Compilation events (10 events):
Event: 16.239 Thread 0x00007f9dcc0a1000 1050             java.util.Arrays::copyOf (19 bytes)
Event: 16.240 Thread 0x00007f9dcc0a1000 nmethod 1050 0x00007f9dc930ac50 code [0x00007f9dc930ada0, 0x00007f9dc930af78]
Event: 16.298 Thread 0x00007f9dcc0a4000 1051             com.android.dx.cf.direct.DirectClassFile$DcfTypeList::size (5 bytes)
Event: 16.298 Thread 0x00007f9dcc0a4000 nmethod 1051 0x00007f9dc9303150 code [0x00007f9dc9303280, 0x00007f9dc93032d8]
Event: 16.319 Thread 0x00007f9dcc0a1000 1052             com.android.dx.ssa.back.FirstFitLocalCombiningAllocator::fitPlanForRange (250 bytes)
Event: 16.357 Thread 0x00007f9dcc0a4000 1053             com.android.dx.dex.file.DexFile::getFieldIds (5 bytes)
Event: 16.358 Thread 0x00007f9dcc0a4000 nmethod 1053 0x00007f9dc930aa50 code [0x00007f9dc930ab80, 0x00007f9dc930abd8]
Event: 16.363 Thread 0x00007f9dcc0a1000 nmethod 1052 0x00007f9dc937e8d0 code [0x00007f9dc937ebe0, 0x00007f9dc93803d0]
Event: 16.400 Thread 0x00007f9dcc0a4000 1054             com.android.dx.cf.code.SwitchList::removeSuperfluousDefaults (149 bytes)
Event: 16.407 Thread 0x00007f9dcc0a4000 nmethod 1054 0x00007f9dc9303d10 code [0x00007f9dc9303ec0, 0x00007f9dc9304528]

GC Heap History (10 events):
Event: 14.255 GC heap after
Heap after GC invocations=20 (full 3):
 PSYoungGen      total 255488K, used 86948K [0x00000000eaa80000, 0x0000000100000000, 0x0000000100000000)
  eden space 168448K, 0% used [0x00000000eaa80000,0x00000000eaa80000,0x00000000f4f00000)
  from space 87040K, 99% used [0x00000000f4f00000,0x00000000fa3e90c8,0x00000000fa400000)
  to   space 94208K, 0% used [0x00000000fa400000,0x00000000fa400000,0x0000000100000000)
 ParOldGen       total 225792K, used 188839K [0x00000000c0000000, 0x00000000cdc80000, 0x00000000eaa80000)
  object space 225792K, 83% used [0x00000000c0000000,0x00000000cb869e70,0x00000000cdc80000)
 PSPermGen       total 21504K, used 6050K [0x00000000b5a00000, 0x00000000b6f00000, 0x00000000c0000000)
  object space 21504K, 28% used [0x00000000b5a00000,0x00000000b5fe8820,0x00000000b6f00000)
}
Event: 14.680 GC heap before
{Heap before GC invocations=21 (full 3):
 PSYoungGen      total 255488K, used 255396K [0x00000000eaa80000, 0x0000000100000000, 0x0000000100000000)
  eden space 168448K, 100% used [0x00000000eaa80000,0x00000000f4f00000,0x00000000f4f00000)
  from space 87040K, 99% used [0x00000000f4f00000,0x00000000fa3e90c8,0x00000000fa400000)
  to   space 94208K, 0% used [0x00000000fa400000,0x00000000fa400000,0x0000000100000000)
 ParOldGen       total 225792K, used 188839K [0x00000000c0000000, 0x00000000cdc80000, 0x00000000eaa80000)
  object space 225792K, 83% used [0x00000000c0000000,0x00000000cb869e70,0x00000000cdc80000)
 PSPermGen       total 21504K, used 6087K [0x00000000b5a00000, 0x00000000b6f00000, 0x00000000c0000000)
  object space 21504K, 28% used [0x00000000b5a00000,0x00000000b5ff1d10,0x00000000b6f00000)
Event: 14.783 GC heap after
Heap after GC invocations=21 (full 3):
 PSYoungGen      total 211456K, used 94202K [0x00000000eaa80000, 0x0000000100000000, 0x0000000100000000)
  eden space 117248K, 0% used [0x00000000eaa80000,0x00000000eaa80000,0x00000000f1d00000)
  from space 94208K, 99% used [0x00000000fa400000,0x00000000ffffe8b8,0x0000000100000000)
  to   space 116224K, 0% used [0x00000000f1d00000,0x00000000f1d00000,0x00000000f8e80000)
 ParOldGen       total 225792K, used 206967K [0x00000000c0000000, 0x00000000cdc80000, 0x00000000eaa80000)
  object space 225792K, 91% used [0x00000000c0000000,0x00000000cca1dd48,0x00000000cdc80000)
 PSPermGen       total 21504K, used 6087K [0x00000000b5a00000, 0x00000000b6f00000, 0x00000000c0000000)
  object space 21504K, 28% used [0x00000000b5a00000,0x00000000b5ff1d10,0x00000000b6f00000)
}
Event: 14.783 GC heap before
{Heap before GC invocations=22 (full 4):
 PSYoungGen      total 211456K, used 94202K [0x00000000eaa80000, 0x0000000100000000, 0x0000000100000000)
  eden space 117248K, 0% used [0x00000000eaa80000,0x00000000eaa80000,0x00000000f1d00000)
  from space 94208K, 99% used [0x00000000fa400000,0x00000000ffffe8b8,0x0000000100000000)
  to   space 116224K, 0% used [0x00000000f1d00000,0x00000000f1d00000,0x00000000f8e80000)
 ParOldGen       total 225792K, used 206967K [0x00000000c0000000, 0x00000000cdc80000, 0x00000000eaa80000)
  object space 225792K, 91% used [0x00000000c0000000,0x00000000cca1dd48,0x00000000cdc80000)
 PSPermGen       total 21504K, used 6087K [0x00000000b5a00000, 0x00000000b6f00000, 0x00000000c0000000)
  object space 21504K, 28% used [0x00000000b5a00000,0x00000000b5ff1d10,0x00000000b6f00000)
Event: 15.735 GC heap after
Heap after GC invocations=22 (full 4):
 PSYoungGen      total 211456K, used 72482K [0x00000000eaa80000, 0x0000000100000000, 0x0000000100000000)
  eden space 117248K, 0% used [0x00000000eaa80000,0x00000000eaa80000,0x00000000f1d00000)
  from space 94208K, 76% used [0x00000000fa400000,0x00000000feac8868,0x0000000100000000)
  to   space 116224K, 0% used [0x00000000f1d00000,0x00000000f1d00000,0x00000000f8e80000)
 ParOldGen       total 338944K, used 225692K [0x00000000c0000000, 0x00000000d4b00000, 0x00000000eaa80000)
  object space 338944K, 66% used [0x00000000c0000000,0x00000000cdc67218,0x00000000d4b00000)
 PSPermGen       total 21504K, used 6087K [0x00000000b5a00000, 0x00000000b6f00000, 0x00000000c0000000)
  object space 21504K, 28% used [0x00000000b5a00000,0x00000000b5ff1cf0,0x00000000b6f00000)
}
Event: 16.027 GC heap before
{Heap before GC invocations=23 (full 4):
 PSYoungGen      total 211456K, used 189730K [0x00000000eaa80000, 0x0000000100000000, 0x0000000100000000)
  eden space 117248K, 100% used [0x00000000eaa80000,0x00000000f1d00000,0x00000000f1d00000)
  from space 94208K, 76% used [0x00000000fa400000,0x00000000feac8868,0x0000000100000000)
  to   space 116224K, 0% used [0x00000000f1d00000,0x00000000f1d00000,0x00000000f8e80000)
 ParOldGen       total 338944K, used 225692K [0x00000000c0000000, 0x00000000d4b00000, 0x00000000eaa80000)
  object space 338944K, 66% used [0x00000000c0000000,0x00000000cdc67218,0x00000000d4b00000)
 PSPermGen       total 21504K, used 6099K [0x00000000b5a00000, 0x00000000b6f00000, 0x00000000c0000000)
  object space 21504K, 28% used [0x00000000b5a00000,0x00000000b5ff4c58,0x00000000b6f00000)
Event: 16.172 GC heap after
Heap after GC invocations=23 (full 4):
 PSYoungGen      total 233472K, used 55064K [0x00000000eaa80000, 0x0000000100000000, 0x0000000100000000)
  eden space 117248K, 0% used [0x00000000eaa80000,0x00000000eaa80000,0x00000000f1d00000)
  from space 116224K, 47% used [0x00000000f1d00000,0x00000000f52c6320,0x00000000f8e80000)
  to   space 116224K, 0% used [0x00000000f8e80000,0x00000000f8e80000,0x0000000100000000)
 ParOldGen       total 338944K, used 260420K [0x00000000c0000000, 0x00000000d4b00000, 0x00000000eaa80000)
  object space 338944K, 76% used [0x00000000c0000000,0x00000000cfe51338,0x00000000d4b00000)
 PSPermGen       total 21504K, used 6099K [0x00000000b5a00000, 0x00000000b6f00000, 0x00000000c0000000)
  object space 21504K, 28% used [0x00000000b5a00000,0x00000000b5ff4c58,0x00000000b6f00000)
}
Event: 16.463 GC heap before
{Heap before GC invocations=24 (full 4):
 PSYoungGen      total 233472K, used 172312K [0x00000000eaa80000, 0x0000000100000000, 0x0000000100000000)
  eden space 117248K, 100% used [0x00000000eaa80000,0x00000000f1d00000,0x00000000f1d00000)
  from space 116224K, 47% used [0x00000000f1d00000,0x00000000f52c6320,0x00000000f8e80000)
  to   space 116224K, 0% used [0x00000000f8e80000,0x00000000f8e80000,0x0000000100000000)
 ParOldGen       total 338944K, used 260420K [0x00000000c0000000, 0x00000000d4b00000, 0x00000000eaa80000)
  object space 338944K, 76% used [0x00000000c0000000,0x00000000cfe51338,0x00000000d4b00000)
 PSPermGen       total 21504K, used 6106K [0x00000000b5a00000, 0x00000000b6f00000, 0x00000000c0000000)
  object space 21504K, 28% used [0x00000000b5a00000,0x00000000b5ff6928,0x00000000b6f00000)
Event: 16.944 GC heap after
Heap after GC invocations=24 (full 4):
 PSYoungGen      total 229376K, used 38082K [0x00000000eaa80000, 0x00000000ffc00000, 0x0000000100000000)
  eden space 117248K, 0% used [0x00000000eaa80000,0x00000000eaa80000,0x00000000f1d00000)
  from space 112128K, 33% used [0x00000000f8e80000,0x00000000fb3b0bc0,0x00000000ffc00000)
  to   space 114176K, 0% used [0x00000000f1d00000,0x00000000f1d00000,0x00000000f8c80000)
 ParOldGen       total 338944K, used 298807K [0x00000000c0000000, 0x00000000d4b00000, 0x00000000eaa80000)
  object space 338944K, 88% used [0x00000000c0000000,0x00000000d23cdc98,0x00000000d4b00000)
 PSPermGen       total 21504K, used 6106K [0x00000000b5a00000, 0x00000000b6f00000, 0x00000000c0000000)
  object space 21504K, 28% used [0x00000000b5a00000,0x00000000b5ff6928,0x00000000b6f00000)
}
Event: 16.944 GC heap before
{Heap before GC invocations=25 (full 5):
 PSYoungGen      total 229376K, used 38082K [0x00000000eaa80000, 0x00000000ffc00000, 0x0000000100000000)
  eden space 117248K, 0% used [0x00000000eaa80000,0x00000000eaa80000,0x00000000f1d00000)
  from space 112128K, 33% used [0x00000000f8e80000,0x00000000fb3b0bc0,0x00000000ffc00000)
  to   space 114176K, 0% used [0x00000000f1d00000,0x00000000f1d00000,0x00000000f8c80000)
 ParOldGen       total 338944K, used 298807K [0x00000000c0000000, 0x00000000d4b00000, 0x00000000eaa80000)
  object space 338944K, 88% used [0x00000000c0000000,0x00000000d23cdc98,0x00000000d4b00000)
 PSPermGen       total 21504K, used 6106K [0x00000000b5a00000, 0x00000000b6f00000, 0x00000000c0000000)
  object space 21504K, 28% used [0x00000000b5a00000,0x00000000b5ff6928,0x00000000b6f00000)

Deoptimization events (10 events):
Event: 12.859 Thread 0x00007f9dcc00a800 Uncommon trap: reason=range_check action=make_not_entrant pc=0x00007f9dc927a520 method=java.util.DualPivotQuicksort.sort([IIIZ)V @ 56
Event: 13.022 Thread 0x00007f9dcc00a800 Uncommon trap: reason=null_check action=make_not_entrant pc=0x00007f9dc93147a8 method=com.android.dx.cf.iface.StdField.getConstantValue()Lcom/android/dx/rop/cst/TypedConstant; @ 13
Event: 13.210 Thread 0x00007f9dcc00a800 Uncommon trap: reason=unreached action=reinterpret pc=0x00007f9dc932c2b4 method=com.android.dx.cf.direct.StdAttributeFactory.parse0(Lcom/android/dx/cf/direct/DirectClassFile;ILjava/lang/String;IILcom/android/dx/cf/iface/ParseObserver;)Lcom/android/dx/cf/i
Event: 13.412 Thread 0x00007f9dcc00a800 Uncommon trap: reason=class_check action=maybe_recompile pc=0x00007f9dc9187aa0 method=com.android.dx.ssa.SCCP.replaceConstants()V @ 182
Event: 13.414 Thread 0x00007f9dcc00a800 Uncommon trap: reason=class_check action=maybe_recompile pc=0x00007f9dc9187aa0 method=com.android.dx.ssa.SCCP.replaceConstants()V @ 182
Event: 14.348 Thread 0x00007f9dcc00a800 Uncommon trap: reason=null_check action=make_not_entrant pc=0x00007f9dc92ebe84 method=com.android.dx.cf.direct.StdAttributeFactory.enclosingMethod(Lcom/android/dx/cf/direct/DirectClassFile;IILcom/android/dx/cf/iface/ParseObserver;)Lcom/android/dx/cf/iface
Event: 15.880 Thread 0x00007f9dcc00a800 Uncommon trap: reason=predicate action=maybe_recompile pc=0x00007f9dc9164f98 method=com.android.dx.ssa.DomFront.run()[Lcom/android/dx/ssa/DomFront$DomInfo; @ 175
Event: 15.880 Thread 0x00007f9dcc00a800 Uncommon trap: reason=unloaded action=reinterpret pc=0x00007f9dc916feec method=com.android.dx.ssa.SetFactory.makeDomFrontSet(I)Lcom/android/dx/util/IntSet; @ 18
Event: 15.882 Thread 0x00007f9dcc00a800 Uncommon trap: reason=class_check action=maybe_recompile pc=0x00007f9dc911cdb4 method=com.android.dx.ssa.DomFront.calcDomFronts()V @ 101
Event: 15.885 Thread 0x00007f9dcc00a800 Uncommon trap: reason=class_check action=maybe_recompile pc=0x00007f9dc90ad414 method=com.android.dx.ssa.SsaConverter.placePhiFunctions(Lcom/android/dx/ssa/SsaMethod;Lcom/android/dx/ssa/LocalVariableInfo;I)V @ 257

Internal exceptions (10 events):
Event: 4.209 Thread 0x00007f9dcc00a800 Implicit null exception at 0x00007f9dc9249fb5 to 0x00007f9dc924c3b1
Event: 5.707 Thread 0x00007f9dcc00a800 Threw 0x00000000ecf05a28 at /build/buildd/openjdk-7-7u55-2.4.7/build/openjdk/hotspot/src/share/vm/prims/jvm.cpp:1244
Event: 5.974 Thread 0x00007f9dcc00a800 Implicit null exception at 0x00007f9dc90c1ef9 to 0x00007f9dc90c3259
Event: 6.040 Thread 0x00007f9dcc00a800 Threw 0x00000000f0f64e38 at /build/buildd/openjdk-7-7u55-2.4.7/build/openjdk/hotspot/src/share/vm/prims/jvm.cpp:1244
Event: 6.650 Thread 0x00007f9dcc00a800 Threw 0x00000000f0cca328 at /build/buildd/openjdk-7-7u55-2.4.7/build/openjdk/hotspot/src/share/vm/prims/jvm.cpp:1244
Event: 8.739 Thread 0x00007f9dcc00a800 Threw 0x00000000f278d228 at /build/buildd/openjdk-7-7u55-2.4.7/build/openjdk/hotspot/src/share/vm/prims/jvm.cpp:1244
Event: 13.022 Thread 0x00007f9dcc00a800 Implicit null exception at 0x00007f9dc9313501 to 0x00007f9dc9314785
Event: 14.348 Thread 0x00007f9dcc00a800 Implicit null exception at 0x00007f9dc92ea5f7 to 0x00007f9dc92ebe75
Event: 15.881 Thread 0x00007f9dcc00a800 Threw 0x00000000ee7b8860 at /build/buildd/openjdk-7-7u55-2.4.7/build/openjdk/hotspot/src/share/vm/prims/jvm.cpp:1244
Event: 15.885 Thread 0x00007f9dcc00a800 Threw 0x00000000ee7fedb0 at /build/buildd/openjdk-7-7u55-2.4.7/build/openjdk/hotspot/src/share/vm/prims/jvm.cpp:1244

Events (10 events):
Event: 15.882 Thread 0x00007f9dcc00a800 DEOPT PACKING pc=0x00007f9dc911cdb4 sp=0x00007f9dd5e60f80
Event: 15.882 Thread 0x00007f9dcc00a800 DEOPT UNPACKING pc=0x00007f9dc9039445 sp=0x00007f9dd5e60f40 mode 2
Event: 15.885 Thread 0x00007f9dcc00a800 Uncommon trap: trap_request=0xffffffde fr.pc=0x00007f9dc90ad414
Event: 15.885 Thread 0x00007f9dcc00a800 DEOPT PACKING pc=0x00007f9dc90ad414 sp=0x00007f9dd5e61080
Event: 15.885 Thread 0x00007f9dcc00a800 DEOPT UNPACKING pc=0x00007f9dc9039445 sp=0x00007f9dd5e61018 mode 2
Event: 15.885 loading class 0x00007f9dcc20d980
Event: 15.885 loading class 0x00007f9dcc20d980 done
Event: 16.027 Executing VM operation: ParallelGCFailedAllocation
Event: 16.172 Executing VM operation: ParallelGCFailedAllocation done
Event: 16.463 Executing VM operation: ParallelGCFailedAllocation


Dynamic libraries:
00400000-00401000 r-xp 00000000 08:05 404203                             /usr/lib/jvm/java-7-openjdk-amd64/jre/bin/java
00600000-00601000 r--p 00000000 08:05 404203                             /usr/lib/jvm/java-7-openjdk-amd64/jre/bin/java
00601000-00602000 rw-p 00001000 08:05 404203                             /usr/lib/jvm/java-7-openjdk-amd64/jre/bin/java
010e9000-0110a000 rw-p 00000000 00:00 0                                  [heap]
b5a00000-b6f00000 rw-p 00000000 00:00 0 
b6f00000-c0000000 rw-p 00000000 00:00 0 
c0000000-d4b00000 rw-p 00000000 00:00 0 
dd080000-eaa80000 rw-p 00000000 00:00 0 
eaa80000-ffc00000 rw-p 00000000 00:00 0 
ffc00000-100000000 ---p 00000000 00:00 0 
7f9d94000000-7f9d94021000 rw-p 00000000 00:00 0 
7f9d94021000-7f9d98000000 ---p 00000000 00:00 0 
7f9d98000000-7f9d98021000 rw-p 00000000 00:00 0 
7f9d98021000-7f9d9c000000 ---p 00000000 00:00 0 
7f9d9c000000-7f9d9d047000 rw-p 00000000 00:00 0 
7f9d9d047000-7f9da0000000 ---p 00000000 00:00 0 
7f9da0000000-7f9da1d44000 rw-p 00000000 00:00 0 
7f9da1d44000-7f9da4000000 ---p 00000000 00:00 0 
7f9da4000000-7f9da4021000 rw-p 00000000 00:00 0 
7f9da4021000-7f9da8000000 ---p 00000000 00:00 0 
7f9da8000000-7f9da8021000 rw-p 00000000 00:00 0 
7f9da8021000-7f9dac000000 ---p 00000000 00:00 0 
7f9dac000000-7f9dac23d000 rw-p 00000000 00:00 0 
7f9dac23d000-7f9db0000000 ---p 00000000 00:00 0 
7f9db0000000-7f9db0021000 rw-p 00000000 00:00 0 
7f9db0021000-7f9db4000000 ---p 00000000 00:00 0 
7f9db4000000-7f9db4021000 rw-p 00000000 00:00 0 
7f9db4021000-7f9db8000000 ---p 00000000 00:00 0 
7f9db8000000-7f9db8021000 rw-p 00000000 00:00 0 
7f9db8021000-7f9dbc000000 ---p 00000000 00:00 0 
7f9dbc000000-7f9dbc021000 rw-p 00000000 00:00 0 
7f9dbc021000-7f9dc0000000 ---p 00000000 00:00 0 
7f9dc1017000-7f9dc1048000 rw-p 00000000 00:00 0 
7f9dc1048000-7f9dc1085000 r-xp 00000000 08:05 1052680                    /lib/x86_64-linux-gnu/libpcre.so.3.13.1
7f9dc1085000-7f9dc1284000 ---p 0003d000 08:05 1052680                    /lib/x86_64-linux-gnu/libpcre.so.3.13.1
7f9dc1284000-7f9dc1285000 r--p 0003c000 08:05 1052680                    /lib/x86_64-linux-gnu/libpcre.so.3.13.1
7f9dc1285000-7f9dc1286000 rw-p 0003d000 08:05 1052680                    /lib/x86_64-linux-gnu/libpcre.so.3.13.1
7f9dc1286000-7f9dc128d000 r-xp 00000000 08:05 401716                     /usr/lib/x86_64-linux-gnu/libffi.so.6.0.1
7f9dc128d000-7f9dc148c000 ---p 00007000 08:05 401716                     /usr/lib/x86_64-linux-gnu/libffi.so.6.0.1
7f9dc148c000-7f9dc148d000 r--p 00006000 08:05 401716                     /usr/lib/x86_64-linux-gnu/libffi.so.6.0.1
7f9dc148d000-7f9dc148e000 rw-p 00007000 08:05 401716                     /usr/lib/x86_64-linux-gnu/libffi.so.6.0.1
7f9dc148e000-7f9dc14a5000 r-xp 00000000 08:05 1052703                    /lib/x86_64-linux-gnu/libresolv-2.19.so
7f9dc14a5000-7f9dc16a5000 ---p 00017000 08:05 1052703                    /lib/x86_64-linux-gnu/libresolv-2.19.so
7f9dc16a5000-7f9dc16a6000 r--p 00017000 08:05 1052703                    /lib/x86_64-linux-gnu/libresolv-2.19.so
7f9dc16a6000-7f9dc16a7000 rw-p 00018000 08:05 1052703                    /lib/x86_64-linux-gnu/libresolv-2.19.so
7f9dc16a7000-7f9dc16a9000 rw-p 00000000 00:00 0 
7f9dc16a9000-7f9dc16c9000 r-xp 00000000 08:05 1052568                    /lib/x86_64-linux-gnu/libselinux.so.1
7f9dc16c9000-7f9dc18c8000 ---p 00020000 08:05 1052568                    /lib/x86_64-linux-gnu/libselinux.so.1
7f9dc18c8000-7f9dc18c9000 r--p 0001f000 08:05 1052568                    /lib/x86_64-linux-gnu/libselinux.so.1
7f9dc18c9000-7f9dc18ca000 rw-p 00020000 08:05 1052568                    /lib/x86_64-linux-gnu/libselinux.so.1
7f9dc18ca000-7f9dc18cc000 rw-p 00000000 00:00 0 
7f9dc18cc000-7f9dc18cf000 r-xp 00000000 08:05 401833                     /usr/lib/x86_64-linux-gnu/libgmodule-2.0.so.0.4000.0
7f9dc18cf000-7f9dc1ace000 ---p 00003000 08:05 401833                     /usr/lib/x86_64-linux-gnu/libgmodule-2.0.so.0.4000.0
7f9dc1ace000-7f9dc1acf000 r--p 00002000 08:05 401833                     /usr/lib/x86_64-linux-gnu/libgmodule-2.0.so.0.4000.0
7f9dc1acf000-7f9dc1ad0000 rw-p 00003000 08:05 401833                     /usr/lib/x86_64-linux-gnu/libgmodule-2.0.so.0.4000.0
7f9dc1ad0000-7f9dc4000000 rw-p 00000000 00:00 0 
7f9dc4000000-7f9dc4021000 rw-p 00000000 00:00 0 
7f9dc4021000-7f9dc8000000 ---p 00000000 00:00 0 
7f9dc8007000-7f9dc810d000 r-xp 00000000 08:05 1052608                    /lib/x86_64-linux-gnu/libglib-2.0.so.0.4000.0
7f9dc810d000-7f9dc830c000 ---p 00106000 08:05 1052608                    /lib/x86_64-linux-gnu/libglib-2.0.so.0.4000.0
7f9dc830c000-7f9dc830d000 r--p 00105000 08:05 1052608                    /lib/x86_64-linux-gnu/libglib-2.0.so.0.4000.0
7f9dc830d000-7f9dc830e000 rw-p 00106000 08:05 1052608                    /lib/x86_64-linux-gnu/libglib-2.0.so.0.4000.0
7f9dc830e000-7f9dc830f000 rw-p 00000000 00:00 0 
7f9dc830f000-7f9dc835e000 r-xp 00000000 08:05 401849                     /usr/lib/x86_64-linux-gnu/libgobject-2.0.so.0.4000.0
7f9dc835e000-7f9dc855e000 ---p 0004f000 08:05 401849                     /usr/lib/x86_64-linux-gnu/libgobject-2.0.so.0.4000.0
7f9dc855e000-7f9dc855f000 r--p 0004f000 08:05 401849                     /usr/lib/x86_64-linux-gnu/libgobject-2.0.so.0.4000.0
7f9dc855f000-7f9dc8560000 rw-p 00050000 08:05 401849                     /usr/lib/x86_64-linux-gnu/libgobject-2.0.so.0.4000.0
7f9dc8560000-7f9dc86cb000 r-xp 00000000 08:05 401819                     /usr/lib/x86_64-linux-gnu/libgio-2.0.so.0.4000.0
7f9dc86cb000-7f9dc88cb000 ---p 0016b000 08:05 401819                     /usr/lib/x86_64-linux-gnu/libgio-2.0.so.0.4000.0
7f9dc88cb000-7f9dc88cf000 r--p 0016b000 08:05 401819                     /usr/lib/x86_64-linux-gnu/libgio-2.0.so.0.4000.0
7f9dc88cf000-7f9dc88d1000 rw-p 0016f000 08:05 401819                     /usr/lib/x86_64-linux-gnu/libgio-2.0.so.0.4000.0
7f9dc88d1000-7f9dc88d3000 rw-p 00000000 00:00 0 
7f9dc88d3000-7f9dc88e9000 r-xp 00000000 08:05 404264                     /usr/lib/jvm/java-7-openjdk-amd64/jre/lib/amd64/libnet.so
7f9dc88e9000-7f9dc8ae9000 ---p 00016000 08:05 404264                     /usr/lib/jvm/java-7-openjdk-amd64/jre/lib/amd64/libnet.so
7f9dc8ae9000-7f9dc8aea000 r--p 00016000 08:05 404264                     /usr/lib/jvm/java-7-openjdk-amd64/jre/lib/amd64/libnet.so
7f9dc8aea000-7f9dc8aeb000 rw-p 00017000 08:05 404264                     /usr/lib/jvm/java-7-openjdk-amd64/jre/lib/amd64/libnet.so
7f9dc8aeb000-7f9dc8afb000 r-xp 00000000 08:05 404273                     /usr/lib/jvm/java-7-openjdk-amd64/jre/lib/amd64/libnio.so
7f9dc8afb000-7f9dc8cfb000 ---p 00010000 08:05 404273                     /usr/lib/jvm/java-7-openjdk-amd64/jre/lib/amd64/libnio.so
7f9dc8cfb000-7f9dc8cfc000 r--p 00010000 08:05 404273                     /usr/lib/jvm/java-7-openjdk-amd64/jre/lib/amd64/libnio.so
7f9dc8cfc000-7f9dc8cfd000 rw-p 00011000 08:05 404273                     /usr/lib/jvm/java-7-openjdk-amd64/jre/lib/amd64/libnio.so
7f9dc8cfd000-7f9dc8cfe000 ---p 00000000 00:00 0 
7f9dc8cfe000-7f9dc8dfe000 rw-p 00000000 00:00 0                          [stack:5797]
7f9dc8dfe000-7f9dc8e01000 ---p 00000000 00:00 0 
7f9dc8e01000-7f9dc8eff000 rw-p 00000000 00:00 0                          [stack:5796]
7f9dc8eff000-7f9dc8f02000 ---p 00000000 00:00 0 
7f9dc8f02000-7f9dc9000000 rw-p 00000000 00:00 0                          [stack:5795]
7f9dc9000000-7f9dc9390000 rwxp 00000000 00:00 0 
7f9dc9390000-7f9dcc2c4000 rw-p 00000000 00:00 0 
7f9dcc2c4000-7f9dd0000000 ---p 00000000 00:00 0 
7f9dd0047000-7f9dd00f5000 r--s 006f4000 08:05 4726391                    /home/sandeep/Desktop/Qwerto/app/build/intermediates/multi-dex/debug/allclasses.jar
7f9dd00f5000-7f9dd00f8000 ---p 00000000 00:00 0 
7f9dd00f8000-7f9dd01f6000 rw-p 00000000 00:00 0                          [stack:5794]
7f9dd01f6000-7f9dd01f9000 ---p 00000000 00:00 0 
7f9dd01f9000-7f9dd02f7000 rw-p 00000000 00:00 0                          [stack:5793]
7f9dd02f7000-7f9dd09d9000 r--p 00000000 08:05 400395                     /usr/lib/locale/locale-archive
7f9dd09d9000-7f9dd09dc000 ---p 00000000 00:00 0 
7f9dd09dc000-7f9dd0ada000 rw-p 00000000 00:00 0                          [stack:5792]
7f9dd0ada000-7f9dd0add000 ---p 00000000 00:00 0 
7f9dd0add000-7f9dd0bdb000 rw-p 00000000 00:00 0                          [stack:5791]
7f9dd0bdb000-7f9dd0bdc000 ---p 00000000 00:00 0 
7f9dd0bdc000-7f9dd1cd9000 rw-p 00000000 00:00 0                          [stack:5790]
7f9dd1cd9000-7f9dd1e87000 r--s 01cfc000 08:05 404211                     /usr/lib/jvm/java-7-openjdk-amd64/jre/lib/rt.jar
7f9dd1e87000-7f9dd21eb000 rw-p 00000000 00:00 0 
7f9dd21eb000-7f9dd21ec000 ---p 00000000 00:00 0 
7f9dd21ec000-7f9dd22ec000 rw-p 00000000 00:00 0                          [stack:5789]
7f9dd22ec000-7f9dd22ed000 ---p 00000000 00:00 0 
7f9dd22ed000-7f9dd23ed000 rw-p 00000000 00:00 0                          [stack:5788]
7f9dd23ed000-7f9dd23ee000 ---p 00000000 00:00 0 
7f9dd23ee000-7f9dd24ee000 rw-p 00000000 00:00 0                          [stack:5787]
7f9dd24ee000-7f9dd24ef000 ---p 00000000 00:00 0 
7f9dd24ef000-7f9dd25fa000 rw-p 00000000 00:00 0                          [stack:5786]
7f9dd25fa000-7f9dd2642000 rw-p 00000000 00:00 0 
7f9dd2642000-7f9dd26e8000 rw-p 00000000 00:00 0 
7f9dd26e8000-7f9dd2798000 rw-p 00000000 00:00 0 
7f9dd2798000-7f9dd27a3000 rw-p 00000000 00:00 0 
7f9dd27a3000-7f9dd27eb000 rw-p 00000000 00:00 0 
7f9dd27eb000-7f9dd2891000 rw-p 00000000 00:00 0 
7f9dd2891000-7f9dd2940000 rw-p 00000000 00:00 0 
7f9dd2940000-7f9dd29e9000 rw-p 00000000 00:00 0 
7f9dd29e9000-7f9dd29eb000 ---p 00000000 00:00 0 
7f9dd29eb000-7f9dd29ec000 rw-p 00000000 00:00 0 
7f9dd29ec000-7f9dd29f4000 r-xp 00000000 08:05 404259                     /usr/lib/jvm/java-7-openjdk-amd64/jre/lib/amd64/libzip.so
7f9dd29f4000-7f9dd2bf3000 ---p 00008000 08:05 404259                     /usr/lib/jvm/java-7-openjdk-amd64/jre/lib/amd64/libzip.so
7f9dd2bf3000-7f9dd2bf4000 r--p 00007000 08:05 404259                     /usr/lib/jvm/java-7-openjdk-amd64/jre/lib/amd64/libzip.so
7f9dd2bf4000-7f9dd2bf5000 rw-p 00008000 08:05 404259                     /usr/lib/jvm/java-7-openjdk-amd64/jre/lib/amd64/libzip.so
7f9dd2bf5000-7f9dd2c00000 r-xp 00000000 08:05 1052652                    /lib/x86_64-linux-gnu/libnss_files-2.19.so
7f9dd2c00000-7f9dd2dff000 ---p 0000b000 08:05 1052652                    /lib/x86_64-linux-gnu/libnss_files-2.19.so
7f9dd2dff000-7f9dd2e00000 r--p 0000a000 08:05 1052652                    /lib/x86_64-linux-gnu/libnss_files-2.19.so
7f9dd2e00000-7f9dd2e01000 rw-p 0000b000 08:05 1052652                    /lib/x86_64-linux-gnu/libnss_files-2.19.so
7f9dd2e01000-7f9dd2e0c000 r-xp 00000000 08:05 1052662                    /lib/x86_64-linux-gnu/libnss_nis-2.19.so
7f9dd2e0c000-7f9dd300b000 ---p 0000b000 08:05 1052662                    /lib/x86_64-linux-gnu/libnss_nis-2.19.so
7f9dd300b000-7f9dd300c000 r--p 0000a000 08:05 1052662                    /lib/x86_64-linux-gnu/libnss_nis-2.19.so
7f9dd300c000-7f9dd300d000 rw-p 0000b000 08:05 1052662                    /lib/x86_64-linux-gnu/libnss_nis-2.19.so
7f9dd300d000-7f9dd3024000 r-xp 00000000 08:05 1052646                    /lib/x86_64-linux-gnu/libnsl-2.19.so
7f9dd3024000-7f9dd3223000 ---p 00017000 08:05 1052646                    /lib/x86_64-linux-gnu/libnsl-2.19.so
7f9dd3223000-7f9dd3224000 r--p 00016000 08:05 1052646                    /lib/x86_64-linux-gnu/libnsl-2.19.so
7f9dd3224000-7f9dd3225000 rw-p 00017000 08:05 1052646                    /lib/x86_64-linux-gnu/libnsl-2.19.so
7f9dd3225000-7f9dd3227000 rw-p 00000000 00:00 0 
7f9dd3227000-7f9dd3230000 r-xp 00000000 08:05 1052648                    /lib/x86_64-linux-gnu/libnss_compat-2.19.so
7f9dd3230000-7f9dd342f000 ---p 00009000 08:05 1052648                    /lib/x86_64-linux-gnu/libnss_compat-2.19.so
7f9dd342f000-7f9dd3430000 r--p 00008000 08:05 1052648                    /lib/x86_64-linux-gnu/libnss_compat-2.19.so
7f9dd3430000-7f9dd3431000 rw-p 00009000 08:05 1052648                    /lib/x86_64-linux-gnu/libnss_compat-2.19.so
7f9dd3431000-7f9dd345c000 r-xp 00000000 08:05 404255                     /usr/lib/jvm/java-7-openjdk-amd64/jre/lib/amd64/libjava.so
7f9dd345c000-7f9dd365b000 ---p 0002b000 08:05 404255                     /usr/lib/jvm/java-7-openjdk-amd64/jre/lib/amd64/libjava.so
7f9dd365b000-7f9dd365c000 r--p 0002a000 08:05 404255                     /usr/lib/jvm/java-7-openjdk-amd64/jre/lib/amd64/libjava.so
7f9dd365c000-7f9dd365e000 rw-p 0002b000 08:05 404255                     /usr/lib/jvm/java-7-openjdk-amd64/jre/lib/amd64/libjava.so
7f9dd365e000-7f9dd366e000 r-xp 00000000 08:05 404288                     /usr/lib/jvm/java-7-openjdk-amd64/jre/lib/amd64/libverify.so
7f9dd366e000-7f9dd386d000 ---p 00010000 08:05 404288                     /usr/lib/jvm/java-7-openjdk-amd64/jre/lib/amd64/libverify.so
7f9dd386d000-7f9dd386f000 r--p 0000f000 08:05 404288                     /usr/lib/jvm/java-7-openjdk-amd64/jre/lib/amd64/libverify.so
7f9dd386f000-7f9dd3870000 rw-p 00011000 08:05 404288                     /usr/lib/jvm/java-7-openjdk-amd64/jre/lib/amd64/libverify.so
7f9dd3870000-7f9dd3877000 r-xp 00000000 08:05 1052705                    /lib/x86_64-linux-gnu/librt-2.19.so
7f9dd3877000-7f9dd3a76000 ---p 00007000 08:05 1052705                    /lib/x86_64-linux-gnu/librt-2.19.so
7f9dd3a76000-7f9dd3a77000 r--p 00006000 08:05 1052705                    /lib/x86_64-linux-gnu/librt-2.19.so
7f9dd3a77000-7f9dd3a78000 rw-p 00007000 08:05 1052705                    /lib/x86_64-linux-gnu/librt-2.19.so
7f9dd3a78000-7f9dd3a8e000 r-xp 00000000 08:05 1052604                    /lib/x86_64-linux-gnu/libgcc_s.so.1
7f9dd3a8e000-7f9dd3c8d000 ---p 00016000 08:05 1052604                    /lib/x86_64-linux-gnu/libgcc_s.so.1
7f9dd3c8d000-7f9dd3c8e000 rw-p 00015000 08:05 1052604                    /lib/x86_64-linux-gnu/libgcc_s.so.1
7f9dd3c8e000-7f9dd3d93000 r-xp 00000000 08:05 1052627                    /lib/x86_64-linux-gnu/libm-2.19.so
7f9dd3d93000-7f9dd3f92000 ---p 00105000 08:05 1052627                    /lib/x86_64-linux-gnu/libm-2.19.so
7f9dd3f92000-7f9dd3f93000 r--p 00104000 08:05 1052627                    /lib/x86_64-linux-gnu/libm-2.19.so
7f9dd3f93000-7f9dd3f94000 rw-p 00105000 08:05 1052627                    /lib/x86_64-linux-gnu/libm-2.19.so
7f9dd3f94000-7f9dd407a000 r-xp 00000000 08:05 397418                     /usr/lib/x86_64-linux-gnu/libstdc++.so.6.0.19
7f9dd407a000-7f9dd4279000 ---p 000e6000 08:05 397418                     /usr/lib/x86_64-linux-gnu/libstdc++.so.6.0.19
7f9dd4279000-7f9dd4281000 r--p 000e5000 08:05 397418                     /usr/lib/x86_64-linux-gnu/libstdc++.so.6.0.19
7f9dd4281000-7f9dd4283000 rw-p 000ed000 08:05 397418                     /usr/lib/x86_64-linux-gnu/libstdc++.so.6.0.19
7f9dd4283000-7f9dd4298000 rw-p 00000000 00:00 0 
7f9dd4298000-7f9dd4d79000 r-xp 00000000 08:05 404270                     /usr/lib/jvm/java-7-openjdk-amd64/jre/lib/amd64/server/libjvm.so
7f9dd4d79000-7f9dd4f78000 ---p 00ae1000 08:05 404270                     /usr/lib/jvm/java-7-openjdk-amd64/jre/lib/amd64/server/libjvm.so
7f9dd4f78000-7f9dd500a000 r--p 00ae0000 08:05 404270                     /usr/lib/jvm/java-7-openjdk-amd64/jre/lib/amd64/server/libjvm.so
7f9dd500a000-7f9dd502d000 rw-p 00b72000 08:05 404270                     /usr/lib/jvm/java-7-openjdk-amd64/jre/lib/amd64/server/libjvm.so
7f9dd502d000-7f9dd505a000 rw-p 00000000 00:00 0 
7f9dd505a000-7f9dd5072000 r-xp 00000000 08:05 1052740                    /lib/x86_64-linux-gnu/libz.so.1.2.8
7f9dd5072000-7f9dd5271000 ---p 00018000 08:05 1052740                    /lib/x86_64-linux-gnu/libz.so.1.2.8
7f9dd5271000-7f9dd5272000 r--p 00017000 08:05 1052740                    /lib/x86_64-linux-gnu/libz.so.1.2.8
7f9dd5272000-7f9dd5273000 rw-p 00018000 08:05 1052740                    /lib/x86_64-linux-gnu/libz.so.1.2.8
7f9dd5273000-7f9dd528c000 r-xp 00000000 08:05 1052697                    /lib/x86_64-linux-gnu/libpthread-2.19.so
7f9dd528c000-7f9dd548b000 ---p 00019000 08:05 1052697                    /lib/x86_64-linux-gnu/libpthread-2.19.so
7f9dd548b000-7f9dd548c000 r--p 00018000 08:05 1052697                    /lib/x86_64-linux-gnu/libpthread-2.19.so
7f9dd548c000-7f9dd548d000 rw-p 00019000 08:05 1052697                    /lib/x86_64-linux-gnu/libpthread-2.19.so
7f9dd548d000-7f9dd5491000 rw-p 00000000 00:00 0 
7f9dd5491000-7f9dd5494000 r-xp 00000000 08:05 1052594                    /lib/x86_64-linux-gnu/libdl-2.19.so
7f9dd5494000-7f9dd5693000 ---p 00003000 08:05 1052594                    /lib/x86_64-linux-gnu/libdl-2.19.so
7f9dd5693000-7f9dd5694000 r--p 00002000 08:05 1052594                    /lib/x86_64-linux-gnu/libdl-2.19.so
7f9dd5694000-7f9dd5695000 rw-p 00003000 08:05 1052594                    /lib/x86_64-linux-gnu/libdl-2.19.so
7f9dd5695000-7f9dd5851000 r-xp 00000000 08:05 1052577                    /lib/x86_64-linux-gnu/libc-2.19.so
7f9dd5851000-7f9dd5a50000 ---p 001bc000 08:05 1052577                    /lib/x86_64-linux-gnu/libc-2.19.so
7f9dd5a50000-7f9dd5a54000 r--p 001bb000 08:05 1052577                    /lib/x86_64-linux-gnu/libc-2.19.so
7f9dd5a54000-7f9dd5a56000 rw-p 001bf000 08:05 1052577                    /lib/x86_64-linux-gnu/libc-2.19.so
7f9dd5a56000-7f9dd5a5b000 rw-p 00000000 00:00 0 
7f9dd5a5b000-7f9dd5a68000 r-xp 00000000 08:05 404281                     /usr/lib/jvm/java-7-openjdk-amd64/jre/lib/amd64/jli/libjli.so
7f9dd5a68000-7f9dd5c67000 ---p 0000d000 08:05 404281                     /usr/lib/jvm/java-7-openjdk-amd64/jre/lib/amd64/jli/libjli.so
7f9dd5c67000-7f9dd5c68000 r--p 0000c000 08:05 404281                     /usr/lib/jvm/java-7-openjdk-amd64/jre/lib/amd64/jli/libjli.so
7f9dd5c68000-7f9dd5c69000 rw-p 0000d000 08:05 404281                     /usr/lib/jvm/java-7-openjdk-amd64/jre/lib/amd64/jli/libjli.so
7f9dd5c69000-7f9dd5c8c000 r-xp 00000000 08:05 1052553                    /lib/x86_64-linux-gnu/ld-2.19.so
7f9dd5c93000-7f9dd5ca2000 r--s 000dd000 08:05 4080337                    /home/sandeep/android-sdks/build-tools/22.0.1/lib/dx.jar
7f9dd5ca2000-7f9dd5cb1000 rw-p 00000000 00:00 0 
7f9dd5cb1000-7f9dd5d62000 rw-p 00000000 00:00 0 
7f9dd5d62000-7f9dd5d65000 ---p 00000000 00:00 0 
7f9dd5d65000-7f9dd5e68000 rw-p 00000000 00:00 0                          [stack:5785]
7f9dd5e6b000-7f9dd5e6c000 rw-p 00000000 00:00 0 
7f9dd5e6c000-7f9dd5e6d000 r--s 00002000 08:05 404220                     /usr/lib/jvm/java-7-openjdk-amd64/jre/lib/ext/dnsns.jar
7f9dd5e6d000-7f9dd5e71000 r--s 0003b000 08:05 404219                     /usr/lib/jvm/java-7-openjdk-amd64/jre/lib/ext/sunpkcs11.jar
7f9dd5e71000-7f9dd5e73000 r--s 00012000 08:05 404216                     /usr/lib/jvm/java-7-openjdk-amd64/jre/lib/ext/zipfs.jar
7f9dd5e73000-7f9dd5e75000 r--s 00006000 08:05 794704                     /usr/share/java/java-atk-wrapper.jar
7f9dd5e75000-7f9dd5e79000 r--s 00085000 08:05 404218                     /usr/lib/jvm/java-7-openjdk-amd64/jre/lib/ext/localedata.jar
7f9dd5e79000-7f9dd5e7c000 r--s 00032000 08:05 404217                     /usr/lib/jvm/java-7-openjdk-amd64/jre/lib/ext/sunjce_provider.jar
7f9dd5e7c000-7f9dd5e7f000 r--s 0000f000 08:05 404215                     /usr/lib/jvm/java-7-openjdk-amd64/jre/lib/ext/pulse-java.jar
7f9dd5e7f000-7f9dd5e87000 rw-s 00000000 08:05 1073094                    /tmp/hsperfdata_sandeep/5780
7f9dd5e87000-7f9dd5e88000 rw-p 00000000 00:00 0 
7f9dd5e88000-7f9dd5e89000 ---p 00000000 00:00 0 
7f9dd5e89000-7f9dd5e8b000 rw-p 00000000 00:00 0 
7f9dd5e8b000-7f9dd5e8c000 r--p 00022000 08:05 1052553                    /lib/x86_64-linux-gnu/ld-2.19.so
7f9dd5e8c000-7f9dd5e8d000 rw-p 00023000 08:05 1052553                    /lib/x86_64-linux-gnu/ld-2.19.so
7f9dd5e8d000-7f9dd5e8e000 rw-p 00000000 00:00 0 
7fffd19dc000-7fffd19fe000 rw-p 00000000 00:00 0                          [stack]
7fffd19fe000-7fffd1a00000 r-xp 00000000 00:00 0                          [vdso]
ffffffffff600000-ffffffffff601000 r-xp 00000000 00:00 0                  [vsyscall]

VM Arguments:
jvm_args: -Xmx1024M -Dfile.encoding=UTF-8 -Duser.country=IN -Duser.language=en -Duser.variant 
java_command: com.android.dx.command.Main --dex --multi-dex --main-dex-list /home/sandeep/Desktop/Qwerto/app/build/intermediates/multi-dex/debug/maindexlist.txt --output /home/sandeep/Desktop/Qwerto/app/build/intermediates/dex/debug /home/sandeep/Desktop/Qwerto/app/build/intermediates/multi-dex/debug/allclasses.jar
Launcher Type: SUN_STANDARD

Environment Variables:
CLASSPATH=./../lib/bootstrap.jar:./../lib/extensions.jar:./../lib/util.jar:./../lib/jdom.jar:./../lib/log4j.jar:./../lib/trove4j.jar:./../lib/jna.jar:/usr/lib/jvm/java-7-openjdk-amd64/lib/tools.jar
PATH=/home/sandeep/android-sdks/platform-tools/:/usr/local/sbin:/usr/local/bin:/usr/sbin:/usr/bin:/sbin:/bin:/usr/games:/usr/local/games
LD_LIBRARY_PATH=.:
SHELL=/bin/bash
DISPLAY=:0

Signal Handlers:
SIGSEGV: [libjvm.so+0x918620], sa_mask[0]=0x7ffbfeff, sa_flags=0x10000004
SIGBUS: [libjvm.so+0x918620], sa_mask[0]=0x7ffbfeff, sa_flags=0x10000004
SIGFPE: [libjvm.so+0x795e30], sa_mask[0]=0x7ffbfeff, sa_flags=0x10000004
SIGPIPE: [libjvm.so+0x795e30], sa_mask[0]=0x7ffbfeff, sa_flags=0x10000004
SIGXFSZ: [libjvm.so+0x795e30], sa_mask[0]=0x7ffbfeff, sa_flags=0x10000004
SIGILL: [libjvm.so+0x795e30], sa_mask[0]=0x7ffbfeff, sa_flags=0x10000004
SIGUSR1: SIG_DFL, sa_mask[0]=0x00000000, sa_flags=0x00000000
SIGUSR2: [libjvm.so+0x795cd0], sa_mask[0]=0x00000004, sa_flags=0x10000004
SIGHUP: [libjvm.so+0x795eb0], sa_mask[0]=0x7ffbfeff, sa_flags=0x10000004
SIGINT: [libjvm.so+0x795eb0], sa_mask[0]=0x7ffbfeff, sa_flags=0x10000004
SIGTERM: [libjvm.so+0x795eb0], sa_mask[0]=0x7ffbfeff, sa_flags=0x10000004
SIGQUIT: [libjvm.so+0x795eb0], sa_mask[0]=0x7ffbfeff, sa_flags=0x10000004


---------------  S Y S T E M  ---------------

OS:Ubuntu 14.04 (trusty)
uname:Linux 3.13.0-30-generic #54-Ubuntu SMP Mon Jun 9 22:45:01 UTC 2014 x86_64
libc:glibc 2.19 NPTL 2.19 
rlimit: STACK 8192k, CORE 0k, NPROC 30722, NOFILE 4096, AS infinity
load average:1.77 1.35 1.08

/proc/meminfo:
MemTotal:        3954024 kB
MemFree:          126628 kB
Buffers:            1492 kB
Cached:           261148 kB
SwapCached:            0 kB
Active:          3434124 kB
Inactive:         233084 kB
Active(anon):    3406704 kB
Inactive(anon):   203164 kB
Active(file):      27420 kB
Inactive(file):    29920 kB
Unevictable:          32 kB
Mlocked:              32 kB
SwapTotal:             0 kB
SwapFree:              0 kB
Dirty:                32 kB
Writeback:             0 kB
AnonPages:       3404616 kB
Mapped:            96380 kB
Shmem:            205312 kB
Slab:              59144 kB
SReclaimable:      25692 kB
SUnreclaim:        33452 kB
KernelStack:        5152 kB
PageTables:        39332 kB
NFS_Unstable:          0 kB
Bounce:                0 kB
WritebackTmp:          0 kB
CommitLimit:     1977012 kB
Committed_AS:    6938060 kB
VmallocTotal:   34359738367 kB
VmallocUsed:      347388 kB
VmallocChunk:   34359383516 kB
HardwareCorrupted:     0 kB
AnonHugePages:   1159168 kB
HugePages_Total:       0
HugePages_Free:        0
HugePages_Rsvd:        0
HugePages_Surp:        0
Hugepagesize:       2048 kB
DirectMap4k:       80552 kB
DirectMap2M:     4020224 kB


CPU:total 4 (2 cores per cpu, 2 threads per core) family 6 model 42 stepping 7, cmov, cx8, fxsr, mmx, sse, sse2, sse3, ssse3, sse4.1, sse4.2, popcnt, avx, aes, ht, tsc, tscinvbit

/proc/cpuinfo:
processor	: 0
vendor_id	: GenuineIntel
cpu family	: 6
model		: 42
model name	: Intel(R) Core(TM) i5-2450M CPU @ 2.50GHz
stepping	: 7
microcode	: 0x1b
cpu MHz		: 1800.000
cache size	: 3072 KB
physical id	: 0
siblings	: 4
core id		: 0
cpu cores	: 2
apicid		: 0
initial apicid	: 0
fpu		: yes
fpu_exception	: yes
cpuid level	: 13
wp		: yes
flags		: fpu vme de pse tsc msr pae mce cx8 apic sep mtrr pge mca cmov pat pse36 clflush dts acpi mmx fxsr sse sse2 ss ht tm pbe syscall nx rdtscp lm constant_tsc arch_perfmon pebs bts rep_good nopl xtopology nonstop_tsc aperfmperf eagerfpu pni pclmulqdq dtes64 monitor ds_cpl vmx est tm2 ssse3 cx16 xtpr pdcm pcid sse4_1 sse4_2 x2apic popcnt tsc_deadline_timer aes xsave avx lahf_lm ida arat epb xsaveopt pln pts dtherm tpr_shadow vnmi flexpriority ept vpid
bogomips	: 4988.67
clflush size	: 64
cache_alignment	: 64
address sizes	: 36 bits physical, 48 bits virtual
power management:

processor	: 1
vendor_id	: GenuineIntel
cpu family	: 6
model		: 42
model name	: Intel(R) Core(TM) i5-2450M CPU @ 2.50GHz
stepping	: 7
microcode	: 0x1b
cpu MHz		: 2501.000
cache size	: 3072 KB
physical id	: 0
siblings	: 4
core id		: 1
cpu cores	: 2
apicid		: 2
initial apicid	: 2
fpu		: yes
fpu_exception	: yes
cpuid level	: 13
wp		: yes
flags		: fpu vme de pse tsc msr pae mce cx8 apic sep mtrr pge mca cmov pat pse36 clflush dts acpi mmx fxsr sse sse2 ss ht tm pbe syscall nx rdtscp lm constant_tsc arch_perfmon pebs bts rep_good nopl xtopology nonstop_tsc aperfmperf eagerfpu pni pclmulqdq dtes64 monitor ds_cpl vmx est tm2 ssse3 cx16 xtpr pdcm pcid sse4_1 sse4_2 x2apic popcnt tsc_deadline_timer aes xsave avx lahf_lm ida arat epb xsaveopt pln pts dtherm tpr_shadow vnmi flexpriority ept vpid
bogomips	: 4988.67
clflush size	: 64
cache_alignment	: 64
address sizes	: 36 bits physical, 48 bits virtual
power management:

processor	: 2
vendor_id	: GenuineIntel
cpu family	: 6
model		: 42
model name	: Intel(R) Core(TM) i5-2450M CPU @ 2.50GHz
stepping	: 7
microcode	: 0x1b
cpu MHz		: 1000.000
cache size	: 3072 KB
physical id	: 0
siblings	: 4
core id		: 0
cpu cores	: 2
apicid		: 1
initial apicid	: 1
fpu		: yes
fpu_exception	: yes
cpuid level	: 13
wp		: yes
flags		: fpu vme de pse tsc msr pae mce cx8 apic sep mtrr pge mca cmov pat pse36 clflush dts acpi mmx fxsr sse sse2 ss ht tm pbe syscall nx rdtscp lm constant_tsc arch_perfmon pebs bts rep_good nopl xtopology nonstop_tsc aperfmperf eagerfpu pni pclmulqdq dtes64 monitor ds_cpl vmx est tm2 ssse3 cx16 xtpr pdcm pcid sse4_1 sse4_2 x2apic popcnt tsc_deadline_timer aes xsave avx lahf_lm ida arat epb xsaveopt pln pts dtherm tpr_shadow vnmi flexpriority ept vpid
bogomips	: 4988.67
clflush size	: 64
cache_alignment	: 64
address sizes	: 36 bits physical, 48 bits virtual
power management:

processor	: 3
vendor_id	: GenuineIntel
cpu family	: 6
model		: 42
model name	: Intel(R) Core(TM) i5-2450M CPU @ 2.50GHz
stepping	: 7
microcode	: 0x1b
cpu MHz		: 800.000
cache size	: 3072 KB
physical id	: 0
siblings	: 4
core id		: 1
cpu cores	: 2
apicid		: 3
initial apicid	: 3
fpu		: yes
fpu_exception	: yes
cpuid level	: 13
wp		: yes
flags		: fpu vme de pse tsc msr pae mce cx8 apic sep mtrr pge mca cmov pat pse36 clflush dts acpi mmx fxsr sse sse2 ss ht tm pbe syscall nx rdtscp lm constant_tsc arch_perfmon pebs bts rep_good nopl xtopology nonstop_tsc aperfmperf eagerfpu pni pclmulqdq dtes64 monitor ds_cpl vmx est tm2 ssse3 cx16 xtpr pdcm pcid sse4_1 sse4_2 x2apic popcnt tsc_deadline_timer aes xsave avx lahf_lm ida arat epb xsaveopt pln pts dtherm tpr_shadow vnmi flexpriority ept vpid
bogomips	: 4988.67
clflush size	: 64
cache_alignment	: 64
address sizes	: 36 bits physical, 48 bits virtual
power management:



Memory: 4k page, physical 3954024k(126628k free), swap 0k(0k free)

vm_info: OpenJDK 64-Bit Server VM (24.51-b03) for linux-amd64 JRE (1.7.0_55-b14), built on Apr 17 2014 20:08:07 by "buildd" with gcc 4.8.2

time: Mon Aug 24 17:35:39 2015
elapsed time: 18 seconds

