#
# There is insufficient memory for the Java Runtime Environment to continue.
# Native memory allocation (malloc) failed to allocate 175112192 bytes for committing reserved memory.
# Possible reasons:
#   The system is out of physical RAM or swap space
#   In 32 bit mode, the process size limit was hit
# Possible solutions:
#   Reduce memory load on the system
#   Increase physical memory or swap space
#   Check if swap backing store is full
#   Use 64 bit Java on a 64 bit OS
#   Decrease Java heap size (-Xmx/-Xms)
#   Decrease number of Java threads
#   Decrease Java thread stack sizes (-Xss)
#   Set larger code cache with -XX:ReservedCodeCacheSize=
# This output file may be truncated or incomplete.
#
#  Out of Memory Error (os_linux.cpp:2769), pid=5290, tid=140010298070784
#
# JRE version: OpenJDK Runtime Environment (7.0_55-b14) (build 1.7.0_55-b14)
# Java VM: OpenJDK 64-Bit Server VM (24.51-b03 mixed mode linux-amd64 compressed oops)
# Failed to write core dump. Core dumps have been disabled. To enable core dumping, try "ulimit -c unlimited" before starting Java again
#

---------------  T H R E A D  ---------------

Current thread (0x00007f56b8075800):  VMThread [stack: 0x00007f56b004d000,0x00007f56b014e000] [id=5299]

Stack: [0x00007f56b004d000,0x00007f56b014e000],  sp=0x00007f56b014c470,  free space=1021k
Native frames: (J=compiled Java code, j=interpreted, Vv=VM code, C=native code)
V  [libjvm.so+0x917b35]  VMError::report_and_die()+0x175
V  [libjvm.so+0x468144]  report_vm_out_of_memory(char const*, int, unsigned long, char const*)+0x74
V  [libjvm.so+0x79a81b]  os::pd_commit_memory(char*, unsigned long, unsigned long, bool)+0x20b
V  [libjvm.so+0x7950df]  os::commit_memory(char*, unsigned long, unsigned long, bool)+0x1f
V  [libjvm.so+0x8053cb]  PSVirtualSpace::expand_by(unsigned long)+0x5b
V  [libjvm.so+0x7f519b]  PSOldGen::expand_by(unsigned long) [clone .part.80]+0x1b
V  [libjvm.so+0x7f535b]  PSOldGen::expand(unsigned long) [clone .part.81]+0xdb
V  [libjvm.so+0x7f6288]  PSOldGen::resize(unsigned long)+0x188
V  [libjvm.so+0x7fd2e3]  PSParallelCompact::invoke_no_policy(bool)+0x9c3
V  [libjvm.so+0x80350d]  PSScavenge::invoke()+0x17d
V  [libjvm.so+0x7b9b33]  ParallelScavengeHeap::failed_mem_allocate(unsigned long)+0x63
V  [libjvm.so+0x919544]  VM_ParallelGCFailedAllocation::doit()+0x84
V  [libjvm.so+0x91d9e7]  VM_Operation::evaluate()+0x47
V  [libjvm.so+0x91c3b8]  VMThread::evaluate_operation(VM_Operation*)+0x318
V  [libjvm.so+0x91c819]  VMThread::loop()+0x219
V  [libjvm.so+0x91cc62]  VMThread::run()+0x72
V  [libjvm.so+0x7974e2]  java_start(Thread*)+0xf2

VM_Operation (0x00007f56be810f00): ParallelGCFailedAllocation, mode: safepoint, requested by thread 0x00007f56b800a800


---------------  P R O C E S S  ---------------

Java Threads: ( => current thread )
  0x00007f56b80a6000 JavaThread "Service Thread" daemon [_thread_blocked, id=5305, stack(0x00007f56ab318000,0x00007f56ab419000)]
  0x00007f56b80a4000 JavaThread "C2 CompilerThread1" daemon [_thread_blocked, id=5304, stack(0x00007f56ab419000,0x00007f56ab51a000)]
  0x00007f56b80a1000 JavaThread "C2 CompilerThread0" daemon [_thread_blocked, id=5303, stack(0x00007f56ab51a000,0x00007f56ab61b000)]
  0x00007f56b809e800 JavaThread "Signal Dispatcher" daemon [_thread_blocked, id=5302, stack(0x00007f56ab61b000,0x00007f56ab71c000)]
  0x00007f56b807c000 JavaThread "Finalizer" daemon [_thread_blocked, id=5301, stack(0x00007f56abdfe000,0x00007f56abeff000)]
  0x00007f56b807a000 JavaThread "Reference Handler" daemon [_thread_blocked, id=5300, stack(0x00007f56abeff000,0x00007f56ac000000)]
  0x00007f56b800a800 JavaThread "main" [_thread_blocked, id=5294, stack(0x00007f56be712000,0x00007f56be813000)]

Other Threads:
=>0x00007f56b8075800 VMThread [stack: 0x00007f56b004d000,0x00007f56b014e000] [id=5299]
  0x00007f56b80b9000 WatcherThread [stack: 0x00007f56ab217000,0x00007f56ab318000] [id=5306]

VM state:at safepoint (normal execution)

VM Mutex/Monitor currently owned by a thread:  ([mutex/lock_event])
[0x00007f56b8006430] ExpandHeap_lock - owner thread: 0x00007f56b8075800
[0x00007f56b8006ab0] Threads_lock - owner thread: 0x00007f56b8075800
[0x00007f56b8006fb0] Heap_lock - owner thread: 0x00007f56b800a800

Heap
 PSYoungGen      total 222720K, used 75095K [0x00000000eaa80000, 0x0000000100000000, 0x0000000100000000)
  eden space 117248K, 0% used [0x00000000eaa80000,0x00000000eaa80000,0x00000000f1d00000)
  from space 105472K, 71% used [0x00000000f9900000,0x00000000fe255cc0,0x0000000100000000)
  to   space 116224K, 0% used [0x00000000f1d00000,0x00000000f1d00000,0x00000000f8e80000)
 ParOldGen       total 363008K, used 362899K [0x00000000c0000000, 0x00000000d6280000, 0x00000000eaa80000)
  object space 363008K, 99% used [0x00000000c0000000,0x00000000d6264c70,0x00000000d6280000)
 PSPermGen       total 21504K, used 6117K [0x00000000b5a00000, 0x00000000b6f00000, 0x00000000c0000000)
  object space 21504K, 28% used [0x00000000b5a00000,0x00000000b5ff97d0,0x00000000b6f00000)

Card table byte_map: [0x00007f56b413a000,0x00007f56b438e000] byte_map_base: 0x00007f56b3b8d000

Polling page: 0x00007f56be838000

Code Cache  [0x00007f56b438e000, 0x00007f56b475e000, 0x00007f56b738e000)
 total_blobs=1324 nmethods=1097 adapters=180 free_code_cache=45412Kb largest_free_block=46391232

Compilation events (10 events):
Event: 16.634 Thread 0x00007f56b80a1000 nmethod 1126% 0x00007f56b4737510 code [0x00007f56b47376e0, 0x00007f56b4737f50]
Event: 16.635 Thread 0x00007f56b80a1000 1130             com.android.dx.util.ListIntSet::add (26 bytes)
Event: 16.649 Thread 0x00007f56b80a1000 nmethod 1130 0x00007f56b46c7c10 code [0x00007f56b46c7d80, 0x00007f56b46c84b8]
Event: 16.649 Thread 0x00007f56b80a1000 1131             com.android.dx.util.IntList::insert (115 bytes)
Event: 16.656 Thread 0x00007f56b80a4000 nmethod 1129 0x00007f56b46bfe50 code [0x00007f56b46c00e0, 0x00007f56b46c0dd0]
Event: 16.656 Thread 0x00007f56b80a4000 1132             com.android.dx.ssa.SetFactory::makeLivenessSet (26 bytes)
Event: 16.658 Thread 0x00007f56b80a1000 nmethod 1131 0x00007f56b4736ad0 code [0x00007f56b4736c20, 0x00007f56b47370f8]
Event: 16.658 Thread 0x00007f56b80a1000 1133             com.android.dx.ssa.back.LivenessAnalyzer::liveOutAtStatement (61 bytes)
Event: 16.660 Thread 0x00007f56b80a4000 nmethod 1132 0x00007f56b47364d0 code [0x00007f56b4736640, 0x00007f56b47368a8]
Event: 16.661 Thread 0x00007f56b80a4000 1134             com.android.dx.ssa.back.LivenessAnalyzer::liveInAtStatement (55 bytes)

GC Heap History (10 events):
Event: 14.804 GC heap after
Heap after GC invocations=22 (full 4):
 PSYoungGen      total 244736K, used 72174K [0x00000000eaa80000, 0x0000000100000000, 0x0000000100000000)
  eden space 172544K, 0% used [0x00000000eaa80000,0x00000000eaa80000,0x00000000f5300000)
  from space 72192K, 99% used [0x00000000fb980000,0x00000000ffffb800,0x0000000100000000)
  to   space 88576K, 0% used [0x00000000f5300000,0x00000000f5300000,0x00000000fa980000)
 ParOldGen       total 363008K, used 244080K [0x00000000c0000000, 0x00000000d6280000, 0x00000000eaa80000)
  object space 363008K, 67% used [0x00000000c0000000,0x00000000cee5c3e8,0x00000000d6280000)
 PSPermGen       total 21504K, used 6107K [0x00000000b5a00000, 0x00000000b6f00000, 0x00000000c0000000)
  object space 21504K, 28% used [0x00000000b5a00000,0x00000000b5ff6ce8,0x00000000b6f00000)
}
Event: 15.202 GC heap before
{Heap before GC invocations=23 (full 4):
 PSYoungGen      total 244736K, used 244718K [0x00000000eaa80000, 0x0000000100000000, 0x0000000100000000)
  eden space 172544K, 100% used [0x00000000eaa80000,0x00000000f5300000,0x00000000f5300000)
  from space 72192K, 99% used [0x00000000fb980000,0x00000000ffffb800,0x0000000100000000)
  to   space 88576K, 0% used [0x00000000f5300000,0x00000000f5300000,0x00000000fa980000)
 ParOldGen       total 363008K, used 244080K [0x00000000c0000000, 0x00000000d6280000, 0x00000000eaa80000)
  object space 363008K, 67% used [0x00000000c0000000,0x00000000cee5c3e8,0x00000000d6280000)
 PSPermGen       total 21504K, used 6109K [0x00000000b5a00000, 0x00000000b6f00000, 0x00000000c0000000)
  object space 21504K, 28% used [0x00000000b5a00000,0x00000000b5ff76d8,0x00000000b6f00000)
Event: 15.307 GC heap after
Heap after GC invocations=23 (full 4):
 PSYoungGen      total 233472K, used 60828K [0x00000000eaa80000, 0x0000000100000000, 0x0000000100000000)
  eden space 172544K, 0% used [0x00000000eaa80000,0x00000000eaa80000,0x00000000f5300000)
  from space 60928K, 99% used [0x00000000f5300000,0x00000000f8e670a0,0x00000000f8e80000)
  to   space 92672K, 0% used [0x00000000fa580000,0x00000000fa580000,0x0000000100000000)
 ParOldGen       total 363008K, used 286315K [0x00000000c0000000, 0x00000000d6280000, 0x00000000eaa80000)
  object space 363008K, 78% used [0x00000000c0000000,0x00000000d179acf0,0x00000000d6280000)
 PSPermGen       total 21504K, used 6109K [0x00000000b5a00000, 0x00000000b6f00000, 0x00000000c0000000)
  object space 21504K, 28% used [0x00000000b5a00000,0x00000000b5ff76d8,0x00000000b6f00000)
}
Event: 15.717 GC heap before
{Heap before GC invocations=24 (full 4):
 PSYoungGen      total 233472K, used 233372K [0x00000000eaa80000, 0x0000000100000000, 0x0000000100000000)
  eden space 172544K, 100% used [0x00000000eaa80000,0x00000000f5300000,0x00000000f5300000)
  from space 60928K, 99% used [0x00000000f5300000,0x00000000f8e670a0,0x00000000f8e80000)
  to   space 92672K, 0% used [0x00000000fa580000,0x00000000fa580000,0x0000000100000000)
 ParOldGen       total 363008K, used 286315K [0x00000000c0000000, 0x00000000d6280000, 0x00000000eaa80000)
  object space 363008K, 78% used [0x00000000c0000000,0x00000000d179acf0,0x00000000d6280000)
 PSPermGen       total 21504K, used 6111K [0x00000000b5a00000, 0x00000000b6f00000, 0x00000000c0000000)
  object space 21504K, 28% used [0x00000000b5a00000,0x00000000b5ff7f00,0x00000000b6f00000)
Event: 15.814 GC heap after
Heap after GC invocations=24 (full 4):
 PSYoungGen      total 231424K, used 86831K [0x00000000eaa80000, 0x0000000100000000, 0x0000000100000000)
  eden space 138752K, 0% used [0x00000000eaa80000,0x00000000eaa80000,0x00000000f3200000)
  from space 92672K, 93% used [0x00000000fa580000,0x00000000ffa4bde0,0x0000000100000000)
  to   space 105472K, 0% used [0x00000000f3200000,0x00000000f3200000,0x00000000f9900000)
 ParOldGen       total 363008K, used 286315K [0x00000000c0000000, 0x00000000d6280000, 0x00000000eaa80000)
  object space 363008K, 78% used [0x00000000c0000000,0x00000000d179acf0,0x00000000d6280000)
 PSPermGen       total 21504K, used 6111K [0x00000000b5a00000, 0x00000000b6f00000, 0x00000000c0000000)
  object space 21504K, 28% used [0x00000000b5a00000,0x00000000b5ff7f00,0x00000000b6f00000)
}
Event: 16.124 GC heap before
{Heap before GC invocations=25 (full 4):
 PSYoungGen      total 231424K, used 225583K [0x00000000eaa80000, 0x0000000100000000, 0x0000000100000000)
  eden space 138752K, 100% used [0x00000000eaa80000,0x00000000f3200000,0x00000000f3200000)
  from space 92672K, 93% used [0x00000000fa580000,0x00000000ffa4bde0,0x0000000100000000)
  to   space 105472K, 0% used [0x00000000f3200000,0x00000000f3200000,0x00000000f9900000)
 ParOldGen       total 363008K, used 286315K [0x00000000c0000000, 0x00000000d6280000, 0x00000000eaa80000)
  object space 363008K, 78% used [0x00000000c0000000,0x00000000d179acf0,0x00000000d6280000)
 PSPermGen       total 21504K, used 6114K [0x00000000b5a00000, 0x00000000b6f00000, 0x00000000c0000000)
  object space 21504K, 28% used [0x00000000b5a00000,0x00000000b5ff8b58,0x00000000b6f00000)
Event: 16.219 GC heap after
Heap after GC invocations=25 (full 4):
 PSYoungGen      total 244224K, used 105462K [0x00000000eaa80000, 0x0000000100000000, 0x0000000100000000)
  eden space 138752K, 0% used [0x00000000eaa80000,0x00000000eaa80000,0x00000000f3200000)
  from space 105472K, 99% used [0x00000000f3200000,0x00000000f98fd9f0,0x00000000f9900000)
  to   space 105472K, 0% used [0x00000000f9900000,0x00000000f9900000,0x0000000100000000)
 ParOldGen       total 363008K, used 288528K [0x00000000c0000000, 0x00000000d6280000, 0x00000000eaa80000)
  object space 363008K, 79% used [0x00000000c0000000,0x00000000d19c42f0,0x00000000d6280000)
 PSPermGen       total 21504K, used 6114K [0x00000000b5a00000, 0x00000000b6f00000, 0x00000000c0000000)
  object space 21504K, 28% used [0x00000000b5a00000,0x00000000b5ff8b58,0x00000000b6f00000)
}
Event: 16.662 GC heap before
{Heap before GC invocations=26 (full 4):
 PSYoungGen      total 244224K, used 244214K [0x00000000eaa80000, 0x0000000100000000, 0x0000000100000000)
  eden space 138752K, 100% used [0x00000000eaa80000,0x00000000f3200000,0x00000000f3200000)
  from space 105472K, 99% used [0x00000000f3200000,0x00000000f98fd9f0,0x00000000f9900000)
  to   space 105472K, 0% used [0x00000000f9900000,0x00000000f9900000,0x0000000100000000)
 ParOldGen       total 363008K, used 288528K [0x00000000c0000000, 0x00000000d6280000, 0x00000000eaa80000)
  object space 363008K, 79% used [0x00000000c0000000,0x00000000d19c42f0,0x00000000d6280000)
 PSPermGen       total 21504K, used 6118K [0x00000000b5a00000, 0x00000000b6f00000, 0x00000000c0000000)
  object space 21504K, 28% used [0x00000000b5a00000,0x00000000b5ff9870,0x00000000b6f00000)
Event: 16.794 GC heap after
Heap after GC invocations=26 (full 4):
 PSYoungGen      total 222720K, used 96994K [0x00000000eaa80000, 0x0000000100000000, 0x0000000100000000)
  eden space 117248K, 0% used [0x00000000eaa80000,0x00000000eaa80000,0x00000000f1d00000)
  from space 105472K, 91% used [0x00000000f9900000,0x00000000ff7b8b40,0x0000000100000000)
  to   space 116224K, 0% used [0x00000000f1d00000,0x00000000f1d00000,0x00000000f8e80000)
 ParOldGen       total 363008K, used 347837K [0x00000000c0000000, 0x00000000d6280000, 0x00000000eaa80000)
  object space 363008K, 95% used [0x00000000c0000000,0x00000000d53af7a8,0x00000000d6280000)
 PSPermGen       total 21504K, used 6118K [0x00000000b5a00000, 0x00000000b6f00000, 0x00000000c0000000)
  object space 21504K, 28% used [0x00000000b5a00000,0x00000000b5ff9870,0x00000000b6f00000)
}
Event: 16.794 GC heap before
{Heap before GC invocations=27 (full 5):
 PSYoungGen      total 222720K, used 96994K [0x00000000eaa80000, 0x0000000100000000, 0x0000000100000000)
  eden space 117248K, 0% used [0x00000000eaa80000,0x00000000eaa80000,0x00000000f1d00000)
  from space 105472K, 91% used [0x00000000f9900000,0x00000000ff7b8b40,0x0000000100000000)
  to   space 116224K, 0% used [0x00000000f1d00000,0x00000000f1d00000,0x00000000f8e80000)
 ParOldGen       total 363008K, used 347837K [0x00000000c0000000, 0x00000000d6280000, 0x00000000eaa80000)
  object space 363008K, 95% used [0x00000000c0000000,0x00000000d53af7a8,0x00000000d6280000)
 PSPermGen       total 21504K, used 6118K [0x00000000b5a00000, 0x00000000b6f00000, 0x00000000c0000000)
  object space 21504K, 28% used [0x00000000b5a00000,0x00000000b5ff9870,0x00000000b6f00000)

Deoptimization events (10 events):
Event: 15.520 Thread 0x00007f56b800a800 Uncommon trap: reason=class_check action=maybe_recompile pc=0x00007f56b471b92c method=com.android.dx.cf.code.BytecodeArray.parseInstruction(ILcom/android/dx/cf/code/BytecodeArray$Visitor;)I @ 2092
Event: 15.846 Thread 0x00007f56b800a800 Uncommon trap: reason=unloaded action=reinterpret pc=0x00007f56b44dd470 method=com.android.dx.dex.cf.CfTranslator.coerceConstant(Lcom/android/dx/rop/cst/TypedConstant;Lcom/android/dx/rop/type/Type;)Lcom/android/dx/rop/cst/TypedConstant; @ 93
Event: 16.552 Thread 0x00007f56b800a800 Uncommon trap: reason=class_check action=maybe_recompile pc=0x00007f56b4444bd4 method=com.android.dx.ssa.SsaConverter.placePhiFunctions(Lcom/android/dx/ssa/SsaMethod;Lcom/android/dx/ssa/LocalVariableInfo;I)V @ 257
Event: 16.624 Thread 0x00007f56b800a800 Uncommon trap: reason=predicate action=maybe_recompile pc=0x00007f56b450e52c method=com.android.dx.ssa.back.InterferenceGraph.<init>(I)V @ 23
Event: 16.624 Thread 0x00007f56b800a800 Uncommon trap: reason=unloaded action=reinterpret pc=0x00007f56b4408f6c method=com.android.dx.ssa.SetFactory.makeInterferenceSet(I)Lcom/android/dx/util/IntSet; @ 18
Event: 16.626 Thread 0x00007f56b800a800 Uncommon trap: reason=unloaded action=reinterpret pc=0x00007f56b4418030 method=com.android.dx.ssa.SetFactory.makeLivenessSet(I)Lcom/android/dx/util/IntSet; @ 18
Event: 16.631 Thread 0x00007f56b800a800 Uncommon trap: reason=class_check action=maybe_recompile pc=0x00007f56b449a47c method=com.android.dx.ssa.back.InterferenceGraph.add(II)V @ 19
Event: 16.631 Thread 0x00007f56b800a800 Uncommon trap: reason=class_check action=maybe_recompile pc=0x00007f56b449a47c method=com.android.dx.ssa.back.InterferenceGraph.add(II)V @ 19
Event: 16.631 Thread 0x00007f56b800a800 Uncommon trap: reason=class_check action=maybe_recompile pc=0x00007f56b449a47c method=com.android.dx.ssa.back.InterferenceGraph.add(II)V @ 19
Event: 16.631 Thread 0x00007f56b800a800 Uncommon trap: reason=class_check action=maybe_recompile pc=0x00007f56b449a47c method=com.android.dx.ssa.back.InterferenceGraph.add(II)V @ 19

Internal exceptions (10 events):
Event: 6.236 Thread 0x00007f56b800a800 Threw 0x00000000f10defc0 at /build/buildd/openjdk-7-7u55-2.4.7/build/openjdk/hotspot/src/share/vm/prims/jvm.cpp:1244
Event: 6.845 Thread 0x00007f56b800a800 Threw 0x00000000f0e21c20 at /build/buildd/openjdk-7-7u55-2.4.7/build/openjdk/hotspot/src/share/vm/prims/jvm.cpp:1244
Event: 9.097 Thread 0x00007f56b800a800 Threw 0x00000000f2c6f140 at /build/buildd/openjdk-7-7u55-2.4.7/build/openjdk/hotspot/src/share/vm/prims/jvm.cpp:1244
Event: 11.631 Thread 0x00007f56b800a800 Implicit null exception at 0x00007f56b4682f09 to 0x00007f56b468417d
Event: 14.032 Thread 0x00007f56b800a800 Implicit null exception at 0x00007f56b46a7363 to 0x00007f56b46a8b69
Event: 14.579 Thread 0x00007f56b800a800 Threw 0x00000000f4a475f8 at /build/buildd/openjdk-7-7u55-2.4.7/build/openjdk/hotspot/src/share/vm/prims/jvm.cpp:1244
Event: 14.584 Thread 0x00007f56b800a800 Threw 0x00000000f4a8db48 at /build/buildd/openjdk-7-7u55-2.4.7/build/openjdk/hotspot/src/share/vm/prims/jvm.cpp:1244
Event: 15.433 Thread 0x00007f56b800a800 Implicit null exception at 0x00007f56b459199f to 0x00007f56b4591c25
Event: 15.434 Thread 0x00007f56b800a800 Implicit null exception at 0x00007f56b448a6eb to 0x00007f56b448a955
Event: 15.477 Thread 0x00007f56b800a800 Implicit null exception at 0x00007f56b445d53c to 0x00007f56b445d651

Events (10 events):
Event: 16.631 Thread 0x00007f56b800a800 DEOPT PACKING pc=0x00007f56b449a47c sp=0x00007f56be810f10
Event: 16.631 Thread 0x00007f56b800a800 DEOPT UNPACKING pc=0x00007f56b43c7445 sp=0x00007f56be810f08 mode 2
Event: 16.631 Thread 0x00007f56b800a800 Uncommon trap: trap_request=0xffffffde fr.pc=0x00007f56b449a47c
Event: 16.631 Thread 0x00007f56b800a800 DEOPT PACKING pc=0x00007f56b449a47c sp=0x00007f56be810f10
Event: 16.631 Thread 0x00007f56b800a800 DEOPT UNPACKING pc=0x00007f56b43c7445 sp=0x00007f56be810f08 mode 2
Event: 16.631 Thread 0x00007f56b800a800 Uncommon trap: trap_request=0xffffffde fr.pc=0x00007f56b449a47c
Event: 16.631 Thread 0x00007f56b800a800 DEOPT PACKING pc=0x00007f56b449a47c sp=0x00007f56be810f10
Event: 16.631 Thread 0x00007f56b800a800 DEOPT UNPACKING pc=0x00007f56b43c7445 sp=0x00007f56be810f08 mode 2
Event: 16.656 Thread 0x00007f56b80a4000 flushing nmethod 0x00007f56b46863d0
Event: 16.662 Executing VM operation: ParallelGCFailedAllocation


Dynamic libraries:
00400000-00401000 r-xp 00000000 08:05 404203                             /usr/lib/jvm/java-7-openjdk-amd64/jre/bin/java
00600000-00601000 r--p 00000000 08:05 404203                             /usr/lib/jvm/java-7-openjdk-amd64/jre/bin/java
00601000-00602000 rw-p 00001000 08:05 404203                             /usr/lib/jvm/java-7-openjdk-amd64/jre/bin/java
022e3000-02304000 rw-p 00000000 00:00 0                                  [heap]
b5a00000-b6f00000 rw-p 00000000 00:00 0 
b6f00000-c0000000 rw-p 00000000 00:00 0 
c0000000-d6280000 rw-p 00000000 00:00 0 
e0980000-eaa80000 rw-p 00000000 00:00 0 
eaa80000-100000000 rw-p 00000000 00:00 0 
7f5674000000-7f5674021000 rw-p 00000000 00:00 0 
7f5674021000-7f5678000000 ---p 00000000 00:00 0 
7f567c000000-7f567d97a000 rw-p 00000000 00:00 0 
7f567d97a000-7f5680000000 ---p 00000000 00:00 0 
7f5680000000-7f5680021000 rw-p 00000000 00:00 0 
7f5680021000-7f5684000000 ---p 00000000 00:00 0 
7f5684000000-7f5684021000 rw-p 00000000 00:00 0 
7f5684021000-7f5688000000 ---p 00000000 00:00 0 
7f5688000000-7f5688fd7000 rw-p 00000000 00:00 0 
7f5688fd7000-7f568c000000 ---p 00000000 00:00 0 
7f568c000000-7f568c021000 rw-p 00000000 00:00 0 
7f568c021000-7f5690000000 ---p 00000000 00:00 0 
7f5690000000-7f5690021000 rw-p 00000000 00:00 0 
7f5690021000-7f5694000000 ---p 00000000 00:00 0 
7f5694000000-7f5694021000 rw-p 00000000 00:00 0 
7f5694021000-7f5698000000 ---p 00000000 00:00 0 
7f5698000000-7f569823d000 rw-p 00000000 00:00 0 
7f569823d000-7f569c000000 ---p 00000000 00:00 0 
7f569c000000-7f569c021000 rw-p 00000000 00:00 0 
7f569c021000-7f56a0000000 ---p 00000000 00:00 0 
7f56a4000000-7f56a4021000 rw-p 00000000 00:00 0 
7f56a4021000-7f56a8000000 ---p 00000000 00:00 0 
7f56a99ba000-7f56a99eb000 rw-p 00000000 00:00 0 
7f56a99eb000-7f56a9a28000 r-xp 00000000 08:05 1052680                    /lib/x86_64-linux-gnu/libpcre.so.3.13.1
7f56a9a28000-7f56a9c27000 ---p 0003d000 08:05 1052680                    /lib/x86_64-linux-gnu/libpcre.so.3.13.1
7f56a9c27000-7f56a9c28000 r--p 0003c000 08:05 1052680                    /lib/x86_64-linux-gnu/libpcre.so.3.13.1
7f56a9c28000-7f56a9c29000 rw-p 0003d000 08:05 1052680                    /lib/x86_64-linux-gnu/libpcre.so.3.13.1
7f56a9c29000-7f56a9c30000 r-xp 00000000 08:05 401716                     /usr/lib/x86_64-linux-gnu/libffi.so.6.0.1
7f56a9c30000-7f56a9e2f000 ---p 00007000 08:05 401716                     /usr/lib/x86_64-linux-gnu/libffi.so.6.0.1
7f56a9e2f000-7f56a9e30000 r--p 00006000 08:05 401716                     /usr/lib/x86_64-linux-gnu/libffi.so.6.0.1
7f56a9e30000-7f56a9e31000 rw-p 00007000 08:05 401716                     /usr/lib/x86_64-linux-gnu/libffi.so.6.0.1
7f56a9e31000-7f56a9e48000 r-xp 00000000 08:05 1052703                    /lib/x86_64-linux-gnu/libresolv-2.19.so
7f56a9e48000-7f56aa048000 ---p 00017000 08:05 1052703                    /lib/x86_64-linux-gnu/libresolv-2.19.so
7f56aa048000-7f56aa049000 r--p 00017000 08:05 1052703                    /lib/x86_64-linux-gnu/libresolv-2.19.so
7f56aa049000-7f56aa04a000 rw-p 00018000 08:05 1052703                    /lib/x86_64-linux-gnu/libresolv-2.19.so
7f56aa04a000-7f56aa04c000 rw-p 00000000 00:00 0 
7f56aa04c000-7f56aa06c000 r-xp 00000000 08:05 1052568                    /lib/x86_64-linux-gnu/libselinux.so.1
7f56aa06c000-7f56aa26b000 ---p 00020000 08:05 1052568                    /lib/x86_64-linux-gnu/libselinux.so.1
7f56aa26b000-7f56aa26c000 r--p 0001f000 08:05 1052568                    /lib/x86_64-linux-gnu/libselinux.so.1
7f56aa26c000-7f56aa26d000 rw-p 00020000 08:05 1052568                    /lib/x86_64-linux-gnu/libselinux.so.1
7f56aa26d000-7f56aa26f000 rw-p 00000000 00:00 0 
7f56aa26f000-7f56aa272000 r-xp 00000000 08:05 401833                     /usr/lib/x86_64-linux-gnu/libgmodule-2.0.so.0.4000.0
7f56aa272000-7f56aa471000 ---p 00003000 08:05 401833                     /usr/lib/x86_64-linux-gnu/libgmodule-2.0.so.0.4000.0
7f56aa471000-7f56aa472000 r--p 00002000 08:05 401833                     /usr/lib/x86_64-linux-gnu/libgmodule-2.0.so.0.4000.0
7f56aa472000-7f56aa473000 rw-p 00003000 08:05 401833                     /usr/lib/x86_64-linux-gnu/libgmodule-2.0.so.0.4000.0
7f56aa473000-7f56aa579000 r-xp 00000000 08:05 1052608                    /lib/x86_64-linux-gnu/libglib-2.0.so.0.4000.0
7f56aa579000-7f56aa778000 ---p 00106000 08:05 1052608                    /lib/x86_64-linux-gnu/libglib-2.0.so.0.4000.0
7f56aa778000-7f56aa779000 r--p 00105000 08:05 1052608                    /lib/x86_64-linux-gnu/libglib-2.0.so.0.4000.0
7f56aa779000-7f56aa77a000 rw-p 00106000 08:05 1052608                    /lib/x86_64-linux-gnu/libglib-2.0.so.0.4000.0
7f56aa77a000-7f56aa77b000 rw-p 00000000 00:00 0 
7f56aa77b000-7f56aa7ca000 r-xp 00000000 08:05 401849                     /usr/lib/x86_64-linux-gnu/libgobject-2.0.so.0.4000.0
7f56aa7ca000-7f56aa9ca000 ---p 0004f000 08:05 401849                     /usr/lib/x86_64-linux-gnu/libgobject-2.0.so.0.4000.0
7f56aa9ca000-7f56aa9cb000 r--p 0004f000 08:05 401849                     /usr/lib/x86_64-linux-gnu/libgobject-2.0.so.0.4000.0
7f56aa9cb000-7f56aa9cc000 rw-p 00050000 08:05 401849                     /usr/lib/x86_64-linux-gnu/libgobject-2.0.so.0.4000.0
7f56aa9cc000-7f56aab37000 r-xp 00000000 08:05 401819                     /usr/lib/x86_64-linux-gnu/libgio-2.0.so.0.4000.0
7f56aab37000-7f56aad37000 ---p 0016b000 08:05 401819                     /usr/lib/x86_64-linux-gnu/libgio-2.0.so.0.4000.0
7f56aad37000-7f56aad3b000 r--p 0016b000 08:05 401819                     /usr/lib/x86_64-linux-gnu/libgio-2.0.so.0.4000.0
7f56aad3b000-7f56aad3d000 rw-p 0016f000 08:05 401819                     /usr/lib/x86_64-linux-gnu/libgio-2.0.so.0.4000.0
7f56aad3d000-7f56aad3f000 rw-p 00000000 00:00 0 
7f56aad3f000-7f56aad55000 r-xp 00000000 08:05 404264                     /usr/lib/jvm/java-7-openjdk-amd64/jre/lib/amd64/libnet.so
7f56aad55000-7f56aaf55000 ---p 00016000 08:05 404264                     /usr/lib/jvm/java-7-openjdk-amd64/jre/lib/amd64/libnet.so
7f56aaf55000-7f56aaf56000 r--p 00016000 08:05 404264                     /usr/lib/jvm/java-7-openjdk-amd64/jre/lib/amd64/libnet.so
7f56aaf56000-7f56aaf57000 rw-p 00017000 08:05 404264                     /usr/lib/jvm/java-7-openjdk-amd64/jre/lib/amd64/libnet.so
7f56aaf57000-7f56aaf67000 r-xp 00000000 08:05 404273                     /usr/lib/jvm/java-7-openjdk-amd64/jre/lib/amd64/libnio.so
7f56aaf67000-7f56ab167000 ---p 00010000 08:05 404273                     /usr/lib/jvm/java-7-openjdk-amd64/jre/lib/amd64/libnio.so
7f56ab167000-7f56ab168000 r--p 00010000 08:05 404273                     /usr/lib/jvm/java-7-openjdk-amd64/jre/lib/amd64/libnio.so
7f56ab168000-7f56ab169000 rw-p 00011000 08:05 404273                     /usr/lib/jvm/java-7-openjdk-amd64/jre/lib/amd64/libnio.so
7f56ab169000-7f56ab217000 r--s 006f4000 08:05 4726391                    /home/sandeep/Desktop/Qwerto/app/build/intermediates/multi-dex/debug/allclasses.jar
7f56ab217000-7f56ab218000 ---p 00000000 00:00 0 
7f56ab218000-7f56ab318000 rw-p 00000000 00:00 0                          [stack:5306]
7f56ab318000-7f56ab31b000 ---p 00000000 00:00 0 
7f56ab31b000-7f56ab419000 rw-p 00000000 00:00 0                          [stack:5305]
7f56ab419000-7f56ab41c000 ---p 00000000 00:00 0 
7f56ab41c000-7f56ab51a000 rw-p 00000000 00:00 0                          [stack:5304]
7f56ab51a000-7f56ab51d000 ---p 00000000 00:00 0 
7f56ab51d000-7f56ab61b000 rw-p 00000000 00:00 0                          [stack:5303]
7f56ab61b000-7f56ab61e000 ---p 00000000 00:00 0 
7f56ab61e000-7f56ab71c000 rw-p 00000000 00:00 0                          [stack:5302]
7f56ab71c000-7f56abdfe000 r--p 00000000 08:05 400395                     /usr/lib/locale/locale-archive
7f56abdfe000-7f56abe01000 ---p 00000000 00:00 0 
7f56abe01000-7f56abeff000 rw-p 00000000 00:00 0                          [stack:5301]
7f56abeff000-7f56abf02000 ---p 00000000 00:00 0 
7f56abf02000-7f56ac000000 rw-p 00000000 00:00 0                          [stack:5300]
7f56ac000000-7f56ac021000 rw-p 00000000 00:00 0 
7f56ac021000-7f56b0000000 ---p 00000000 00:00 0 
7f56b004d000-7f56b004e000 ---p 00000000 00:00 0 
7f56b004e000-7f56b114b000 rw-p 00000000 00:00 0                          [stack:5299]
7f56b114b000-7f56b12f9000 r--s 01cfc000 08:05 404211                     /usr/lib/jvm/java-7-openjdk-amd64/jre/lib/rt.jar
7f56b12f9000-7f56b3b8d000 rw-p 00000000 00:00 0 
7f56b3b8d000-7f56b3b8e000 ---p 00000000 00:00 0 
7f56b3b8e000-7f56b3c8e000 rw-p 00000000 00:00 0                          [stack:5298]
7f56b3c8e000-7f56b3c8f000 ---p 00000000 00:00 0 
7f56b3c8f000-7f56b3d8f000 rw-p 00000000 00:00 0                          [stack:5297]
7f56b3d8f000-7f56b3d90000 ---p 00000000 00:00 0 
7f56b3d90000-7f56b3e90000 rw-p 00000000 00:00 0                          [stack:5296]
7f56b3e90000-7f56b3e91000 ---p 00000000 00:00 0 
7f56b3e91000-7f56b3f9c000 rw-p 00000000 00:00 0                          [stack:5295]
7f56b3f9c000-7f56b3fe4000 rw-p 00000000 00:00 0 
7f56b3fe4000-7f56b4096000 rw-p 00000000 00:00 0 
7f56b4096000-7f56b413a000 rw-p 00000000 00:00 0 
7f56b413a000-7f56b4145000 rw-p 00000000 00:00 0 
7f56b4145000-7f56b418d000 rw-p 00000000 00:00 0 
7f56b418d000-7f56b423f000 rw-p 00000000 00:00 0 
7f56b423f000-7f56b42e2000 rw-p 00000000 00:00 0 
7f56b42e2000-7f56b438d000 rw-p 00000000 00:00 0 
7f56b438d000-7f56b438e000 rw-p 00000000 00:00 0 
7f56b438e000-7f56b475e000 rwxp 00000000 00:00 0 
7f56b475e000-7f56b738e000 rw-p 00000000 00:00 0 
7f56b738e000-7f56b7396000 r-xp 00000000 08:05 404259                     /usr/lib/jvm/java-7-openjdk-amd64/jre/lib/amd64/libzip.so
7f56b7396000-7f56b7595000 ---p 00008000 08:05 404259                     /usr/lib/jvm/java-7-openjdk-amd64/jre/lib/amd64/libzip.so
7f56b7595000-7f56b7596000 r--p 00007000 08:05 404259                     /usr/lib/jvm/java-7-openjdk-amd64/jre/lib/amd64/libzip.so
7f56b7596000-7f56b7597000 rw-p 00008000 08:05 404259                     /usr/lib/jvm/java-7-openjdk-amd64/jre/lib/amd64/libzip.so
7f56b7597000-7f56b75a2000 r-xp 00000000 08:05 1052652                    /lib/x86_64-linux-gnu/libnss_files-2.19.so
7f56b75a2000-7f56b77a1000 ---p 0000b000 08:05 1052652                    /lib/x86_64-linux-gnu/libnss_files-2.19.so
7f56b77a1000-7f56b77a2000 r--p 0000a000 08:05 1052652                    /lib/x86_64-linux-gnu/libnss_files-2.19.so
7f56b77a2000-7f56b77a3000 rw-p 0000b000 08:05 1052652                    /lib/x86_64-linux-gnu/libnss_files-2.19.so
7f56b77a3000-7f56b77ae000 r-xp 00000000 08:05 1052662                    /lib/x86_64-linux-gnu/libnss_nis-2.19.so
7f56b77ae000-7f56b79ad000 ---p 0000b000 08:05 1052662                    /lib/x86_64-linux-gnu/libnss_nis-2.19.so
7f56b79ad000-7f56b79ae000 r--p 0000a000 08:05 1052662                    /lib/x86_64-linux-gnu/libnss_nis-2.19.so
7f56b79ae000-7f56b79af000 rw-p 0000b000 08:05 1052662                    /lib/x86_64-linux-gnu/libnss_nis-2.19.so
7f56b79af000-7f56b79c6000 r-xp 00000000 08:05 1052646                    /lib/x86_64-linux-gnu/libnsl-2.19.so
7f56b79c6000-7f56b7bc5000 ---p 00017000 08:05 1052646                    /lib/x86_64-linux-gnu/libnsl-2.19.so
7f56b7bc5000-7f56b7bc6000 r--p 00016000 08:05 1052646                    /lib/x86_64-linux-gnu/libnsl-2.19.so
7f56b7bc6000-7f56b7bc7000 rw-p 00017000 08:05 1052646                    /lib/x86_64-linux-gnu/libnsl-2.19.so
7f56b7bc7000-7f56b7bc9000 rw-p 00000000 00:00 0 
7f56b7bc9000-7f56b7bd2000 r-xp 00000000 08:05 1052648                    /lib/x86_64-linux-gnu/libnss_compat-2.19.so
7f56b7bd2000-7f56b7dd1000 ---p 00009000 08:05 1052648                    /lib/x86_64-linux-gnu/libnss_compat-2.19.so
7f56b7dd1000-7f56b7dd2000 r--p 00008000 08:05 1052648                    /lib/x86_64-linux-gnu/libnss_compat-2.19.so
7f56b7dd2000-7f56b7dd3000 rw-p 00009000 08:05 1052648                    /lib/x86_64-linux-gnu/libnss_compat-2.19.so
7f56b7dd3000-7f56b7dfe000 r-xp 00000000 08:05 404255                     /usr/lib/jvm/java-7-openjdk-amd64/jre/lib/amd64/libjava.so
7f56b7dfe000-7f56b7ffd000 ---p 0002b000 08:05 404255                     /usr/lib/jvm/java-7-openjdk-amd64/jre/lib/amd64/libjava.so
7f56b7ffd000-7f56b7ffe000 r--p 0002a000 08:05 404255                     /usr/lib/jvm/java-7-openjdk-amd64/jre/lib/amd64/libjava.so
7f56b7ffe000-7f56b8000000 rw-p 0002b000 08:05 404255                     /usr/lib/jvm/java-7-openjdk-amd64/jre/lib/amd64/libjava.so
7f56b8000000-7f56b82f1000 rw-p 00000000 00:00 0 
7f56b82f1000-7f56bc000000 ---p 00000000 00:00 0 
7f56bc00e000-7f56bc01e000 r-xp 00000000 08:05 404288                     /usr/lib/jvm/java-7-openjdk-amd64/jre/lib/amd64/libverify.so
7f56bc01e000-7f56bc21d000 ---p 00010000 08:05 404288                     /usr/lib/jvm/java-7-openjdk-amd64/jre/lib/amd64/libverify.so
7f56bc21d000-7f56bc21f000 r--p 0000f000 08:05 404288                     /usr/lib/jvm/java-7-openjdk-amd64/jre/lib/amd64/libverify.so
7f56bc21f000-7f56bc220000 rw-p 00011000 08:05 404288                     /usr/lib/jvm/java-7-openjdk-amd64/jre/lib/amd64/libverify.so
7f56bc220000-7f56bc227000 r-xp 00000000 08:05 1052705                    /lib/x86_64-linux-gnu/librt-2.19.so
7f56bc227000-7f56bc426000 ---p 00007000 08:05 1052705                    /lib/x86_64-linux-gnu/librt-2.19.so
7f56bc426000-7f56bc427000 r--p 00006000 08:05 1052705                    /lib/x86_64-linux-gnu/librt-2.19.so
7f56bc427000-7f56bc428000 rw-p 00007000 08:05 1052705                    /lib/x86_64-linux-gnu/librt-2.19.so
7f56bc428000-7f56bc43e000 r-xp 00000000 08:05 1052604                    /lib/x86_64-linux-gnu/libgcc_s.so.1
7f56bc43e000-7f56bc63d000 ---p 00016000 08:05 1052604                    /lib/x86_64-linux-gnu/libgcc_s.so.1
7f56bc63d000-7f56bc63e000 rw-p 00015000 08:05 1052604                    /lib/x86_64-linux-gnu/libgcc_s.so.1
7f56bc63e000-7f56bc743000 r-xp 00000000 08:05 1052627                    /lib/x86_64-linux-gnu/libm-2.19.so
7f56bc743000-7f56bc942000 ---p 00105000 08:05 1052627                    /lib/x86_64-linux-gnu/libm-2.19.so
7f56bc942000-7f56bc943000 r--p 00104000 08:05 1052627                    /lib/x86_64-linux-gnu/libm-2.19.so
7f56bc943000-7f56bc944000 rw-p 00105000 08:05 1052627                    /lib/x86_64-linux-gnu/libm-2.19.so
7f56bc944000-7f56bca2a000 r-xp 00000000 08:05 397418                     /usr/lib/x86_64-linux-gnu/libstdc++.so.6.0.19
7f56bca2a000-7f56bcc29000 ---p 000e6000 08:05 397418                     /usr/lib/x86_64-linux-gnu/libstdc++.so.6.0.19
7f56bcc29000-7f56bcc31000 r--p 000e5000 08:05 397418                     /usr/lib/x86_64-linux-gnu/libstdc++.so.6.0.19
7f56bcc31000-7f56bcc33000 rw-p 000ed000 08:05 397418                     /usr/lib/x86_64-linux-gnu/libstdc++.so.6.0.19
7f56bcc33000-7f56bcc48000 rw-p 00000000 00:00 0 
7f56bcc48000-7f56bd729000 r-xp 00000000 08:05 404270                     /usr/lib/jvm/java-7-openjdk-amd64/jre/lib/amd64/server/libjvm.so
7f56bd729000-7f56bd928000 ---p 00ae1000 08:05 404270                     /usr/lib/jvm/java-7-openjdk-amd64/jre/lib/amd64/server/libjvm.so
7f56bd928000-7f56bd9ba000 r--p 00ae0000 08:05 404270                     /usr/lib/jvm/java-7-openjdk-amd64/jre/lib/amd64/server/libjvm.so
7f56bd9ba000-7f56bd9dd000 rw-p 00b72000 08:05 404270                     /usr/lib/jvm/java-7-openjdk-amd64/jre/lib/amd64/server/libjvm.so
7f56bd9dd000-7f56bda0a000 rw-p 00000000 00:00 0 
7f56bda0a000-7f56bda22000 r-xp 00000000 08:05 1052740                    /lib/x86_64-linux-gnu/libz.so.1.2.8
7f56bda22000-7f56bdc21000 ---p 00018000 08:05 1052740                    /lib/x86_64-linux-gnu/libz.so.1.2.8
7f56bdc21000-7f56bdc22000 r--p 00017000 08:05 1052740                    /lib/x86_64-linux-gnu/libz.so.1.2.8
7f56bdc22000-7f56bdc23000 rw-p 00018000 08:05 1052740                    /lib/x86_64-linux-gnu/libz.so.1.2.8
7f56bdc23000-7f56bdc3c000 r-xp 00000000 08:05 1052697                    /lib/x86_64-linux-gnu/libpthread-2.19.so
7f56bdc3c000-7f56bde3b000 ---p 00019000 08:05 1052697                    /lib/x86_64-linux-gnu/libpthread-2.19.so
7f56bde3b000-7f56bde3c000 r--p 00018000 08:05 1052697                    /lib/x86_64-linux-gnu/libpthread-2.19.so
7f56bde3c000-7f56bde3d000 rw-p 00019000 08:05 1052697                    /lib/x86_64-linux-gnu/libpthread-2.19.so
7f56bde3d000-7f56bde41000 rw-p 00000000 00:00 0 
7f56bde41000-7f56bde44000 r-xp 00000000 08:05 1052594                    /lib/x86_64-linux-gnu/libdl-2.19.so
7f56bde44000-7f56be043000 ---p 00003000 08:05 1052594                    /lib/x86_64-linux-gnu/libdl-2.19.so
7f56be043000-7f56be044000 r--p 00002000 08:05 1052594                    /lib/x86_64-linux-gnu/libdl-2.19.so
7f56be044000-7f56be045000 rw-p 00003000 08:05 1052594                    /lib/x86_64-linux-gnu/libdl-2.19.so
7f56be045000-7f56be201000 r-xp 00000000 08:05 1052577                    /lib/x86_64-linux-gnu/libc-2.19.so
7f56be201000-7f56be400000 ---p 001bc000 08:05 1052577                    /lib/x86_64-linux-gnu/libc-2.19.so
7f56be400000-7f56be404000 r--p 001bb000 08:05 1052577                    /lib/x86_64-linux-gnu/libc-2.19.so
7f56be404000-7f56be406000 rw-p 001bf000 08:05 1052577                    /lib/x86_64-linux-gnu/libc-2.19.so
7f56be406000-7f56be40b000 rw-p 00000000 00:00 0 
7f56be40b000-7f56be418000 r-xp 00000000 08:05 404281                     /usr/lib/jvm/java-7-openjdk-amd64/jre/lib/amd64/jli/libjli.so
7f56be418000-7f56be617000 ---p 0000d000 08:05 404281                     /usr/lib/jvm/java-7-openjdk-amd64/jre/lib/amd64/jli/libjli.so
7f56be617000-7f56be618000 r--p 0000c000 08:05 404281                     /usr/lib/jvm/java-7-openjdk-amd64/jre/lib/amd64/jli/libjli.so
7f56be618000-7f56be619000 rw-p 0000d000 08:05 404281                     /usr/lib/jvm/java-7-openjdk-amd64/jre/lib/amd64/jli/libjli.so
7f56be619000-7f56be63c000 r-xp 00000000 08:05 1052553                    /lib/x86_64-linux-gnu/ld-2.19.so
7f56be643000-7f56be652000 r--s 000dd000 08:05 4080337                    /home/sandeep/android-sdks/build-tools/22.0.1/lib/dx.jar
7f56be652000-7f56be662000 rw-p 00000000 00:00 0 
7f56be662000-7f56be712000 rw-p 00000000 00:00 0 
7f56be712000-7f56be715000 ---p 00000000 00:00 0 
7f56be715000-7f56be818000 rw-p 00000000 00:00 0                          [stack:5294]
7f56be81b000-7f56be81c000 rw-p 00000000 00:00 0 
7f56be81c000-7f56be81d000 r--s 00002000 08:05 404220                     /usr/lib/jvm/java-7-openjdk-amd64/jre/lib/ext/dnsns.jar
7f56be81d000-7f56be821000 r--s 0003b000 08:05 404219                     /usr/lib/jvm/java-7-openjdk-amd64/jre/lib/ext/sunpkcs11.jar
7f56be821000-7f56be823000 r--s 00012000 08:05 404216                     /usr/lib/jvm/java-7-openjdk-amd64/jre/lib/ext/zipfs.jar
7f56be823000-7f56be825000 r--s 00006000 08:05 794704                     /usr/share/java/java-atk-wrapper.jar
7f56be825000-7f56be829000 r--s 00085000 08:05 404218                     /usr/lib/jvm/java-7-openjdk-amd64/jre/lib/ext/localedata.jar
7f56be829000-7f56be82c000 r--s 00032000 08:05 404217                     /usr/lib/jvm/java-7-openjdk-amd64/jre/lib/ext/sunjce_provider.jar
7f56be82c000-7f56be82f000 r--s 0000f000 08:05 404215                     /usr/lib/jvm/java-7-openjdk-amd64/jre/lib/ext/pulse-java.jar
7f56be82f000-7f56be837000 rw-s 00000000 08:05 1073094                    /tmp/hsperfdata_sandeep/5290
7f56be837000-7f56be838000 rw-p 00000000 00:00 0 
7f56be838000-7f56be839000 ---p 00000000 00:00 0 
7f56be839000-7f56be83b000 rw-p 00000000 00:00 0 
7f56be83b000-7f56be83c000 r--p 00022000 08:05 1052553                    /lib/x86_64-linux-gnu/ld-2.19.so
7f56be83c000-7f56be83d000 rw-p 00023000 08:05 1052553                    /lib/x86_64-linux-gnu/ld-2.19.so
7f56be83d000-7f56be83e000 rw-p 00000000 00:00 0 
7fff13312000-7fff13334000 rw-p 00000000 00:00 0                          [stack]
7fff133db000-7fff133dd000 r-xp 00000000 00:00 0                          [vdso]
ffffffffff600000-ffffffffff601000 r-xp 00000000 00:00 0                  [vsyscall]

VM Arguments:
jvm_args: -Xmx1024M -Dfile.encoding=UTF-8 -Duser.country=IN -Duser.language=en -Duser.variant 
java_command: com.android.dx.command.Main --dex --multi-dex --main-dex-list /home/sandeep/Desktop/Qwerto/app/build/intermediates/multi-dex/debug/maindexlist.txt --output /home/sandeep/Desktop/Qwerto/app/build/intermediates/dex/debug /home/sandeep/Desktop/Qwerto/app/build/intermediates/multi-dex/debug/allclasses.jar
Launcher Type: SUN_STANDARD

Environment Variables:
CLASSPATH=./../lib/bootstrap.jar:./../lib/extensions.jar:./../lib/util.jar:./../lib/jdom.jar:./../lib/log4j.jar:./../lib/trove4j.jar:./../lib/jna.jar:/usr/lib/jvm/java-7-openjdk-amd64/lib/tools.jar
PATH=/home/sandeep/android-sdks/platform-tools/:/usr/local/sbin:/usr/local/bin:/usr/sbin:/usr/bin:/sbin:/bin:/usr/games:/usr/local/games
LD_LIBRARY_PATH=.:
SHELL=/bin/bash
DISPLAY=:0

Signal Handlers:
SIGSEGV: [libjvm.so+0x918620], sa_mask[0]=0x7ffbfeff, sa_flags=0x10000004
SIGBUS: [libjvm.so+0x918620], sa_mask[0]=0x7ffbfeff, sa_flags=0x10000004
SIGFPE: [libjvm.so+0x795e30], sa_mask[0]=0x7ffbfeff, sa_flags=0x10000004
SIGPIPE: [libjvm.so+0x795e30], sa_mask[0]=0x7ffbfeff, sa_flags=0x10000004
SIGXFSZ: [libjvm.so+0x795e30], sa_mask[0]=0x7ffbfeff, sa_flags=0x10000004
SIGILL: [libjvm.so+0x795e30], sa_mask[0]=0x7ffbfeff, sa_flags=0x10000004
SIGUSR1: SIG_DFL, sa_mask[0]=0x00000000, sa_flags=0x00000000
SIGUSR2: [libjvm.so+0x795cd0], sa_mask[0]=0x00000004, sa_flags=0x10000004
SIGHUP: [libjvm.so+0x795eb0], sa_mask[0]=0x7ffbfeff, sa_flags=0x10000004
SIGINT: [libjvm.so+0x795eb0], sa_mask[0]=0x7ffbfeff, sa_flags=0x10000004
SIGTERM: [libjvm.so+0x795eb0], sa_mask[0]=0x7ffbfeff, sa_flags=0x10000004
SIGQUIT: [libjvm.so+0x795eb0], sa_mask[0]=0x7ffbfeff, sa_flags=0x10000004


---------------  S Y S T E M  ---------------

OS:Ubuntu 14.04 (trusty)
uname:Linux 3.13.0-30-generic #54-Ubuntu SMP Mon Jun 9 22:45:01 UTC 2014 x86_64
libc:glibc 2.19 NPTL 2.19 
rlimit: STACK 8192k, CORE 0k, NPROC 30722, NOFILE 4096, AS infinity
load average:1.72 1.20 0.96

/proc/meminfo:
MemTotal:        3954024 kB
MemFree:          143376 kB
Buffers:             808 kB
Cached:           247368 kB
SwapCached:            0 kB
Active:          3428900 kB
Inactive:         223976 kB
Active(anon):    3406544 kB
Inactive(anon):   201128 kB
Active(file):      22356 kB
Inactive(file):    22848 kB
Unevictable:          32 kB
Mlocked:              32 kB
SwapTotal:             0 kB
SwapFree:              0 kB
Dirty:               200 kB
Writeback:             0 kB
AnonPages:       3404500 kB
Mapped:            80252 kB
Shmem:            202996 kB
Slab:              59080 kB
SReclaimable:      25928 kB
SUnreclaim:        33152 kB
KernelStack:        4960 kB
PageTables:        39188 kB
NFS_Unstable:          0 kB
Bounce:                0 kB
WritebackTmp:          0 kB
CommitLimit:     1977012 kB
Committed_AS:    6849856 kB
VmallocTotal:   34359738367 kB
VmallocUsed:      347388 kB
VmallocChunk:   34359383516 kB
HardwareCorrupted:     0 kB
AnonHugePages:   1167360 kB
HugePages_Total:       0
HugePages_Free:        0
HugePages_Rsvd:        0
HugePages_Surp:        0
Hugepagesize:       2048 kB
DirectMap4k:       80552 kB
DirectMap2M:     4020224 kB


CPU:total 4 (2 cores per cpu, 2 threads per core) family 6 model 42 stepping 7, cmov, cx8, fxsr, mmx, sse, sse2, sse3, ssse3, sse4.1, sse4.2, popcnt, avx, aes, ht, tsc, tscinvbit

/proc/cpuinfo:
processor	: 0
vendor_id	: GenuineIntel
cpu family	: 6
model		: 42
model name	: Intel(R) Core(TM) i5-2450M CPU @ 2.50GHz
stepping	: 7
microcode	: 0x1b
cpu MHz		: 2500.000
cache size	: 3072 KB
physical id	: 0
siblings	: 4
core id		: 0
cpu cores	: 2
apicid		: 0
initial apicid	: 0
fpu		: yes
fpu_exception	: yes
cpuid level	: 13
wp		: yes
flags		: fpu vme de pse tsc msr pae mce cx8 apic sep mtrr pge mca cmov pat pse36 clflush dts acpi mmx fxsr sse sse2 ss ht tm pbe syscall nx rdtscp lm constant_tsc arch_perfmon pebs bts rep_good nopl xtopology nonstop_tsc aperfmperf eagerfpu pni pclmulqdq dtes64 monitor ds_cpl vmx est tm2 ssse3 cx16 xtpr pdcm pcid sse4_1 sse4_2 x2apic popcnt tsc_deadline_timer aes xsave avx lahf_lm ida arat epb xsaveopt pln pts dtherm tpr_shadow vnmi flexpriority ept vpid
bogomips	: 4988.67
clflush size	: 64
cache_alignment	: 64
address sizes	: 36 bits physical, 48 bits virtual
power management:

processor	: 1
vendor_id	: GenuineIntel
cpu family	: 6
model		: 42
model name	: Intel(R) Core(TM) i5-2450M CPU @ 2.50GHz
stepping	: 7
microcode	: 0x1b
cpu MHz		: 2500.000
cache size	: 3072 KB
physical id	: 0
siblings	: 4
core id		: 1
cpu cores	: 2
apicid		: 2
initial apicid	: 2
fpu		: yes
fpu_exception	: yes
cpuid level	: 13
wp		: yes
flags		: fpu vme de pse tsc msr pae mce cx8 apic sep mtrr pge mca cmov pat pse36 clflush dts acpi mmx fxsr sse sse2 ss ht tm pbe syscall nx rdtscp lm constant_tsc arch_perfmon pebs bts rep_good nopl xtopology nonstop_tsc aperfmperf eagerfpu pni pclmulqdq dtes64 monitor ds_cpl vmx est tm2 ssse3 cx16 xtpr pdcm pcid sse4_1 sse4_2 x2apic popcnt tsc_deadline_timer aes xsave avx lahf_lm ida arat epb xsaveopt pln pts dtherm tpr_shadow vnmi flexpriority ept vpid
bogomips	: 4988.67
clflush size	: 64
cache_alignment	: 64
address sizes	: 36 bits physical, 48 bits virtual
power management:

processor	: 2
vendor_id	: GenuineIntel
cpu family	: 6
model		: 42
model name	: Intel(R) Core(TM) i5-2450M CPU @ 2.50GHz
stepping	: 7
microcode	: 0x1b
cpu MHz		: 2501.000
cache size	: 3072 KB
physical id	: 0
siblings	: 4
core id		: 0
cpu cores	: 2
apicid		: 1
initial apicid	: 1
fpu		: yes
fpu_exception	: yes
cpuid level	: 13
wp		: yes
flags		: fpu vme de pse tsc msr pae mce cx8 apic sep mtrr pge mca cmov pat pse36 clflush dts acpi mmx fxsr sse sse2 ss ht tm pbe syscall nx rdtscp lm constant_tsc arch_perfmon pebs bts rep_good nopl xtopology nonstop_tsc aperfmperf eagerfpu pni pclmulqdq dtes64 monitor ds_cpl vmx est tm2 ssse3 cx16 xtpr pdcm pcid sse4_1 sse4_2 x2apic popcnt tsc_deadline_timer aes xsave avx lahf_lm ida arat epb xsaveopt pln pts dtherm tpr_shadow vnmi flexpriority ept vpid
bogomips	: 4988.67
clflush size	: 64
cache_alignment	: 64
address sizes	: 36 bits physical, 48 bits virtual
power management:

processor	: 3
vendor_id	: GenuineIntel
cpu family	: 6
model		: 42
model name	: Intel(R) Core(TM) i5-2450M CPU @ 2.50GHz
stepping	: 7
microcode	: 0x1b
cpu MHz		: 800.000
cache size	: 3072 KB
physical id	: 0
siblings	: 4
core id		: 1
cpu cores	: 2
apicid		: 3
initial apicid	: 3
fpu		: yes
fpu_exception	: yes
cpuid level	: 13
wp		: yes
flags		: fpu vme de pse tsc msr pae mce cx8 apic sep mtrr pge mca cmov pat pse36 clflush dts acpi mmx fxsr sse sse2 ss ht tm pbe syscall nx rdtscp lm constant_tsc arch_perfmon pebs bts rep_good nopl xtopology nonstop_tsc aperfmperf eagerfpu pni pclmulqdq dtes64 monitor ds_cpl vmx est tm2 ssse3 cx16 xtpr pdcm pcid sse4_1 sse4_2 x2apic popcnt tsc_deadline_timer aes xsave avx lahf_lm ida arat epb xsaveopt pln pts dtherm tpr_shadow vnmi flexpriority ept vpid
bogomips	: 4988.67
clflush size	: 64
cache_alignment	: 64
address sizes	: 36 bits physical, 48 bits virtual
power management:



Memory: 4k page, physical 3954024k(143376k free), swap 0k(0k free)

vm_info: OpenJDK 64-Bit Server VM (24.51-b03) for linux-amd64 JRE (1.7.0_55-b14), built on Apr 17 2014 20:08:07 by "buildd" with gcc 4.8.2

time: Mon Aug 24 17:30:18 2015
elapsed time: 18 seconds

