#
# There is insufficient memory for the Java Runtime Environment to continue.
# Native memory allocation (malloc) failed to allocate 129499136 bytes for committing reserved memory.
# Possible reasons:
#   The system is out of physical RAM or swap space
#   In 32 bit mode, the process size limit was hit
# Possible solutions:
#   Reduce memory load on the system
#   Increase physical memory or swap space
#   Check if swap backing store is full
#   Use 64 bit Java on a 64 bit OS
#   Decrease Java heap size (-Xmx/-Xms)
#   Decrease number of Java threads
#   Decrease Java thread stack sizes (-Xss)
#   Set larger code cache with -XX:ReservedCodeCacheSize=
# This output file may be truncated or incomplete.
#
#  Out of Memory Error (os_linux.cpp:2769), pid=6521, tid=140421014169344
#
# JRE version: OpenJDK Runtime Environment (7.0_55-b14) (build 1.7.0_55-b14)
# Java VM: OpenJDK 64-Bit Server VM (24.51-b03 mixed mode linux-amd64 compressed oops)
# Failed to write core dump. Core dumps have been disabled. To enable core dumping, try "ulimit -c unlimited" before starting Java again
#

---------------  T H R E A D  ---------------

Current thread (0x00007fb64c075800):  VMThread [stack: 0x00007fb6509b2000,0x00007fb650ab3000] [id=6531]

Stack: [0x00007fb6509b2000,0x00007fb650ab3000],  sp=0x00007fb650ab1470,  free space=1021k
Native frames: (J=compiled Java code, j=interpreted, Vv=VM code, C=native code)
V  [libjvm.so+0x917b35]  VMError::report_and_die()+0x175
V  [libjvm.so+0x468144]  report_vm_out_of_memory(char const*, int, unsigned long, char const*)+0x74
V  [libjvm.so+0x79a81b]  os::pd_commit_memory(char*, unsigned long, unsigned long, bool)+0x20b
V  [libjvm.so+0x7950df]  os::commit_memory(char*, unsigned long, unsigned long, bool)+0x1f
V  [libjvm.so+0x8053cb]  PSVirtualSpace::expand_by(unsigned long)+0x5b
V  [libjvm.so+0x7f519b]  PSOldGen::expand_by(unsigned long) [clone .part.80]+0x1b
V  [libjvm.so+0x7f535b]  PSOldGen::expand(unsigned long) [clone .part.81]+0xdb
V  [libjvm.so+0x7f6288]  PSOldGen::resize(unsigned long)+0x188
V  [libjvm.so+0x7fd2e3]  PSParallelCompact::invoke_no_policy(bool)+0x9c3
V  [libjvm.so+0x80350d]  PSScavenge::invoke()+0x17d
V  [libjvm.so+0x7b9b33]  ParallelScavengeHeap::failed_mem_allocate(unsigned long)+0x63
V  [libjvm.so+0x919544]  VM_ParallelGCFailedAllocation::doit()+0x84
V  [libjvm.so+0x91d9e7]  VM_Operation::evaluate()+0x47
V  [libjvm.so+0x91c3b8]  VMThread::evaluate_operation(VM_Operation*)+0x318
V  [libjvm.so+0x91c819]  VMThread::loop()+0x219
V  [libjvm.so+0x91cc62]  VMThread::run()+0x72
V  [libjvm.so+0x7974e2]  java_start(Thread*)+0xf2

VM_Operation (0x00007fb655c37ee0): ParallelGCFailedAllocation, mode: safepoint, requested by thread 0x00007fb64c00a800


---------------  P R O C E S S  ---------------

Java Threads: ( => current thread )
  0x00007fb64c0a6000 JavaThread "Service Thread" daemon [_thread_blocked, id=6537, stack(0x00007fb648bfc000,0x00007fb648cfd000)]
  0x00007fb64c0a4000 JavaThread "C2 CompilerThread1" daemon [_thread_blocked, id=6536, stack(0x00007fb648cfd000,0x00007fb648dfe000)]
  0x00007fb64c0a1000 JavaThread "C2 CompilerThread0" daemon [_thread_blocked, id=6535, stack(0x00007fb648dfe000,0x00007fb648eff000)]
  0x00007fb64c09e800 JavaThread "Signal Dispatcher" daemon [_thread_blocked, id=6534, stack(0x00007fb648eff000,0x00007fb649000000)]
  0x00007fb64c07c000 JavaThread "Finalizer" daemon [_thread_blocked, id=6533, stack(0x00007fb6507b0000,0x00007fb6508b1000)]
  0x00007fb64c07a000 JavaThread "Reference Handler" daemon [_thread_blocked, id=6532, stack(0x00007fb6508b1000,0x00007fb6509b2000)]
  0x00007fb64c00a800 JavaThread "main" [_thread_blocked, id=6526, stack(0x00007fb655b39000,0x00007fb655c3a000)]

Other Threads:
=>0x00007fb64c075800 VMThread [stack: 0x00007fb6509b2000,0x00007fb650ab3000] [id=6531]
  0x00007fb64c0b1000 WatcherThread [stack: 0x00007fb648afb000,0x00007fb648bfc000] [id=6538]

VM state:at safepoint (normal execution)

VM Mutex/Monitor currently owned by a thread:  ([mutex/lock_event])
[0x00007fb64c006430] ExpandHeap_lock - owner thread: 0x00007fb64c075800
[0x00007fb64c006ab0] Threads_lock - owner thread: 0x00007fb64c075800
[0x00007fb64c006fb0] Heap_lock - owner thread: 0x00007fb64c00a800

Heap
 PSYoungGen      total 273920K, used 29885K [0x00000000eaa80000, 0x0000000100000000, 0x0000000100000000)
  eden space 213504K, 0% used [0x00000000eaa80000,0x00000000eaa80000,0x00000000f7b00000)
  from space 60416K, 49% used [0x00000000fc500000,0x00000000fe22f480,0x0000000100000000)
  to   space 68096K, 0% used [0x00000000f7b00000,0x00000000f7b00000,0x00000000fbd80000)
 ParOldGen       total 227840K, used 227460K [0x00000000c0000000, 0x00000000cde80000, 0x00000000eaa80000)
  object space 227840K, 99% used [0x00000000c0000000,0x00000000cde21300,0x00000000cde80000)
 PSPermGen       total 21504K, used 6048K [0x00000000b5a00000, 0x00000000b6f00000, 0x00000000c0000000)
  object space 21504K, 28% used [0x00000000b5a00000,0x00000000b5fe83f0,0x00000000b6f00000)

Card table byte_map: [0x00007fb65256f000,0x00007fb6527c3000] byte_map_base: 0x00007fb651fc2000

Polling page: 0x00007fb655c5f000

Code Cache  [0x00007fb649000000, 0x00007fb649370000, 0x00007fb64c000000)
 total_blobs=1214 nmethods=987 adapters=180 free_code_cache=45755Kb largest_free_block=46778240

Compilation events (10 events):
Event: 14.865 Thread 0x00007fb64c0a4000 nmethod 1016 0x00007fb649148f90 code [0x00007fb6491490c0, 0x00007fb649149118]
Event: 14.866 Thread 0x00007fb64c0a4000 1018             java.util.WeakHashMap::getTable (9 bytes)
Event: 14.866 Thread 0x00007fb64c0a4000 nmethod 1018 0x00007fb64926f090 code [0x00007fb64926f1e0, 0x00007fb64926f278]
Event: 14.867 Thread 0x00007fb64c0a1000 nmethod 1017 0x00007fb64926ec50 code [0x00007fb64926edc0, 0x00007fb64926ef48]
Event: 14.867 Thread 0x00007fb64c0a1000 1019   !         java.util.WeakHashMap::expungeStaleEntries (139 bytes)
Event: 14.867 Thread 0x00007fb64c0a4000 1020             java.util.WeakHashMap::indexFor (6 bytes)
Event: 14.867 Thread 0x00007fb64c0a4000 nmethod 1020 0x00007fb6490bf2d0 code [0x00007fb6490bf400, 0x00007fb6490bf438]
Event: 14.867 Thread 0x00007fb64c0a1000 nmethod 1019 0x00007fb64926e990 code [0x00007fb64926eae0, 0x00007fb64926eb78]
Event: 14.870 Thread 0x00007fb64c0a1000 1021  s          com.android.dx.dex.file.FieldIdsSection::intern (55 bytes)
Event: 14.878 Thread 0x00007fb64c0a1000 nmethod 1021 0x00007fb6492c5ed0 code [0x00007fb6492c6080, 0x00007fb6492c6870]

GC Heap History (10 events):
Event: 12.373 GC heap after
Heap after GC invocations=15 (full 2):
 PSYoungGen      total 237568K, used 37877K [0x00000000eaa80000, 0x00000000ff880000, 0x0000000100000000)
  eden space 199680K, 0% used [0x00000000eaa80000,0x00000000eaa80000,0x00000000f6d80000)
  from space 37888K, 99% used [0x00000000f6d80000,0x00000000f927d6a8,0x00000000f9280000)
  to   space 52736K, 0% used [0x00000000fc500000,0x00000000fc500000,0x00000000ff880000)
 ParOldGen       total 141312K, used 119365K [0x00000000c0000000, 0x00000000c8a00000, 0x00000000eaa80000)
  object space 141312K, 84% used [0x00000000c0000000,0x00000000c74915e0,0x00000000c8a00000)
 PSPermGen       total 21504K, used 6015K [0x00000000b5a00000, 0x00000000b6f00000, 0x00000000c0000000)
  object space 21504K, 27% used [0x00000000b5a00000,0x00000000b5fdfc80,0x00000000b6f00000)
}
Event: 12.373 GC heap before
{Heap before GC invocations=16 (full 3):
 PSYoungGen      total 237568K, used 37877K [0x00000000eaa80000, 0x00000000ff880000, 0x0000000100000000)
  eden space 199680K, 0% used [0x00000000eaa80000,0x00000000eaa80000,0x00000000f6d80000)
  from space 37888K, 99% used [0x00000000f6d80000,0x00000000f927d6a8,0x00000000f9280000)
  to   space 52736K, 0% used [0x00000000fc500000,0x00000000fc500000,0x00000000ff880000)
 ParOldGen       total 141312K, used 119365K [0x00000000c0000000, 0x00000000c8a00000, 0x00000000eaa80000)
  object space 141312K, 84% used [0x00000000c0000000,0x00000000c74915e0,0x00000000c8a00000)
 PSPermGen       total 21504K, used 6015K [0x00000000b5a00000, 0x00000000b6f00000, 0x00000000c0000000)
  object space 21504K, 27% used [0x00000000b5a00000,0x00000000b5fdfc80,0x00000000b6f00000)
Event: 12.999 GC heap after
Heap after GC invocations=16 (full 3):
 PSYoungGen      total 237568K, used 14787K [0x00000000eaa80000, 0x00000000ff880000, 0x0000000100000000)
  eden space 199680K, 0% used [0x00000000eaa80000,0x00000000eaa80000,0x00000000f6d80000)
  from space 37888K, 39% used [0x00000000f6d80000,0x00000000f7bf0db8,0x00000000f9280000)
  to   space 52736K, 0% used [0x00000000fc500000,0x00000000fc500000,0x00000000ff880000)
 ParOldGen       total 227840K, used 141146K [0x00000000c0000000, 0x00000000cde80000, 0x00000000eaa80000)
  object space 227840K, 61% used [0x00000000c0000000,0x00000000c89d6b90,0x00000000cde80000)
 PSPermGen       total 21504K, used 6015K [0x00000000b5a00000, 0x00000000b6f00000, 0x00000000c0000000)
  object space 21504K, 27% used [0x00000000b5a00000,0x00000000b5fdfc40,0x00000000b6f00000)
}
Event: 13.665 GC heap before
{Heap before GC invocations=17 (full 3):
 PSYoungGen      total 237568K, used 214467K [0x00000000eaa80000, 0x00000000ff880000, 0x0000000100000000)
  eden space 199680K, 100% used [0x00000000eaa80000,0x00000000f6d80000,0x00000000f6d80000)
  from space 37888K, 39% used [0x00000000f6d80000,0x00000000f7bf0db8,0x00000000f9280000)
  to   space 52736K, 0% used [0x00000000fc500000,0x00000000fc500000,0x00000000ff880000)
 ParOldGen       total 227840K, used 141146K [0x00000000c0000000, 0x00000000cde80000, 0x00000000eaa80000)
  object space 227840K, 61% used [0x00000000c0000000,0x00000000c89d6b90,0x00000000cde80000)
 PSPermGen       total 21504K, used 6032K [0x00000000b5a00000, 0x00000000b6f00000, 0x00000000c0000000)
  object space 21504K, 28% used [0x00000000b5a00000,0x00000000b5fe4088,0x00000000b6f00000)
Event: 13.773 GC heap after
Heap after GC invocations=17 (full 3):
 PSYoungGen      total 287744K, used 33536K [0x00000000eaa80000, 0x00000000ffc00000, 0x0000000100000000)
  eden space 235008K, 0% used [0x00000000eaa80000,0x00000000eaa80000,0x00000000f9000000)
  from space 52736K, 63% used [0x00000000fc500000,0x00000000fe5c0000,0x00000000ff880000)
  to   space 54272K, 0% used [0x00000000f9000000,0x00000000f9000000,0x00000000fc500000)
 ParOldGen       total 227840K, used 156106K [0x00000000c0000000, 0x00000000cde80000, 0x00000000eaa80000)
  object space 227840K, 68% used [0x00000000c0000000,0x00000000c98728e0,0x00000000cde80000)
 PSPermGen       total 21504K, used 6032K [0x00000000b5a00000, 0x00000000b6f00000, 0x00000000c0000000)
  object space 21504K, 28% used [0x00000000b5a00000,0x00000000b5fe4088,0x00000000b6f00000)
}
Event: 14.344 GC heap before
{Heap before GC invocations=18 (full 3):
 PSYoungGen      total 287744K, used 268544K [0x00000000eaa80000, 0x00000000ffc00000, 0x0000000100000000)
  eden space 235008K, 100% used [0x00000000eaa80000,0x00000000f9000000,0x00000000f9000000)
  from space 52736K, 63% used [0x00000000fc500000,0x00000000fe5c0000,0x00000000ff880000)
  to   space 54272K, 0% used [0x00000000f9000000,0x00000000f9000000,0x00000000fc500000)
 ParOldGen       total 227840K, used 156106K [0x00000000c0000000, 0x00000000cde80000, 0x00000000eaa80000)
  object space 227840K, 68% used [0x00000000c0000000,0x00000000c98728e0,0x00000000cde80000)
 PSPermGen       total 21504K, used 6038K [0x00000000b5a00000, 0x00000000b6f00000, 0x00000000c0000000)
  object space 21504K, 28% used [0x00000000b5a00000,0x00000000b5fe5898,0x00000000b6f00000)
Event: 14.414 GC heap after
Heap after GC invocations=18 (full 3):
 PSYoungGen      total 289280K, used 54272K [0x00000000eaa80000, 0x0000000100000000, 0x0000000100000000)
  eden space 235008K, 0% used [0x00000000eaa80000,0x00000000eaa80000,0x00000000f9000000)
  from space 54272K, 100% used [0x00000000f9000000,0x00000000fc500000,0x00000000fc500000)
  to   space 60416K, 0% used [0x00000000fc500000,0x00000000fc500000,0x0000000100000000)
 ParOldGen       total 227840K, used 171595K [0x00000000c0000000, 0x00000000cde80000, 0x00000000eaa80000)
  object space 227840K, 75% used [0x00000000c0000000,0x00000000ca792c88,0x00000000cde80000)
 PSPermGen       total 21504K, used 6038K [0x00000000b5a00000, 0x00000000b6f00000, 0x00000000c0000000)
  object space 21504K, 28% used [0x00000000b5a00000,0x00000000b5fe5898,0x00000000b6f00000)
}
Event: 14.918 GC heap before
{Heap before GC invocations=19 (full 3):
 PSYoungGen      total 289280K, used 289280K [0x00000000eaa80000, 0x0000000100000000, 0x0000000100000000)
  eden space 235008K, 100% used [0x00000000eaa80000,0x00000000f9000000,0x00000000f9000000)
  from space 54272K, 100% used [0x00000000f9000000,0x00000000fc500000,0x00000000fc500000)
  to   space 60416K, 0% used [0x00000000fc500000,0x00000000fc500000,0x0000000100000000)
 ParOldGen       total 227840K, used 171595K [0x00000000c0000000, 0x00000000cde80000, 0x00000000eaa80000)
  object space 227840K, 75% used [0x00000000c0000000,0x00000000ca792c88,0x00000000cde80000)
 PSPermGen       total 21504K, used 6049K [0x00000000b5a00000, 0x00000000b6f00000, 0x00000000c0000000)
  object space 21504K, 28% used [0x00000000b5a00000,0x00000000b5fe8430,0x00000000b6f00000)
Event: 15.256 GC heap after
Heap after GC invocations=19 (full 3):
 PSYoungGen      total 273920K, used 35813K [0x00000000eaa80000, 0x0000000100000000, 0x0000000100000000)
  eden space 213504K, 0% used [0x00000000eaa80000,0x00000000eaa80000,0x00000000f7b00000)
  from space 60416K, 59% used [0x00000000fc500000,0x00000000fe7f9438,0x0000000100000000)
  to   space 68096K, 0% used [0x00000000f7b00000,0x00000000f7b00000,0x00000000fbd80000)
 ParOldGen       total 227840K, used 226228K [0x00000000c0000000, 0x00000000cde80000, 0x00000000eaa80000)
  object space 227840K, 99% used [0x00000000c0000000,0x00000000cdced2d8,0x00000000cde80000)
 PSPermGen       total 21504K, used 6049K [0x00000000b5a00000, 0x00000000b6f00000, 0x00000000c0000000)
  object space 21504K, 28% used [0x00000000b5a00000,0x00000000b5fe8430,0x00000000b6f00000)
}
Event: 15.340 GC heap before
{Heap before GC invocations=20 (full 4):
 PSYoungGen      total 273920K, used 35813K [0x00000000eaa80000, 0x0000000100000000, 0x0000000100000000)
  eden space 213504K, 0% used [0x00000000eaa80000,0x00000000eaa80000,0x00000000f7b00000)
  from space 60416K, 59% used [0x00000000fc500000,0x00000000fe7f9438,0x0000000100000000)
  to   space 68096K, 0% used [0x00000000f7b00000,0x00000000f7b00000,0x00000000fbd80000)
 ParOldGen       total 227840K, used 226228K [0x00000000c0000000, 0x00000000cde80000, 0x00000000eaa80000)
  object space 227840K, 99% used [0x00000000c0000000,0x00000000cdced2d8,0x00000000cde80000)
 PSPermGen       total 21504K, used 6049K [0x00000000b5a00000, 0x00000000b6f00000, 0x00000000c0000000)
  object space 21504K, 28% used [0x00000000b5a00000,0x00000000b5fe8430,0x00000000b6f00000)

Deoptimization events (10 events):
Event: 9.338 Thread 0x00007fb64c00a800 Uncommon trap: reason=class_check action=maybe_recompile pc=0x00007fb6491c0e08 method=com.android.dx.ssa.NormalSsaInsn.changeOneSource(ILcom/android/dx/rop/code/RegisterSpec;)V @ 113
Event: 9.341 Thread 0x00007fb64c00a800 Uncommon trap: reason=class_check action=maybe_recompile pc=0x00007fb6491c0e08 method=com.android.dx.ssa.NormalSsaInsn.changeOneSource(ILcom/android/dx/rop/code/RegisterSpec;)V @ 113
Event: 13.322 Thread 0x00007fb64c00a800 Uncommon trap: reason=bimorphic action=maybe_recompile pc=0x00007fb6492fc2b0 method=com.android.dx.cf.code.BytecodeArray.parseInstruction(ILcom/android/dx/cf/code/BytecodeArray$Visitor;)I @ 2554
Event: 13.322 Thread 0x00007fb64c00a800 Uncommon trap: reason=bimorphic action=maybe_recompile pc=0x00007fb6492fc2b0 method=com.android.dx.cf.code.BytecodeArray.parseInstruction(ILcom/android/dx/cf/code/BytecodeArray$Visitor;)I @ 2554
Event: 14.033 Thread 0x00007fb64c00a800 Uncommon trap: reason=unreached action=reinterpret pc=0x00007fb649310580 method=com.android.dx.cf.code.BasicBlocker.visitNoArgs(IIILcom/android/dx/rop/type/Type;)V @ 277
Event: 14.263 Thread 0x00007fb64c00a800 Uncommon trap: reason=range_check action=make_not_entrant pc=0x00007fb6492ceee0 method=java.util.DualPivotQuicksort.sort([IIIZ)V @ 56
Event: 14.296 Thread 0x00007fb64c00a800 Uncommon trap: reason=null_check action=make_not_entrant pc=0x00007fb6492cc3b0 method=com.android.dx.cf.iface.StdField.getConstantValue()Lcom/android/dx/rop/cst/TypedConstant; @ 13
Event: 14.557 Thread 0x00007fb64c00a800 Uncommon trap: reason=unreached action=reinterpret pc=0x00007fb649330164 method=com.android.dx.cf.direct.StdAttributeFactory.parse0(Lcom/android/dx/cf/direct/DirectClassFile;ILjava/lang/String;IILcom/android/dx/cf/iface/ParseObserver;)Lcom/android/dx/cf/i
Event: 14.756 Thread 0x00007fb64c00a800 Uncommon trap: reason=class_check action=maybe_recompile pc=0x00007fb64918ad90 method=com.android.dx.ssa.SCCP.replaceConstants()V @ 182
Event: 14.758 Thread 0x00007fb64c00a800 Uncommon trap: reason=class_check action=maybe_recompile pc=0x00007fb64918ad90 method=com.android.dx.ssa.SCCP.replaceConstants()V @ 182

Internal exceptions (10 events):
Event: 2.675 Thread 0x00007fb64c00a800 Threw 0x00000000eae5c470 at /build/buildd/openjdk-7-7u55-2.4.7/build/openjdk/hotspot/src/share/vm/prims/jvm.cpp:1244
Event: 3.709 Thread 0x00007fb64c00a800 Threw 0x00000000ede4ef18 at /build/buildd/openjdk-7-7u55-2.4.7/build/openjdk/hotspot/src/share/vm/prims/jvm.cpp:1244
Event: 4.264 Thread 0x00007fb64c00a800 Implicit null exception at 0x00007fb64923ac90 to 0x00007fb64923cb1d
Event: 4.739 Thread 0x00007fb64c00a800 Implicit null exception at 0x00007fb649135e41 to 0x00007fb6491382a5
Event: 7.356 Thread 0x00007fb64c00a800 Threw 0x00000000ecf235f0 at /build/buildd/openjdk-7-7u55-2.4.7/build/openjdk/hotspot/src/share/vm/prims/jvm.cpp:1244
Event: 7.671 Thread 0x00007fb64c00a800 Implicit null exception at 0x00007fb6490c1e79 to 0x00007fb6490c31d9
Event: 7.729 Thread 0x00007fb64c00a800 Threw 0x00000000f10a4010 at /build/buildd/openjdk-7-7u55-2.4.7/build/openjdk/hotspot/src/share/vm/prims/jvm.cpp:1244
Event: 8.362 Thread 0x00007fb64c00a800 Threw 0x00000000f0e6b610 at /build/buildd/openjdk-7-7u55-2.4.7/build/openjdk/hotspot/src/share/vm/prims/jvm.cpp:1244
Event: 12.026 Thread 0x00007fb64c00a800 Threw 0x00000000f2ae20c0 at /build/buildd/openjdk-7-7u55-2.4.7/build/openjdk/hotspot/src/share/vm/prims/jvm.cpp:1244
Event: 14.296 Thread 0x00007fb64c00a800 Implicit null exception at 0x00007fb6492cb109 to 0x00007fb6492cc38d

Events (10 events):
Event: 14.557 Thread 0x00007fb64c00a800 Uncommon trap: trap_request=0xffffffad fr.pc=0x00007fb649330164
Event: 14.557 Thread 0x00007fb64c00a800 DEOPT PACKING pc=0x00007fb649330164 sp=0x00007fb655c38110
Event: 14.557 Thread 0x00007fb64c00a800 DEOPT UNPACKING pc=0x00007fb649039445 sp=0x00007fb655c380c8 mode 2
Event: 14.756 Thread 0x00007fb64c00a800 Uncommon trap: trap_request=0xffffffde fr.pc=0x00007fb64918ad90
Event: 14.756 Thread 0x00007fb64c00a800 DEOPT PACKING pc=0x00007fb64918ad90 sp=0x00007fb655c38050
Event: 14.756 Thread 0x00007fb64c00a800 DEOPT UNPACKING pc=0x00007fb649039445 sp=0x00007fb655c37fc8 mode 2
Event: 14.758 Thread 0x00007fb64c00a800 Uncommon trap: trap_request=0xffffffde fr.pc=0x00007fb64918ad90
Event: 14.758 Thread 0x00007fb64c00a800 DEOPT PACKING pc=0x00007fb64918ad90 sp=0x00007fb655c37f10
Event: 14.758 Thread 0x00007fb64c00a800 DEOPT UNPACKING pc=0x00007fb649039445 sp=0x00007fb655c37e88 mode 2
Event: 14.918 Executing VM operation: ParallelGCFailedAllocation


Dynamic libraries:
00400000-00401000 r-xp 00000000 08:05 404203                             /usr/lib/jvm/java-7-openjdk-amd64/jre/bin/java
00600000-00601000 r--p 00000000 08:05 404203                             /usr/lib/jvm/java-7-openjdk-amd64/jre/bin/java
00601000-00602000 rw-p 00001000 08:05 404203                             /usr/lib/jvm/java-7-openjdk-amd64/jre/bin/java
00e8b000-00eac000 rw-p 00000000 00:00 0                                  [heap]
b5a00000-b6f00000 rw-p 00000000 00:00 0 
b6f00000-c0000000 rw-p 00000000 00:00 0 
c0000000-cde80000 rw-p 00000000 00:00 0 
d5a00000-eaa80000 rw-p 00000000 00:00 0 
eaa80000-100000000 rw-p 00000000 00:00 0 
7fb610000000-7fb610021000 rw-p 00000000 00:00 0 
7fb610021000-7fb614000000 ---p 00000000 00:00 0 
7fb618000000-7fb619cb0000 rw-p 00000000 00:00 0 
7fb619cb0000-7fb61c000000 ---p 00000000 00:00 0 
7fb61c000000-7fb61c021000 rw-p 00000000 00:00 0 
7fb61c021000-7fb620000000 ---p 00000000 00:00 0 
7fb620000000-7fb620021000 rw-p 00000000 00:00 0 
7fb620021000-7fb624000000 ---p 00000000 00:00 0 
7fb624000000-7fb625257000 rw-p 00000000 00:00 0 
7fb625257000-7fb628000000 ---p 00000000 00:00 0 
7fb628000000-7fb628021000 rw-p 00000000 00:00 0 
7fb628021000-7fb62c000000 ---p 00000000 00:00 0 
7fb62c000000-7fb62c021000 rw-p 00000000 00:00 0 
7fb62c021000-7fb630000000 ---p 00000000 00:00 0 
7fb630000000-7fb630245000 rw-p 00000000 00:00 0 
7fb630245000-7fb634000000 ---p 00000000 00:00 0 
7fb634d40000-7fb634d7d000 r-xp 00000000 08:05 1052680                    /lib/x86_64-linux-gnu/libpcre.so.3.13.1
7fb634d7d000-7fb634f7c000 ---p 0003d000 08:05 1052680                    /lib/x86_64-linux-gnu/libpcre.so.3.13.1
7fb634f7c000-7fb634f7d000 r--p 0003c000 08:05 1052680                    /lib/x86_64-linux-gnu/libpcre.so.3.13.1
7fb634f7d000-7fb634f7e000 rw-p 0003d000 08:05 1052680                    /lib/x86_64-linux-gnu/libpcre.so.3.13.1
7fb634f7e000-7fb634f85000 r-xp 00000000 08:05 401716                     /usr/lib/x86_64-linux-gnu/libffi.so.6.0.1
7fb634f85000-7fb635184000 ---p 00007000 08:05 401716                     /usr/lib/x86_64-linux-gnu/libffi.so.6.0.1
7fb635184000-7fb635185000 r--p 00006000 08:05 401716                     /usr/lib/x86_64-linux-gnu/libffi.so.6.0.1
7fb635185000-7fb635186000 rw-p 00007000 08:05 401716                     /usr/lib/x86_64-linux-gnu/libffi.so.6.0.1
7fb635186000-7fb63519d000 r-xp 00000000 08:05 1052703                    /lib/x86_64-linux-gnu/libresolv-2.19.so
7fb63519d000-7fb63539d000 ---p 00017000 08:05 1052703                    /lib/x86_64-linux-gnu/libresolv-2.19.so
7fb63539d000-7fb63539e000 r--p 00017000 08:05 1052703                    /lib/x86_64-linux-gnu/libresolv-2.19.so
7fb63539e000-7fb63539f000 rw-p 00018000 08:05 1052703                    /lib/x86_64-linux-gnu/libresolv-2.19.so
7fb63539f000-7fb6353a1000 rw-p 00000000 00:00 0 
7fb6353a1000-7fb6353c1000 r-xp 00000000 08:05 1052568                    /lib/x86_64-linux-gnu/libselinux.so.1
7fb6353c1000-7fb6355c0000 ---p 00020000 08:05 1052568                    /lib/x86_64-linux-gnu/libselinux.so.1
7fb6355c0000-7fb6355c1000 r--p 0001f000 08:05 1052568                    /lib/x86_64-linux-gnu/libselinux.so.1
7fb6355c1000-7fb6355c2000 rw-p 00020000 08:05 1052568                    /lib/x86_64-linux-gnu/libselinux.so.1
7fb6355c2000-7fb6355c4000 rw-p 00000000 00:00 0 
7fb6355c4000-7fb6355c7000 r-xp 00000000 08:05 401833                     /usr/lib/x86_64-linux-gnu/libgmodule-2.0.so.0.4000.0
7fb6355c7000-7fb6357c6000 ---p 00003000 08:05 401833                     /usr/lib/x86_64-linux-gnu/libgmodule-2.0.so.0.4000.0
7fb6357c6000-7fb6357c7000 r--p 00002000 08:05 401833                     /usr/lib/x86_64-linux-gnu/libgmodule-2.0.so.0.4000.0
7fb6357c7000-7fb6357c8000 rw-p 00003000 08:05 401833                     /usr/lib/x86_64-linux-gnu/libgmodule-2.0.so.0.4000.0
7fb6357c8000-7fb6358ce000 r-xp 00000000 08:05 1052608                    /lib/x86_64-linux-gnu/libglib-2.0.so.0.4000.0
7fb6358ce000-7fb635acd000 ---p 00106000 08:05 1052608                    /lib/x86_64-linux-gnu/libglib-2.0.so.0.4000.0
7fb635acd000-7fb635ace000 r--p 00105000 08:05 1052608                    /lib/x86_64-linux-gnu/libglib-2.0.so.0.4000.0
7fb635ace000-7fb635acf000 rw-p 00106000 08:05 1052608                    /lib/x86_64-linux-gnu/libglib-2.0.so.0.4000.0
7fb635acf000-7fb638000000 rw-p 00000000 00:00 0 
7fb638000000-7fb638021000 rw-p 00000000 00:00 0 
7fb638021000-7fb63c000000 ---p 00000000 00:00 0 
7fb63c000000-7fb63c021000 rw-p 00000000 00:00 0 
7fb63c021000-7fb640000000 ---p 00000000 00:00 0 
7fb640000000-7fb640021000 rw-p 00000000 00:00 0 
7fb640021000-7fb644000000 ---p 00000000 00:00 0 
7fb644000000-7fb644021000 rw-p 00000000 00:00 0 
7fb644021000-7fb648000000 ---p 00000000 00:00 0 
7fb6480bb000-7fb6480ec000 rw-p 00000000 00:00 0 
7fb6480ec000-7fb64813b000 r-xp 00000000 08:05 401849                     /usr/lib/x86_64-linux-gnu/libgobject-2.0.so.0.4000.0
7fb64813b000-7fb64833b000 ---p 0004f000 08:05 401849                     /usr/lib/x86_64-linux-gnu/libgobject-2.0.so.0.4000.0
7fb64833b000-7fb64833c000 r--p 0004f000 08:05 401849                     /usr/lib/x86_64-linux-gnu/libgobject-2.0.so.0.4000.0
7fb64833c000-7fb64833d000 rw-p 00050000 08:05 401849                     /usr/lib/x86_64-linux-gnu/libgobject-2.0.so.0.4000.0
7fb64833d000-7fb6484a8000 r-xp 00000000 08:05 401819                     /usr/lib/x86_64-linux-gnu/libgio-2.0.so.0.4000.0
7fb6484a8000-7fb6486a8000 ---p 0016b000 08:05 401819                     /usr/lib/x86_64-linux-gnu/libgio-2.0.so.0.4000.0
7fb6486a8000-7fb6486ac000 r--p 0016b000 08:05 401819                     /usr/lib/x86_64-linux-gnu/libgio-2.0.so.0.4000.0
7fb6486ac000-7fb6486ae000 rw-p 0016f000 08:05 401819                     /usr/lib/x86_64-linux-gnu/libgio-2.0.so.0.4000.0
7fb6486ae000-7fb6486b0000 rw-p 00000000 00:00 0 
7fb6486d1000-7fb6486e7000 r-xp 00000000 08:05 404264                     /usr/lib/jvm/java-7-openjdk-amd64/jre/lib/amd64/libnet.so
7fb6486e7000-7fb6488e7000 ---p 00016000 08:05 404264                     /usr/lib/jvm/java-7-openjdk-amd64/jre/lib/amd64/libnet.so
7fb6488e7000-7fb6488e8000 r--p 00016000 08:05 404264                     /usr/lib/jvm/java-7-openjdk-amd64/jre/lib/amd64/libnet.so
7fb6488e8000-7fb6488e9000 rw-p 00017000 08:05 404264                     /usr/lib/jvm/java-7-openjdk-amd64/jre/lib/amd64/libnet.so
7fb6488e9000-7fb6488f9000 r-xp 00000000 08:05 404273                     /usr/lib/jvm/java-7-openjdk-amd64/jre/lib/amd64/libnio.so
7fb6488f9000-7fb648af9000 ---p 00010000 08:05 404273                     /usr/lib/jvm/java-7-openjdk-amd64/jre/lib/amd64/libnio.so
7fb648af9000-7fb648afa000 r--p 00010000 08:05 404273                     /usr/lib/jvm/java-7-openjdk-amd64/jre/lib/amd64/libnio.so
7fb648afa000-7fb648afb000 rw-p 00011000 08:05 404273                     /usr/lib/jvm/java-7-openjdk-amd64/jre/lib/amd64/libnio.so
7fb648afb000-7fb648afc000 ---p 00000000 00:00 0 
7fb648afc000-7fb648bfc000 rw-p 00000000 00:00 0                          [stack:6538]
7fb648bfc000-7fb648bff000 ---p 00000000 00:00 0 
7fb648bff000-7fb648cfd000 rw-p 00000000 00:00 0                          [stack:6537]
7fb648cfd000-7fb648d00000 ---p 00000000 00:00 0 
7fb648d00000-7fb648dfe000 rw-p 00000000 00:00 0                          [stack:6536]
7fb648dfe000-7fb648e01000 ---p 00000000 00:00 0 
7fb648e01000-7fb648eff000 rw-p 00000000 00:00 0                          [stack:6535]
7fb648eff000-7fb648f02000 ---p 00000000 00:00 0 
7fb648f02000-7fb649000000 rw-p 00000000 00:00 0                          [stack:6534]
7fb649000000-7fb649370000 rwxp 00000000 00:00 0 
7fb649370000-7fb64c294000 rw-p 00000000 00:00 0 
7fb64c294000-7fb650000000 ---p 00000000 00:00 0 
7fb650020000-7fb6500ce000 r--s 006f4000 08:05 4726391                    /home/sandeep/Desktop/Qwerto/app/build/intermediates/multi-dex/debug/allclasses.jar
7fb6500ce000-7fb6507b0000 r--p 00000000 08:05 400395                     /usr/lib/locale/locale-archive
7fb6507b0000-7fb6507b3000 ---p 00000000 00:00 0 
7fb6507b3000-7fb6508b1000 rw-p 00000000 00:00 0                          [stack:6533]
7fb6508b1000-7fb6508b4000 ---p 00000000 00:00 0 
7fb6508b4000-7fb6509b2000 rw-p 00000000 00:00 0                          [stack:6532]
7fb6509b2000-7fb6509b3000 ---p 00000000 00:00 0 
7fb6509b3000-7fb651ab0000 rw-p 00000000 00:00 0                          [stack:6531]
7fb651ab0000-7fb651c5e000 r--s 01cfc000 08:05 404211                     /usr/lib/jvm/java-7-openjdk-amd64/jre/lib/rt.jar
7fb651c5e000-7fb651fc2000 rw-p 00000000 00:00 0 
7fb651fc2000-7fb651fc3000 ---p 00000000 00:00 0 
7fb651fc3000-7fb6520c3000 rw-p 00000000 00:00 0                          [stack:6530]
7fb6520c3000-7fb6520c4000 ---p 00000000 00:00 0 
7fb6520c4000-7fb6521c4000 rw-p 00000000 00:00 0                          [stack:6529]
7fb6521c4000-7fb6521c5000 ---p 00000000 00:00 0 
7fb6521c5000-7fb6522c5000 rw-p 00000000 00:00 0                          [stack:6528]
7fb6522c5000-7fb6522c6000 ---p 00000000 00:00 0 
7fb6522c6000-7fb6523d1000 rw-p 00000000 00:00 0                          [stack:6527]
7fb6523d1000-7fb652419000 rw-p 00000000 00:00 0 
7fb652419000-7fb652489000 rw-p 00000000 00:00 0 
7fb652489000-7fb65256f000 rw-p 00000000 00:00 0 
7fb65256f000-7fb65257a000 rw-p 00000000 00:00 0 
7fb65257a000-7fb6525c2000 rw-p 00000000 00:00 0 
7fb6525c2000-7fb652632000 rw-p 00000000 00:00 0 
7fb652632000-7fb652717000 rw-p 00000000 00:00 0 
7fb652717000-7fb6527c2000 rw-p 00000000 00:00 0 
7fb6527c2000-7fb6527c3000 rw-p 00000000 00:00 0 
7fb6527c3000-7fb6527cb000 r-xp 00000000 08:05 404259                     /usr/lib/jvm/java-7-openjdk-amd64/jre/lib/amd64/libzip.so
7fb6527cb000-7fb6529ca000 ---p 00008000 08:05 404259                     /usr/lib/jvm/java-7-openjdk-amd64/jre/lib/amd64/libzip.so
7fb6529ca000-7fb6529cb000 r--p 00007000 08:05 404259                     /usr/lib/jvm/java-7-openjdk-amd64/jre/lib/amd64/libzip.so
7fb6529cb000-7fb6529cc000 rw-p 00008000 08:05 404259                     /usr/lib/jvm/java-7-openjdk-amd64/jre/lib/amd64/libzip.so
7fb6529cc000-7fb6529d7000 r-xp 00000000 08:05 1052652                    /lib/x86_64-linux-gnu/libnss_files-2.19.so
7fb6529d7000-7fb652bd6000 ---p 0000b000 08:05 1052652                    /lib/x86_64-linux-gnu/libnss_files-2.19.so
7fb652bd6000-7fb652bd7000 r--p 0000a000 08:05 1052652                    /lib/x86_64-linux-gnu/libnss_files-2.19.so
7fb652bd7000-7fb652bd8000 rw-p 0000b000 08:05 1052652                    /lib/x86_64-linux-gnu/libnss_files-2.19.so
7fb652bd8000-7fb652be3000 r-xp 00000000 08:05 1052662                    /lib/x86_64-linux-gnu/libnss_nis-2.19.so
7fb652be3000-7fb652de2000 ---p 0000b000 08:05 1052662                    /lib/x86_64-linux-gnu/libnss_nis-2.19.so
7fb652de2000-7fb652de3000 r--p 0000a000 08:05 1052662                    /lib/x86_64-linux-gnu/libnss_nis-2.19.so
7fb652de3000-7fb652de4000 rw-p 0000b000 08:05 1052662                    /lib/x86_64-linux-gnu/libnss_nis-2.19.so
7fb652de4000-7fb652dfb000 r-xp 00000000 08:05 1052646                    /lib/x86_64-linux-gnu/libnsl-2.19.so
7fb652dfb000-7fb652ffa000 ---p 00017000 08:05 1052646                    /lib/x86_64-linux-gnu/libnsl-2.19.so
7fb652ffa000-7fb652ffb000 r--p 00016000 08:05 1052646                    /lib/x86_64-linux-gnu/libnsl-2.19.so
7fb652ffb000-7fb652ffc000 rw-p 00017000 08:05 1052646                    /lib/x86_64-linux-gnu/libnsl-2.19.so
7fb652ffc000-7fb652ffe000 rw-p 00000000 00:00 0 
7fb652ffe000-7fb653007000 r-xp 00000000 08:05 1052648                    /lib/x86_64-linux-gnu/libnss_compat-2.19.so
7fb653007000-7fb653206000 ---p 00009000 08:05 1052648                    /lib/x86_64-linux-gnu/libnss_compat-2.19.so
7fb653206000-7fb653207000 r--p 00008000 08:05 1052648                    /lib/x86_64-linux-gnu/libnss_compat-2.19.so
7fb653207000-7fb653208000 rw-p 00009000 08:05 1052648                    /lib/x86_64-linux-gnu/libnss_compat-2.19.so
7fb653208000-7fb653233000 r-xp 00000000 08:05 404255                     /usr/lib/jvm/java-7-openjdk-amd64/jre/lib/amd64/libjava.so
7fb653233000-7fb653432000 ---p 0002b000 08:05 404255                     /usr/lib/jvm/java-7-openjdk-amd64/jre/lib/amd64/libjava.so
7fb653432000-7fb653433000 r--p 0002a000 08:05 404255                     /usr/lib/jvm/java-7-openjdk-amd64/jre/lib/amd64/libjava.so
7fb653433000-7fb653435000 rw-p 0002b000 08:05 404255                     /usr/lib/jvm/java-7-openjdk-amd64/jre/lib/amd64/libjava.so
7fb653435000-7fb653445000 r-xp 00000000 08:05 404288                     /usr/lib/jvm/java-7-openjdk-amd64/jre/lib/amd64/libverify.so
7fb653445000-7fb653644000 ---p 00010000 08:05 404288                     /usr/lib/jvm/java-7-openjdk-amd64/jre/lib/amd64/libverify.so
7fb653644000-7fb653646000 r--p 0000f000 08:05 404288                     /usr/lib/jvm/java-7-openjdk-amd64/jre/lib/amd64/libverify.so
7fb653646000-7fb653647000 rw-p 00011000 08:05 404288                     /usr/lib/jvm/java-7-openjdk-amd64/jre/lib/amd64/libverify.so
7fb653647000-7fb65364e000 r-xp 00000000 08:05 1052705                    /lib/x86_64-linux-gnu/librt-2.19.so
7fb65364e000-7fb65384d000 ---p 00007000 08:05 1052705                    /lib/x86_64-linux-gnu/librt-2.19.so
7fb65384d000-7fb65384e000 r--p 00006000 08:05 1052705                    /lib/x86_64-linux-gnu/librt-2.19.so
7fb65384e000-7fb65384f000 rw-p 00007000 08:05 1052705                    /lib/x86_64-linux-gnu/librt-2.19.so
7fb65384f000-7fb653865000 r-xp 00000000 08:05 1052604                    /lib/x86_64-linux-gnu/libgcc_s.so.1
7fb653865000-7fb653a64000 ---p 00016000 08:05 1052604                    /lib/x86_64-linux-gnu/libgcc_s.so.1
7fb653a64000-7fb653a65000 rw-p 00015000 08:05 1052604                    /lib/x86_64-linux-gnu/libgcc_s.so.1
7fb653a65000-7fb653b6a000 r-xp 00000000 08:05 1052627                    /lib/x86_64-linux-gnu/libm-2.19.so
7fb653b6a000-7fb653d69000 ---p 00105000 08:05 1052627                    /lib/x86_64-linux-gnu/libm-2.19.so
7fb653d69000-7fb653d6a000 r--p 00104000 08:05 1052627                    /lib/x86_64-linux-gnu/libm-2.19.so
7fb653d6a000-7fb653d6b000 rw-p 00105000 08:05 1052627                    /lib/x86_64-linux-gnu/libm-2.19.so
7fb653d6b000-7fb653e51000 r-xp 00000000 08:05 397418                     /usr/lib/x86_64-linux-gnu/libstdc++.so.6.0.19
7fb653e51000-7fb654050000 ---p 000e6000 08:05 397418                     /usr/lib/x86_64-linux-gnu/libstdc++.so.6.0.19
7fb654050000-7fb654058000 r--p 000e5000 08:05 397418                     /usr/lib/x86_64-linux-gnu/libstdc++.so.6.0.19
7fb654058000-7fb65405a000 rw-p 000ed000 08:05 397418                     /usr/lib/x86_64-linux-gnu/libstdc++.so.6.0.19
7fb65405a000-7fb65406f000 rw-p 00000000 00:00 0 
7fb65406f000-7fb654b50000 r-xp 00000000 08:05 404270                     /usr/lib/jvm/java-7-openjdk-amd64/jre/lib/amd64/server/libjvm.so
7fb654b50000-7fb654d4f000 ---p 00ae1000 08:05 404270                     /usr/lib/jvm/java-7-openjdk-amd64/jre/lib/amd64/server/libjvm.so
7fb654d4f000-7fb654de1000 r--p 00ae0000 08:05 404270                     /usr/lib/jvm/java-7-openjdk-amd64/jre/lib/amd64/server/libjvm.so
7fb654de1000-7fb654e04000 rw-p 00b72000 08:05 404270                     /usr/lib/jvm/java-7-openjdk-amd64/jre/lib/amd64/server/libjvm.so
7fb654e04000-7fb654e31000 rw-p 00000000 00:00 0 
7fb654e31000-7fb654e49000 r-xp 00000000 08:05 1052740                    /lib/x86_64-linux-gnu/libz.so.1.2.8
7fb654e49000-7fb655048000 ---p 00018000 08:05 1052740                    /lib/x86_64-linux-gnu/libz.so.1.2.8
7fb655048000-7fb655049000 r--p 00017000 08:05 1052740                    /lib/x86_64-linux-gnu/libz.so.1.2.8
7fb655049000-7fb65504a000 rw-p 00018000 08:05 1052740                    /lib/x86_64-linux-gnu/libz.so.1.2.8
7fb65504a000-7fb655063000 r-xp 00000000 08:05 1052697                    /lib/x86_64-linux-gnu/libpthread-2.19.so
7fb655063000-7fb655262000 ---p 00019000 08:05 1052697                    /lib/x86_64-linux-gnu/libpthread-2.19.so
7fb655262000-7fb655263000 r--p 00018000 08:05 1052697                    /lib/x86_64-linux-gnu/libpthread-2.19.so
7fb655263000-7fb655264000 rw-p 00019000 08:05 1052697                    /lib/x86_64-linux-gnu/libpthread-2.19.so
7fb655264000-7fb655268000 rw-p 00000000 00:00 0 
7fb655268000-7fb65526b000 r-xp 00000000 08:05 1052594                    /lib/x86_64-linux-gnu/libdl-2.19.so
7fb65526b000-7fb65546a000 ---p 00003000 08:05 1052594                    /lib/x86_64-linux-gnu/libdl-2.19.so
7fb65546a000-7fb65546b000 r--p 00002000 08:05 1052594                    /lib/x86_64-linux-gnu/libdl-2.19.so
7fb65546b000-7fb65546c000 rw-p 00003000 08:05 1052594                    /lib/x86_64-linux-gnu/libdl-2.19.so
7fb65546c000-7fb655628000 r-xp 00000000 08:05 1052577                    /lib/x86_64-linux-gnu/libc-2.19.so
7fb655628000-7fb655827000 ---p 001bc000 08:05 1052577                    /lib/x86_64-linux-gnu/libc-2.19.so
7fb655827000-7fb65582b000 r--p 001bb000 08:05 1052577                    /lib/x86_64-linux-gnu/libc-2.19.so
7fb65582b000-7fb65582d000 rw-p 001bf000 08:05 1052577                    /lib/x86_64-linux-gnu/libc-2.19.so
7fb65582d000-7fb655832000 rw-p 00000000 00:00 0 
7fb655832000-7fb65583f000 r-xp 00000000 08:05 404281                     /usr/lib/jvm/java-7-openjdk-amd64/jre/lib/amd64/jli/libjli.so
7fb65583f000-7fb655a3e000 ---p 0000d000 08:05 404281                     /usr/lib/jvm/java-7-openjdk-amd64/jre/lib/amd64/jli/libjli.so
7fb655a3e000-7fb655a3f000 r--p 0000c000 08:05 404281                     /usr/lib/jvm/java-7-openjdk-amd64/jre/lib/amd64/jli/libjli.so
7fb655a3f000-7fb655a40000 rw-p 0000d000 08:05 404281                     /usr/lib/jvm/java-7-openjdk-amd64/jre/lib/amd64/jli/libjli.so
7fb655a40000-7fb655a63000 r-xp 00000000 08:05 1052553                    /lib/x86_64-linux-gnu/ld-2.19.so
7fb655a6a000-7fb655a79000 r--s 000dd000 08:05 4080337                    /home/sandeep/android-sdks/build-tools/22.0.1/lib/dx.jar
7fb655a79000-7fb655a87000 rw-p 00000000 00:00 0 
7fb655a87000-7fb655b39000 rw-p 00000000 00:00 0 
7fb655b39000-7fb655b3c000 ---p 00000000 00:00 0 
7fb655b3c000-7fb655c3f000 rw-p 00000000 00:00 0                          [stack:6526]
7fb655c42000-7fb655c43000 rw-p 00000000 00:00 0 
7fb655c43000-7fb655c44000 r--s 00002000 08:05 404220                     /usr/lib/jvm/java-7-openjdk-amd64/jre/lib/ext/dnsns.jar
7fb655c44000-7fb655c48000 r--s 0003b000 08:05 404219                     /usr/lib/jvm/java-7-openjdk-amd64/jre/lib/ext/sunpkcs11.jar
7fb655c48000-7fb655c4a000 r--s 00012000 08:05 404216                     /usr/lib/jvm/java-7-openjdk-amd64/jre/lib/ext/zipfs.jar
7fb655c4a000-7fb655c4c000 r--s 00006000 08:05 794704                     /usr/share/java/java-atk-wrapper.jar
7fb655c4c000-7fb655c50000 r--s 00085000 08:05 404218                     /usr/lib/jvm/java-7-openjdk-amd64/jre/lib/ext/localedata.jar
7fb655c50000-7fb655c53000 r--s 00032000 08:05 404217                     /usr/lib/jvm/java-7-openjdk-amd64/jre/lib/ext/sunjce_provider.jar
7fb655c53000-7fb655c56000 r--s 0000f000 08:05 404215                     /usr/lib/jvm/java-7-openjdk-amd64/jre/lib/ext/pulse-java.jar
7fb655c56000-7fb655c5e000 rw-s 00000000 08:05 1073094                    /tmp/hsperfdata_sandeep/6521
7fb655c5e000-7fb655c5f000 rw-p 00000000 00:00 0 
7fb655c5f000-7fb655c60000 ---p 00000000 00:00 0 
7fb655c60000-7fb655c62000 rw-p 00000000 00:00 0 
7fb655c62000-7fb655c63000 r--p 00022000 08:05 1052553                    /lib/x86_64-linux-gnu/ld-2.19.so
7fb655c63000-7fb655c64000 rw-p 00023000 08:05 1052553                    /lib/x86_64-linux-gnu/ld-2.19.so
7fb655c64000-7fb655c65000 rw-p 00000000 00:00 0 
7fff7435d000-7fff7437f000 rw-p 00000000 00:00 0                          [stack]
7fff743fe000-7fff74400000 r-xp 00000000 00:00 0                          [vdso]
ffffffffff600000-ffffffffff601000 r-xp 00000000 00:00 0                  [vsyscall]

VM Arguments:
jvm_args: -Xmx1024M -Dfile.encoding=UTF-8 -Duser.country=IN -Duser.language=en -Duser.variant 
java_command: com.android.dx.command.Main --dex --multi-dex --main-dex-list /home/sandeep/Desktop/Qwerto/app/build/intermediates/multi-dex/debug/maindexlist.txt --output /home/sandeep/Desktop/Qwerto/app/build/intermediates/dex/debug /home/sandeep/Desktop/Qwerto/app/build/intermediates/multi-dex/debug/allclasses.jar
Launcher Type: SUN_STANDARD

Environment Variables:
CLASSPATH=./../lib/bootstrap.jar:./../lib/extensions.jar:./../lib/util.jar:./../lib/jdom.jar:./../lib/log4j.jar:./../lib/trove4j.jar:./../lib/jna.jar:/usr/lib/jvm/java-7-openjdk-amd64/lib/tools.jar
PATH=/home/sandeep/android-sdks/platform-tools/:/usr/local/sbin:/usr/local/bin:/usr/sbin:/usr/bin:/sbin:/bin:/usr/games:/usr/local/games
LD_LIBRARY_PATH=.:
SHELL=/bin/bash
DISPLAY=:0

Signal Handlers:
SIGSEGV: [libjvm.so+0x918620], sa_mask[0]=0x7ffbfeff, sa_flags=0x10000004
SIGBUS: [libjvm.so+0x918620], sa_mask[0]=0x7ffbfeff, sa_flags=0x10000004
SIGFPE: [libjvm.so+0x795e30], sa_mask[0]=0x7ffbfeff, sa_flags=0x10000004
SIGPIPE: [libjvm.so+0x795e30], sa_mask[0]=0x7ffbfeff, sa_flags=0x10000004
SIGXFSZ: [libjvm.so+0x795e30], sa_mask[0]=0x7ffbfeff, sa_flags=0x10000004
SIGILL: [libjvm.so+0x795e30], sa_mask[0]=0x7ffbfeff, sa_flags=0x10000004
SIGUSR1: SIG_DFL, sa_mask[0]=0x00000000, sa_flags=0x00000000
SIGUSR2: [libjvm.so+0x795cd0], sa_mask[0]=0x00000004, sa_flags=0x10000004
SIGHUP: [libjvm.so+0x795eb0], sa_mask[0]=0x7ffbfeff, sa_flags=0x10000004
SIGINT: [libjvm.so+0x795eb0], sa_mask[0]=0x7ffbfeff, sa_flags=0x10000004
SIGTERM: [libjvm.so+0x795eb0], sa_mask[0]=0x7ffbfeff, sa_flags=0x10000004
SIGQUIT: [libjvm.so+0x795eb0], sa_mask[0]=0x7ffbfeff, sa_flags=0x10000004


---------------  S Y S T E M  ---------------

OS:Ubuntu 14.04 (trusty)
uname:Linux 3.13.0-30-generic #54-Ubuntu SMP Mon Jun 9 22:45:01 UTC 2014 x86_64
libc:glibc 2.19 NPTL 2.19 
rlimit: STACK 8192k, CORE 0k, NPROC 30722, NOFILE 4096, AS infinity
load average:6.87 4.61 2.46

/proc/meminfo:
MemTotal:        3954024 kB
MemFree:          109332 kB
Buffers:             728 kB
Cached:           243380 kB
SwapCached:            0 kB
Active:          3450508 kB
Inactive:         236132 kB
Active(anon):    3444880 kB
Inactive(anon):   206584 kB
Active(file):       5628 kB
Inactive(file):    29548 kB
Unevictable:          32 kB
Mlocked:              32 kB
SwapTotal:             0 kB
SwapFree:              0 kB
Dirty:                52 kB
Writeback:             0 kB
AnonPages:       3442968 kB
Mapped:            55824 kB
Shmem:            208536 kB
Slab:              57948 kB
SReclaimable:      24304 kB
SUnreclaim:        33644 kB
KernelStack:        5032 kB
PageTables:        39364 kB
NFS_Unstable:          0 kB
Bounce:                0 kB
WritebackTmp:          0 kB
CommitLimit:     1977012 kB
Committed_AS:    6993964 kB
VmallocTotal:   34359738367 kB
VmallocUsed:      347388 kB
VmallocChunk:   34359383516 kB
HardwareCorrupted:     0 kB
AnonHugePages:   1159168 kB
HugePages_Total:       0
HugePages_Free:        0
HugePages_Rsvd:        0
HugePages_Surp:        0
Hugepagesize:       2048 kB
DirectMap4k:       80552 kB
DirectMap2M:     4020224 kB


CPU:total 4 (2 cores per cpu, 2 threads per core) family 6 model 42 stepping 7, cmov, cx8, fxsr, mmx, sse, sse2, sse3, ssse3, sse4.1, sse4.2, popcnt, avx, aes, ht, tsc, tscinvbit

/proc/cpuinfo:
processor	: 0
vendor_id	: GenuineIntel
cpu family	: 6
model		: 42
model name	: Intel(R) Core(TM) i5-2450M CPU @ 2.50GHz
stepping	: 7
microcode	: 0x1b
cpu MHz		: 2501.000
cache size	: 3072 KB
physical id	: 0
siblings	: 4
core id		: 0
cpu cores	: 2
apicid		: 0
initial apicid	: 0
fpu		: yes
fpu_exception	: yes
cpuid level	: 13
wp		: yes
flags		: fpu vme de pse tsc msr pae mce cx8 apic sep mtrr pge mca cmov pat pse36 clflush dts acpi mmx fxsr sse sse2 ss ht tm pbe syscall nx rdtscp lm constant_tsc arch_perfmon pebs bts rep_good nopl xtopology nonstop_tsc aperfmperf eagerfpu pni pclmulqdq dtes64 monitor ds_cpl vmx est tm2 ssse3 cx16 xtpr pdcm pcid sse4_1 sse4_2 x2apic popcnt tsc_deadline_timer aes xsave avx lahf_lm ida arat epb xsaveopt pln pts dtherm tpr_shadow vnmi flexpriority ept vpid
bogomips	: 4988.67
clflush size	: 64
cache_alignment	: 64
address sizes	: 36 bits physical, 48 bits virtual
power management:

processor	: 1
vendor_id	: GenuineIntel
cpu family	: 6
model		: 42
model name	: Intel(R) Core(TM) i5-2450M CPU @ 2.50GHz
stepping	: 7
microcode	: 0x1b
cpu MHz		: 800.000
cache size	: 3072 KB
physical id	: 0
siblings	: 4
core id		: 1
cpu cores	: 2
apicid		: 2
initial apicid	: 2
fpu		: yes
fpu_exception	: yes
cpuid level	: 13
wp		: yes
flags		: fpu vme de pse tsc msr pae mce cx8 apic sep mtrr pge mca cmov pat pse36 clflush dts acpi mmx fxsr sse sse2 ss ht tm pbe syscall nx rdtscp lm constant_tsc arch_perfmon pebs bts rep_good nopl xtopology nonstop_tsc aperfmperf eagerfpu pni pclmulqdq dtes64 monitor ds_cpl vmx est tm2 ssse3 cx16 xtpr pdcm pcid sse4_1 sse4_2 x2apic popcnt tsc_deadline_timer aes xsave avx lahf_lm ida arat epb xsaveopt pln pts dtherm tpr_shadow vnmi flexpriority ept vpid
bogomips	: 4988.67
clflush size	: 64
cache_alignment	: 64
address sizes	: 36 bits physical, 48 bits virtual
power management:

processor	: 2
vendor_id	: GenuineIntel
cpu family	: 6
model		: 42
model name	: Intel(R) Core(TM) i5-2450M CPU @ 2.50GHz
stepping	: 7
microcode	: 0x1b
cpu MHz		: 800.000
cache size	: 3072 KB
physical id	: 0
siblings	: 4
core id		: 0
cpu cores	: 2
apicid		: 1
initial apicid	: 1
fpu		: yes
fpu_exception	: yes
cpuid level	: 13
wp		: yes
flags		: fpu vme de pse tsc msr pae mce cx8 apic sep mtrr pge mca cmov pat pse36 clflush dts acpi mmx fxsr sse sse2 ss ht tm pbe syscall nx rdtscp lm constant_tsc arch_perfmon pebs bts rep_good nopl xtopology nonstop_tsc aperfmperf eagerfpu pni pclmulqdq dtes64 monitor ds_cpl vmx est tm2 ssse3 cx16 xtpr pdcm pcid sse4_1 sse4_2 x2apic popcnt tsc_deadline_timer aes xsave avx lahf_lm ida arat epb xsaveopt pln pts dtherm tpr_shadow vnmi flexpriority ept vpid
bogomips	: 4988.67
clflush size	: 64
cache_alignment	: 64
address sizes	: 36 bits physical, 48 bits virtual
power management:

processor	: 3
vendor_id	: GenuineIntel
cpu family	: 6
model		: 42
model name	: Intel(R) Core(TM) i5-2450M CPU @ 2.50GHz
stepping	: 7
microcode	: 0x1b
cpu MHz		: 800.000
cache size	: 3072 KB
physical id	: 0
siblings	: 4
core id		: 1
cpu cores	: 2
apicid		: 3
initial apicid	: 3
fpu		: yes
fpu_exception	: yes
cpuid level	: 13
wp		: yes
flags		: fpu vme de pse tsc msr pae mce cx8 apic sep mtrr pge mca cmov pat pse36 clflush dts acpi mmx fxsr sse sse2 ss ht tm pbe syscall nx rdtscp lm constant_tsc arch_perfmon pebs bts rep_good nopl xtopology nonstop_tsc aperfmperf eagerfpu pni pclmulqdq dtes64 monitor ds_cpl vmx est tm2 ssse3 cx16 xtpr pdcm pcid sse4_1 sse4_2 x2apic popcnt tsc_deadline_timer aes xsave avx lahf_lm ida arat epb xsaveopt pln pts dtherm tpr_shadow vnmi flexpriority ept vpid
bogomips	: 4988.67
clflush size	: 64
cache_alignment	: 64
address sizes	: 36 bits physical, 48 bits virtual
power management:



Memory: 4k page, physical 3954024k(109332k free), swap 0k(0k free)

vm_info: OpenJDK 64-Bit Server VM (24.51-b03) for linux-amd64 JRE (1.7.0_55-b14), built on Apr 17 2014 20:08:07 by "buildd" with gcc 4.8.2

time: Mon Aug 24 17:39:56 2015
elapsed time: 23 seconds

