#
# There is insufficient memory for the Java Runtime Environment to continue.
# Native memory allocation (malloc) failed to allocate 166723584 bytes for committing reserved memory.
# Possible reasons:
#   The system is out of physical RAM or swap space
#   In 32 bit mode, the process size limit was hit
# Possible solutions:
#   Reduce memory load on the system
#   Increase physical memory or swap space
#   Check if swap backing store is full
#   Use 64 bit Java on a 64 bit OS
#   Decrease Java heap size (-Xmx/-Xms)
#   Decrease number of Java threads
#   Decrease Java thread stack sizes (-Xss)
#   Set larger code cache with -XX:ReservedCodeCacheSize=
# This output file may be truncated or incomplete.
#
#  Out of Memory Error (os_linux.cpp:2769), pid=5003, tid=140442961676032
#
# JRE version: OpenJDK Runtime Environment (7.0_55-b14) (build 1.7.0_55-b14)
# Java VM: OpenJDK 64-Bit Server VM (24.51-b03 mixed mode linux-amd64 compressed oops)
# Failed to write core dump. Core dumps have been disabled. To enable core dumping, try "ulimit -c unlimited" before starting Java again
#

---------------  T H R E A D  ---------------

Current thread (0x00007fbb68075800):  VMThread [stack: 0x00007fbb6cc78000,0x00007fbb6cd79000] [id=5013]

Stack: [0x00007fbb6cc78000,0x00007fbb6cd79000],  sp=0x00007fbb6cd77470,  free space=1021k
Native frames: (J=compiled Java code, j=interpreted, Vv=VM code, C=native code)
V  [libjvm.so+0x917b35]  VMError::report_and_die()+0x175
V  [libjvm.so+0x468144]  report_vm_out_of_memory(char const*, int, unsigned long, char const*)+0x74
V  [libjvm.so+0x79a81b]  os::pd_commit_memory(char*, unsigned long, unsigned long, bool)+0x20b
V  [libjvm.so+0x7950df]  os::commit_memory(char*, unsigned long, unsigned long, bool)+0x1f
V  [libjvm.so+0x8053cb]  PSVirtualSpace::expand_by(unsigned long)+0x5b
V  [libjvm.so+0x7f519b]  PSOldGen::expand_by(unsigned long) [clone .part.80]+0x1b
V  [libjvm.so+0x7f535b]  PSOldGen::expand(unsigned long) [clone .part.81]+0xdb
V  [libjvm.so+0x7f6288]  PSOldGen::resize(unsigned long)+0x188
V  [libjvm.so+0x7fd2e3]  PSParallelCompact::invoke_no_policy(bool)+0x9c3
V  [libjvm.so+0x80350d]  PSScavenge::invoke()+0x17d
V  [libjvm.so+0x7b9b33]  ParallelScavengeHeap::failed_mem_allocate(unsigned long)+0x63
V  [libjvm.so+0x919544]  VM_ParallelGCFailedAllocation::doit()+0x84
V  [libjvm.so+0x91d9e7]  VM_Operation::evaluate()+0x47
V  [libjvm.so+0x91c3b8]  VMThread::evaluate_operation(VM_Operation*)+0x318
V  [libjvm.so+0x91c819]  VMThread::loop()+0x219
V  [libjvm.so+0x91cc62]  VMThread::run()+0x72
V  [libjvm.so+0x7974e2]  java_start(Thread*)+0xf2

VM_Operation (0x00007fbb71efdf10): ParallelGCFailedAllocation, mode: safepoint, requested by thread 0x00007fbb6800a800


---------------  P R O C E S S  ---------------

Java Threads: ( => current thread )
  0x00007fbb680a6000 JavaThread "Service Thread" daemon [_thread_blocked, id=5019, stack(0x00007fbb64eff000,0x00007fbb65000000)]
  0x00007fbb680a4000 JavaThread "C2 CompilerThread1" daemon [_thread_blocked, id=5018, stack(0x00007fbb6c091000,0x00007fbb6c192000)]
  0x00007fbb680a1000 JavaThread "C2 CompilerThread0" daemon [_thread_blocked, id=5017, stack(0x00007fbb6c192000,0x00007fbb6c293000)]
  0x00007fbb6809e800 JavaThread "Signal Dispatcher" daemon [_thread_blocked, id=5016, stack(0x00007fbb6c293000,0x00007fbb6c394000)]
  0x00007fbb6807c000 JavaThread "Finalizer" daemon [_thread_blocked, id=5015, stack(0x00007fbb6ca76000,0x00007fbb6cb77000)]
  0x00007fbb6807a000 JavaThread "Reference Handler" daemon [_thread_blocked, id=5014, stack(0x00007fbb6cb77000,0x00007fbb6cc78000)]
  0x00007fbb6800a800 JavaThread "main" [_thread_blocked, id=5006, stack(0x00007fbb71dff000,0x00007fbb71f00000)]

Other Threads:
=>0x00007fbb68075800 VMThread [stack: 0x00007fbb6cc78000,0x00007fbb6cd79000] [id=5013]
  0x00007fbb680b1000 WatcherThread [stack: 0x00007fbb64dfe000,0x00007fbb64eff000] [id=5020]

VM state:at safepoint (normal execution)

VM Mutex/Monitor currently owned by a thread:  ([mutex/lock_event])
[0x00007fbb68006430] ExpandHeap_lock - owner thread: 0x00007fbb68075800
[0x00007fbb68006ab0] Threads_lock - owner thread: 0x00007fbb68075800
[0x00007fbb68006fb0] Heap_lock - owner thread: 0x00007fbb6800a800

Heap
 PSYoungGen      total 230400K, used 0K [0x00000000eaa80000, 0x00000000ffd00000, 0x0000000100000000)
  eden space 117248K, 0% used [0x00000000eaa80000,0x00000000eaa80000,0x00000000f1d00000)
  from space 113152K, 0% used [0x00000000f8e80000,0x00000000f8e80000,0x00000000ffd00000)
  to   space 114688K, 0% used [0x00000000f1d00000,0x00000000f1d00000,0x00000000f8d00000)
 ParOldGen       total 410624K, used 395369K [0x00000000c0000000, 0x00000000d9100000, 0x00000000eaa80000)
  object space 410624K, 96% used [0x00000000c0000000,0x00000000d821a598,0x00000000d9100000)
 PSPermGen       total 21504K, used 6114K [0x00000000b5a00000, 0x00000000b6f00000, 0x00000000c0000000)
  object space 21504K, 28% used [0x00000000b5a00000,0x00000000b5ff8900,0x00000000b6f00000)

Card table byte_map: [0x00007fbb6e835000,0x00007fbb6ea89000] byte_map_base: 0x00007fbb6e288000

Polling page: 0x00007fbb71f25000

Code Cache  [0x00007fbb65000000, 0x00007fbb653c0000, 0x00007fbb68000000)
 total_blobs=1317 nmethods=1090 adapters=180 free_code_cache=45557Kb largest_free_block=46424896

Compilation events (10 events):
Event: 15.208 Thread 0x00007fbb680a4000 nmethod 1122 0x00007fbb651ddbd0 code [0x00007fbb651ddd00, 0x00007fbb651ddd58]
Event: 15.208 Thread 0x00007fbb680a4000 1124             sun.util.calendar.CalendarDate::setMillis (20 bytes)
Event: 15.208 Thread 0x00007fbb680a1000 nmethod 1123 0x00007fbb651dd9d0 code [0x00007fbb651ddb00, 0x00007fbb651ddb58]
Event: 15.208 Thread 0x00007fbb680a1000 1125             sun.util.calendar.CalendarDate::setTimeOfDay (6 bytes)
Event: 15.208 Thread 0x00007fbb680a1000 nmethod 1125 0x00007fbb6539fc10 code [0x00007fbb6539fd40, 0x00007fbb6539fd98]
Event: 15.208 Thread 0x00007fbb680a4000 nmethod 1124 0x00007fbb651dd7d0 code [0x00007fbb651dd900, 0x00007fbb651dd958]
Event: 15.208 Thread 0x00007fbb680a4000 1126             sun.util.calendar.CalendarDate::setLeapYear (6 bytes)
Event: 15.208 Thread 0x00007fbb680a4000 nmethod 1126 0x00007fbb651dd5d0 code [0x00007fbb651dd700, 0x00007fbb651dd758]
Event: 15.219 Thread 0x00007fbb680a1000 1127             com.android.dx.cf.iface.StdFieldList::get (9 bytes)
Event: 15.220 Thread 0x00007fbb680a1000 nmethod 1127 0x00007fbb651dd290 code [0x00007fbb651dd3e0, 0x00007fbb651dd4b8]

GC Heap History (10 events):
Event: 13.628 GC heap after
Heap after GC invocations=20 (full 4):
 PSYoungGen      total 235520K, used 48133K [0x00000000eaa80000, 0x0000000100000000, 0x0000000100000000)
  eden space 147968K, 0% used [0x00000000eaa80000,0x00000000eaa80000,0x00000000f3b00000)
  from space 87552K, 54% used [0x00000000faa80000,0x00000000fd981420,0x0000000100000000)
  to   space 100864K, 0% used [0x00000000f3b00000,0x00000000f3b00000,0x00000000f9d80000)
 ParOldGen       total 410624K, used 266465K [0x00000000c0000000, 0x00000000d9100000, 0x00000000eaa80000)
  object space 410624K, 64% used [0x00000000c0000000,0x00000000d04387c8,0x00000000d9100000)
 PSPermGen       total 21504K, used 6101K [0x00000000b5a00000, 0x00000000b6f00000, 0x00000000c0000000)
  object space 21504K, 28% used [0x00000000b5a00000,0x00000000b5ff5540,0x00000000b6f00000)
}
Event: 13.969 GC heap before
{Heap before GC invocations=21 (full 4):
 PSYoungGen      total 235520K, used 196101K [0x00000000eaa80000, 0x0000000100000000, 0x0000000100000000)
  eden space 147968K, 100% used [0x00000000eaa80000,0x00000000f3b00000,0x00000000f3b00000)
  from space 87552K, 54% used [0x00000000faa80000,0x00000000fd981420,0x0000000100000000)
  to   space 100864K, 0% used [0x00000000f3b00000,0x00000000f3b00000,0x00000000f9d80000)
 ParOldGen       total 410624K, used 266465K [0x00000000c0000000, 0x00000000d9100000, 0x00000000eaa80000)
  object space 410624K, 64% used [0x00000000c0000000,0x00000000d04387c8,0x00000000d9100000)
 PSPermGen       total 21504K, used 6109K [0x00000000b5a00000, 0x00000000b6f00000, 0x00000000c0000000)
  object space 21504K, 28% used [0x00000000b5a00000,0x00000000b5ff76f8,0x00000000b6f00000)
Event: 14.109 GC heap after
Heap after GC invocations=21 (full 4):
 PSYoungGen      total 222208K, used 74064K [0x00000000eaa80000, 0x0000000100000000, 0x0000000100000000)
  eden space 147968K, 0% used [0x00000000eaa80000,0x00000000eaa80000,0x00000000f3b00000)
  from space 74240K, 99% used [0x00000000f3b00000,0x00000000f8354260,0x00000000f8380000)
  to   space 107008K, 0% used [0x00000000f9780000,0x00000000f9780000,0x0000000100000000)
 ParOldGen       total 410624K, used 266465K [0x00000000c0000000, 0x00000000d9100000, 0x00000000eaa80000)
  object space 410624K, 64% used [0x00000000c0000000,0x00000000d04387c8,0x00000000d9100000)
 PSPermGen       total 21504K, used 6109K [0x00000000b5a00000, 0x00000000b6f00000, 0x00000000c0000000)
  object space 21504K, 28% used [0x00000000b5a00000,0x00000000b5ff76f8,0x00000000b6f00000)
}
Event: 14.448 GC heap before
{Heap before GC invocations=22 (full 4):
 PSYoungGen      total 222208K, used 222032K [0x00000000eaa80000, 0x0000000100000000, 0x0000000100000000)
  eden space 147968K, 100% used [0x00000000eaa80000,0x00000000f3b00000,0x00000000f3b00000)
  from space 74240K, 99% used [0x00000000f3b00000,0x00000000f8354260,0x00000000f8380000)
  to   space 107008K, 0% used [0x00000000f9780000,0x00000000f9780000,0x0000000100000000)
 ParOldGen       total 410624K, used 266465K [0x00000000c0000000, 0x00000000d9100000, 0x00000000eaa80000)
  object space 410624K, 64% used [0x00000000c0000000,0x00000000d04387c8,0x00000000d9100000)
 PSPermGen       total 21504K, used 6111K [0x00000000b5a00000, 0x00000000b6f00000, 0x00000000c0000000)
  object space 21504K, 28% used [0x00000000b5a00000,0x00000000b5ff7dd0,0x00000000b6f00000)
Event: 14.538 GC heap after
Heap after GC invocations=22 (full 4):
 PSYoungGen      total 224256K, used 96256K [0x00000000eaa80000, 0x0000000100000000, 0x0000000100000000)
  eden space 117248K, 0% used [0x00000000eaa80000,0x00000000eaa80000,0x00000000f1d00000)
  from space 107008K, 89% used [0x00000000f9780000,0x00000000ff5802d8,0x0000000100000000)
  to   space 116224K, 0% used [0x00000000f1d00000,0x00000000f1d00000,0x00000000f8e80000)
 ParOldGen       total 410624K, used 266465K [0x00000000c0000000, 0x00000000d9100000, 0x00000000eaa80000)
  object space 410624K, 64% used [0x00000000c0000000,0x00000000d04387c8,0x00000000d9100000)
 PSPermGen       total 21504K, used 6111K [0x00000000b5a00000, 0x00000000b6f00000, 0x00000000c0000000)
  object space 21504K, 28% used [0x00000000b5a00000,0x00000000b5ff7dd0,0x00000000b6f00000)
}
Event: 14.868 GC heap before
{Heap before GC invocations=23 (full 4):
 PSYoungGen      total 224256K, used 213504K [0x00000000eaa80000, 0x0000000100000000, 0x0000000100000000)
  eden space 117248K, 100% used [0x00000000eaa80000,0x00000000f1d00000,0x00000000f1d00000)
  from space 107008K, 89% used [0x00000000f9780000,0x00000000ff5802d8,0x0000000100000000)
  to   space 116224K, 0% used [0x00000000f1d00000,0x00000000f1d00000,0x00000000f8e80000)
 ParOldGen       total 410624K, used 266465K [0x00000000c0000000, 0x00000000d9100000, 0x00000000eaa80000)
  object space 410624K, 64% used [0x00000000c0000000,0x00000000d04387c8,0x00000000d9100000)
 PSPermGen       total 21504K, used 6113K [0x00000000b5a00000, 0x00000000b6f00000, 0x00000000c0000000)
  object space 21504K, 28% used [0x00000000b5a00000,0x00000000b5ff85f0,0x00000000b6f00000)
Event: 14.998 GC heap after
Heap after GC invocations=23 (full 4):
 PSYoungGen      total 233472K, used 66308K [0x00000000eaa80000, 0x0000000100000000, 0x0000000100000000)
  eden space 117248K, 0% used [0x00000000eaa80000,0x00000000eaa80000,0x00000000f1d00000)
  from space 116224K, 57% used [0x00000000f1d00000,0x00000000f5dc1370,0x00000000f8e80000)
  to   space 116224K, 0% used [0x00000000f8e80000,0x00000000f8e80000,0x0000000100000000)
 ParOldGen       total 410624K, used 314189K [0x00000000c0000000, 0x00000000d9100000, 0x00000000eaa80000)
  object space 410624K, 76% used [0x00000000c0000000,0x00000000d32d3708,0x00000000d9100000)
 PSPermGen       total 21504K, used 6113K [0x00000000b5a00000, 0x00000000b6f00000, 0x00000000c0000000)
  object space 21504K, 28% used [0x00000000b5a00000,0x00000000b5ff85f0,0x00000000b6f00000)
}
Event: 15.277 GC heap before
{Heap before GC invocations=24 (full 4):
 PSYoungGen      total 233472K, used 183556K [0x00000000eaa80000, 0x0000000100000000, 0x0000000100000000)
  eden space 117248K, 100% used [0x00000000eaa80000,0x00000000f1d00000,0x00000000f1d00000)
  from space 116224K, 57% used [0x00000000f1d00000,0x00000000f5dc1370,0x00000000f8e80000)
  to   space 116224K, 0% used [0x00000000f8e80000,0x00000000f8e80000,0x0000000100000000)
 ParOldGen       total 410624K, used 314189K [0x00000000c0000000, 0x00000000d9100000, 0x00000000eaa80000)
  object space 410624K, 76% used [0x00000000c0000000,0x00000000d32d3708,0x00000000d9100000)
 PSPermGen       total 21504K, used 6114K [0x00000000b5a00000, 0x00000000b6f00000, 0x00000000c0000000)
  object space 21504K, 28% used [0x00000000b5a00000,0x00000000b5ff8980,0x00000000b6f00000)
Event: 15.379 GC heap after
Heap after GC invocations=24 (full 4):
 PSYoungGen      total 230400K, used 36887K [0x00000000eaa80000, 0x00000000ffd00000, 0x0000000100000000)
  eden space 117248K, 0% used [0x00000000eaa80000,0x00000000eaa80000,0x00000000f1d00000)
  from space 113152K, 32% used [0x00000000f8e80000,0x00000000fb285f50,0x00000000ffd00000)
  to   space 114688K, 0% used [0x00000000f1d00000,0x00000000f1d00000,0x00000000f8d00000)
 ParOldGen       total 410624K, used 362076K [0x00000000c0000000, 0x00000000d9100000, 0x00000000eaa80000)
  object space 410624K, 88% used [0x00000000c0000000,0x00000000d6197198,0x00000000d9100000)
 PSPermGen       total 21504K, used 6114K [0x00000000b5a00000, 0x00000000b6f00000, 0x00000000c0000000)
  object space 21504K, 28% used [0x00000000b5a00000,0x00000000b5ff8980,0x00000000b6f00000)
}
Event: 15.379 GC heap before
{Heap before GC invocations=25 (full 5):
 PSYoungGen      total 230400K, used 36887K [0x00000000eaa80000, 0x00000000ffd00000, 0x0000000100000000)
  eden space 117248K, 0% used [0x00000000eaa80000,0x00000000eaa80000,0x00000000f1d00000)
  from space 113152K, 32% used [0x00000000f8e80000,0x00000000fb285f50,0x00000000ffd00000)
  to   space 114688K, 0% used [0x00000000f1d00000,0x00000000f1d00000,0x00000000f8d00000)
 ParOldGen       total 410624K, used 362076K [0x00000000c0000000, 0x00000000d9100000, 0x00000000eaa80000)
  object space 410624K, 88% used [0x00000000c0000000,0x00000000d6197198,0x00000000d9100000)
 PSPermGen       total 21504K, used 6114K [0x00000000b5a00000, 0x00000000b6f00000, 0x00000000c0000000)
  object space 21504K, 28% used [0x00000000b5a00000,0x00000000b5ff8980,0x00000000b6f00000)

Deoptimization events (10 events):
Event: 11.720 Thread 0x00007fbb6800a800 Uncommon trap: reason=class_check action=maybe_recompile pc=0x00007fbb6511b9b4 method=com.android.dx.ssa.DomFront.calcDomFronts()V @ 101
Event: 11.726 Thread 0x00007fbb6800a800 Uncommon trap: reason=class_check action=maybe_recompile pc=0x00007fbb650ae4d8 method=com.android.dx.ssa.SsaConverter.placePhiFunctions(Lcom/android/dx/ssa/SsaMethod;Lcom/android/dx/ssa/LocalVariableInfo;I)V @ 257
Event: 14.311 Thread 0x00007fbb6800a800 Uncommon trap: reason=unreached action=reinterpret pc=0x00007fbb65229bb4 method=com.android.dx.rop.code.LocalItem.compareHandlesNulls(Lcom/android/dx/rop/cst/CstString;Lcom/android/dx/rop/cst/CstString;)I @ 14
Event: 14.311 Thread 0x00007fbb6800a800 Uncommon trap: reason=unreached action=reinterpret pc=0x00007fbb6511a8a4 method=com.android.dx.rop.code.LocalItem.compareHandlesNulls(Lcom/android/dx/rop/cst/CstString;Lcom/android/dx/rop/cst/CstString;)I @ 14
Event: 14.355 Thread 0x00007fbb6800a800 Uncommon trap: reason=unreached action=reinterpret pc=0x00007fbb650dcfa4 method=com.android.dx.rop.code.LocalItem.compareHandlesNulls(Lcom/android/dx/rop/cst/CstString;Lcom/android/dx/rop/cst/CstString;)I @ 14
Event: 14.397 Thread 0x00007fbb6800a800 Uncommon trap: reason=class_check action=maybe_recompile pc=0x00007fbb6538a0a0 method=com.android.dx.cf.code.BytecodeArray.parseInstruction(ILcom/android/dx/cf/code/BytecodeArray$Visitor;)I @ 2092
Event: 14.397 Thread 0x00007fbb6800a800 Uncommon trap: reason=class_check action=maybe_recompile pc=0x00007fbb6538a0a0 method=com.android.dx.cf.code.BytecodeArray.parseInstruction(ILcom/android/dx/cf/code/BytecodeArray$Visitor;)I @ 2092
Event: 14.397 Thread 0x00007fbb6800a800 Uncommon trap: reason=class_check action=maybe_recompile pc=0x00007fbb6538a0a0 method=com.android.dx.cf.code.BytecodeArray.parseInstruction(ILcom/android/dx/cf/code/BytecodeArray$Visitor;)I @ 2092
Event: 14.397 Thread 0x00007fbb6800a800 Uncommon trap: reason=class_check action=maybe_recompile pc=0x00007fbb6538a0a0 method=com.android.dx.cf.code.BytecodeArray.parseInstruction(ILcom/android/dx/cf/code/BytecodeArray$Visitor;)I @ 2092
Event: 14.745 Thread 0x00007fbb6800a800 Uncommon trap: reason=unloaded action=reinterpret pc=0x00007fbb6525e670 method=com.android.dx.dex.cf.CfTranslator.coerceConstant(Lcom/android/dx/rop/cst/TypedConstant;Lcom/android/dx/rop/type/Type;)Lcom/android/dx/rop/cst/TypedConstant; @ 93

Internal exceptions (10 events):
Event: 5.348 Thread 0x00007fbb6800a800 Threw 0x00000000eadecc38 at /build/buildd/openjdk-7-7u55-2.4.7/build/openjdk/hotspot/src/share/vm/prims/jvm.cpp:1244
Event: 5.907 Thread 0x00007fbb6800a800 Threw 0x00000000f2155b80 at /build/buildd/openjdk-7-7u55-2.4.7/build/openjdk/hotspot/src/share/vm/prims/jvm.cpp:1244
Event: 7.832 Thread 0x00007fbb6800a800 Threw 0x00000000f0da2a08 at /build/buildd/openjdk-7-7u55-2.4.7/build/openjdk/hotspot/src/share/vm/prims/jvm.cpp:1244
Event: 10.014 Thread 0x00007fbb6800a800 Implicit null exception at 0x00007fbb65398f89 to 0x00007fbb6539a20d
Event: 11.142 Thread 0x00007fbb6800a800 Implicit null exception at 0x00007fbb652e39e3 to 0x00007fbb652e51e9
Event: 11.689 Thread 0x00007fbb6800a800 Threw 0x00000000f25ff7d0 at /build/buildd/openjdk-7-7u55-2.4.7/build/openjdk/hotspot/src/share/vm/prims/jvm.cpp:1244
Event: 11.726 Thread 0x00007fbb6800a800 Threw 0x00000000f2645d20 at /build/buildd/openjdk-7-7u55-2.4.7/build/openjdk/hotspot/src/share/vm/prims/jvm.cpp:1244
Event: 14.311 Thread 0x00007fbb6800a800 Implicit null exception at 0x00007fbb652299fa to 0x00007fbb65229ba1
Event: 14.311 Thread 0x00007fbb6800a800 Implicit null exception at 0x00007fbb6511a706 to 0x00007fbb6511a891
Event: 14.355 Thread 0x00007fbb6800a800 Implicit null exception at 0x00007fbb650dce7c to 0x00007fbb650dcf91

Events (10 events):
Event: 14.745 Thread 0x00007fbb6800a800 DEOPT UNPACKING pc=0x00007fbb65039445 sp=0x00007fbb71efe130 mode 2
Event: 14.844 Thread 0x00007fbb680a4000 flushing nmethod 0x00007fbb652f3950
Event: 14.867 Executing VM operation: ParallelGCFailedAllocation
Event: 14.998 Executing VM operation: ParallelGCFailedAllocation done
Event: 15.066 Thread 0x00007fbb680a4000 flushing nmethod 0x00007fbb6516ed90
Event: 15.092 Thread 0x00007fbb680a1000 flushing nmethod 0x00007fbb651dc790
Event: 15.123 Thread 0x00007fbb680a1000 flushing nmethod 0x00007fbb65330810
Event: 15.123 Thread 0x00007fbb680a4000 flushing nmethod 0x00007fbb65395810
Event: 15.123 Thread 0x00007fbb680a4000 flushing nmethod 0x00007fbb65398910
Event: 15.277 Executing VM operation: ParallelGCFailedAllocation


Dynamic libraries:
00400000-00401000 r-xp 00000000 08:05 404203                             /usr/lib/jvm/java-7-openjdk-amd64/jre/bin/java
00600000-00601000 r--p 00000000 08:05 404203                             /usr/lib/jvm/java-7-openjdk-amd64/jre/bin/java
00601000-00602000 rw-p 00001000 08:05 404203                             /usr/lib/jvm/java-7-openjdk-amd64/jre/bin/java
00fba000-00fdb000 rw-p 00000000 00:00 0                                  [heap]
b5a00000-b6f00000 rw-p 00000000 00:00 0 
b6f00000-c0000000 rw-p 00000000 00:00 0 
c0000000-d9100000 rw-p 00000000 00:00 0 
e3000000-eaa80000 rw-p 00000000 00:00 0 
eaa80000-ffd00000 rw-p 00000000 00:00 0 
ffd00000-100000000 ---p 00000000 00:00 0 
7fbb30000000-7fbb30021000 rw-p 00000000 00:00 0 
7fbb30021000-7fbb34000000 ---p 00000000 00:00 0 
7fbb34000000-7fbb34021000 rw-p 00000000 00:00 0 
7fbb34021000-7fbb38000000 ---p 00000000 00:00 0 
7fbb38000000-7fbb39b58000 rw-p 00000000 00:00 0 
7fbb39b58000-7fbb3c000000 ---p 00000000 00:00 0 
7fbb3c000000-7fbb3d18e000 rw-p 00000000 00:00 0 
7fbb3d18e000-7fbb40000000 ---p 00000000 00:00 0 
7fbb40000000-7fbb40021000 rw-p 00000000 00:00 0 
7fbb40021000-7fbb44000000 ---p 00000000 00:00 0 
7fbb44000000-7fbb44021000 rw-p 00000000 00:00 0 
7fbb44021000-7fbb48000000 ---p 00000000 00:00 0 
7fbb48000000-7fbb4823d000 rw-p 00000000 00:00 0 
7fbb4823d000-7fbb4c000000 ---p 00000000 00:00 0 
7fbb4c000000-7fbb4c021000 rw-p 00000000 00:00 0 
7fbb4c021000-7fbb50000000 ---p 00000000 00:00 0 
7fbb50000000-7fbb50021000 rw-p 00000000 00:00 0 
7fbb50021000-7fbb54000000 ---p 00000000 00:00 0 
7fbb54000000-7fbb54021000 rw-p 00000000 00:00 0 
7fbb54021000-7fbb58000000 ---p 00000000 00:00 0 
7fbb58000000-7fbb58021000 rw-p 00000000 00:00 0 
7fbb58021000-7fbb5c000000 ---p 00000000 00:00 0 
7fbb5d048000-7fbb5d085000 r-xp 00000000 08:05 1052680                    /lib/x86_64-linux-gnu/libpcre.so.3.13.1
7fbb5d085000-7fbb5d284000 ---p 0003d000 08:05 1052680                    /lib/x86_64-linux-gnu/libpcre.so.3.13.1
7fbb5d284000-7fbb5d285000 r--p 0003c000 08:05 1052680                    /lib/x86_64-linux-gnu/libpcre.so.3.13.1
7fbb5d285000-7fbb5d286000 rw-p 0003d000 08:05 1052680                    /lib/x86_64-linux-gnu/libpcre.so.3.13.1
7fbb5d286000-7fbb5d28d000 r-xp 00000000 08:05 401716                     /usr/lib/x86_64-linux-gnu/libffi.so.6.0.1
7fbb5d28d000-7fbb5d48c000 ---p 00007000 08:05 401716                     /usr/lib/x86_64-linux-gnu/libffi.so.6.0.1
7fbb5d48c000-7fbb5d48d000 r--p 00006000 08:05 401716                     /usr/lib/x86_64-linux-gnu/libffi.so.6.0.1
7fbb5d48d000-7fbb5d48e000 rw-p 00007000 08:05 401716                     /usr/lib/x86_64-linux-gnu/libffi.so.6.0.1
7fbb5d48e000-7fbb5d4a5000 r-xp 00000000 08:05 1052703                    /lib/x86_64-linux-gnu/libresolv-2.19.so
7fbb5d4a5000-7fbb5d6a5000 ---p 00017000 08:05 1052703                    /lib/x86_64-linux-gnu/libresolv-2.19.so
7fbb5d6a5000-7fbb5d6a6000 r--p 00017000 08:05 1052703                    /lib/x86_64-linux-gnu/libresolv-2.19.so
7fbb5d6a6000-7fbb5d6a7000 rw-p 00018000 08:05 1052703                    /lib/x86_64-linux-gnu/libresolv-2.19.so
7fbb5d6a7000-7fbb5d6a9000 rw-p 00000000 00:00 0 
7fbb5d6a9000-7fbb5d6c9000 r-xp 00000000 08:05 1052568                    /lib/x86_64-linux-gnu/libselinux.so.1
7fbb5d6c9000-7fbb5d8c8000 ---p 00020000 08:05 1052568                    /lib/x86_64-linux-gnu/libselinux.so.1
7fbb5d8c8000-7fbb5d8c9000 r--p 0001f000 08:05 1052568                    /lib/x86_64-linux-gnu/libselinux.so.1
7fbb5d8c9000-7fbb5d8ca000 rw-p 00020000 08:05 1052568                    /lib/x86_64-linux-gnu/libselinux.so.1
7fbb5d8ca000-7fbb5d8cc000 rw-p 00000000 00:00 0 
7fbb5d8cc000-7fbb5d8cf000 r-xp 00000000 08:05 401833                     /usr/lib/x86_64-linux-gnu/libgmodule-2.0.so.0.4000.0
7fbb5d8cf000-7fbb5dace000 ---p 00003000 08:05 401833                     /usr/lib/x86_64-linux-gnu/libgmodule-2.0.so.0.4000.0
7fbb5dace000-7fbb5dacf000 r--p 00002000 08:05 401833                     /usr/lib/x86_64-linux-gnu/libgmodule-2.0.so.0.4000.0
7fbb5dacf000-7fbb5dad0000 rw-p 00003000 08:05 401833                     /usr/lib/x86_64-linux-gnu/libgmodule-2.0.so.0.4000.0
7fbb5dad0000-7fbb60000000 rw-p 00000000 00:00 0 
7fbb60000000-7fbb60021000 rw-p 00000000 00:00 0 
7fbb60021000-7fbb64000000 ---p 00000000 00:00 0 
7fbb6405a000-7fbb64160000 r-xp 00000000 08:05 1052608                    /lib/x86_64-linux-gnu/libglib-2.0.so.0.4000.0
7fbb64160000-7fbb6435f000 ---p 00106000 08:05 1052608                    /lib/x86_64-linux-gnu/libglib-2.0.so.0.4000.0
7fbb6435f000-7fbb64360000 r--p 00105000 08:05 1052608                    /lib/x86_64-linux-gnu/libglib-2.0.so.0.4000.0
7fbb64360000-7fbb64361000 rw-p 00106000 08:05 1052608                    /lib/x86_64-linux-gnu/libglib-2.0.so.0.4000.0
7fbb64361000-7fbb64362000 rw-p 00000000 00:00 0 
7fbb64362000-7fbb643b1000 r-xp 00000000 08:05 401849                     /usr/lib/x86_64-linux-gnu/libgobject-2.0.so.0.4000.0
7fbb643b1000-7fbb645b1000 ---p 0004f000 08:05 401849                     /usr/lib/x86_64-linux-gnu/libgobject-2.0.so.0.4000.0
7fbb645b1000-7fbb645b2000 r--p 0004f000 08:05 401849                     /usr/lib/x86_64-linux-gnu/libgobject-2.0.so.0.4000.0
7fbb645b2000-7fbb645b3000 rw-p 00050000 08:05 401849                     /usr/lib/x86_64-linux-gnu/libgobject-2.0.so.0.4000.0
7fbb645b3000-7fbb6471e000 r-xp 00000000 08:05 401819                     /usr/lib/x86_64-linux-gnu/libgio-2.0.so.0.4000.0
7fbb6471e000-7fbb6491e000 ---p 0016b000 08:05 401819                     /usr/lib/x86_64-linux-gnu/libgio-2.0.so.0.4000.0
7fbb6491e000-7fbb64922000 r--p 0016b000 08:05 401819                     /usr/lib/x86_64-linux-gnu/libgio-2.0.so.0.4000.0
7fbb64922000-7fbb64924000 rw-p 0016f000 08:05 401819                     /usr/lib/x86_64-linux-gnu/libgio-2.0.so.0.4000.0
7fbb64924000-7fbb64926000 rw-p 00000000 00:00 0 
7fbb64926000-7fbb6493c000 r-xp 00000000 08:05 404264                     /usr/lib/jvm/java-7-openjdk-amd64/jre/lib/amd64/libnet.so
7fbb6493c000-7fbb64b3c000 ---p 00016000 08:05 404264                     /usr/lib/jvm/java-7-openjdk-amd64/jre/lib/amd64/libnet.so
7fbb64b3c000-7fbb64b3d000 r--p 00016000 08:05 404264                     /usr/lib/jvm/java-7-openjdk-amd64/jre/lib/amd64/libnet.so
7fbb64b3d000-7fbb64b3e000 rw-p 00017000 08:05 404264                     /usr/lib/jvm/java-7-openjdk-amd64/jre/lib/amd64/libnet.so
7fbb64b3e000-7fbb64b4e000 r-xp 00000000 08:05 404273                     /usr/lib/jvm/java-7-openjdk-amd64/jre/lib/amd64/libnio.so
7fbb64b4e000-7fbb64d4e000 ---p 00010000 08:05 404273                     /usr/lib/jvm/java-7-openjdk-amd64/jre/lib/amd64/libnio.so
7fbb64d4e000-7fbb64d4f000 r--p 00010000 08:05 404273                     /usr/lib/jvm/java-7-openjdk-amd64/jre/lib/amd64/libnio.so
7fbb64d4f000-7fbb64d50000 rw-p 00011000 08:05 404273                     /usr/lib/jvm/java-7-openjdk-amd64/jre/lib/amd64/libnio.so
7fbb64d50000-7fbb64dfe000 r--s 006f4000 08:05 4480139                    /home/sandeep/Desktop/Qwerto/app/build/intermediates/multi-dex/debug/allclasses.jar
7fbb64dfe000-7fbb64dff000 ---p 00000000 00:00 0 
7fbb64dff000-7fbb64eff000 rw-p 00000000 00:00 0                          [stack:5020]
7fbb64eff000-7fbb64f02000 ---p 00000000 00:00 0 
7fbb64f02000-7fbb65000000 rw-p 00000000 00:00 0                          [stack:5019]
7fbb65000000-7fbb653c0000 rwxp 00000000 00:00 0 
7fbb653c0000-7fbb682e1000 rw-p 00000000 00:00 0 
7fbb682e1000-7fbb6c000000 ---p 00000000 00:00 0 
7fbb6c03f000-7fbb6c070000 rw-p 00000000 00:00 0 
7fbb6c091000-7fbb6c094000 ---p 00000000 00:00 0 
7fbb6c094000-7fbb6c192000 rw-p 00000000 00:00 0                          [stack:5018]
7fbb6c192000-7fbb6c195000 ---p 00000000 00:00 0 
7fbb6c195000-7fbb6c293000 rw-p 00000000 00:00 0                          [stack:5017]
7fbb6c293000-7fbb6c296000 ---p 00000000 00:00 0 
7fbb6c296000-7fbb6c394000 rw-p 00000000 00:00 0                          [stack:5016]
7fbb6c394000-7fbb6ca76000 r--p 00000000 08:05 400395                     /usr/lib/locale/locale-archive
7fbb6ca76000-7fbb6ca79000 ---p 00000000 00:00 0 
7fbb6ca79000-7fbb6cb77000 rw-p 00000000 00:00 0                          [stack:5015]
7fbb6cb77000-7fbb6cb7a000 ---p 00000000 00:00 0 
7fbb6cb7a000-7fbb6cc78000 rw-p 00000000 00:00 0                          [stack:5014]
7fbb6cc78000-7fbb6cc79000 ---p 00000000 00:00 0 
7fbb6cc79000-7fbb6dd76000 rw-p 00000000 00:00 0                          [stack:5013]
7fbb6dd76000-7fbb6df24000 r--s 01cfc000 08:05 404211                     /usr/lib/jvm/java-7-openjdk-amd64/jre/lib/rt.jar
7fbb6df24000-7fbb6e288000 rw-p 00000000 00:00 0 
7fbb6e288000-7fbb6e289000 ---p 00000000 00:00 0 
7fbb6e289000-7fbb6e389000 rw-p 00000000 00:00 0                          [stack:5012]
7fbb6e389000-7fbb6e38a000 ---p 00000000 00:00 0 
7fbb6e38a000-7fbb6e48a000 rw-p 00000000 00:00 0                          [stack:5011]
7fbb6e48a000-7fbb6e48b000 ---p 00000000 00:00 0 
7fbb6e48b000-7fbb6e58b000 rw-p 00000000 00:00 0                          [stack:5010]
7fbb6e58b000-7fbb6e58c000 ---p 00000000 00:00 0 
7fbb6e58c000-7fbb6e697000 rw-p 00000000 00:00 0                          [stack:5009]
7fbb6e697000-7fbb6e6df000 rw-p 00000000 00:00 0 
7fbb6e6df000-7fbb6e7a8000 rw-p 00000000 00:00 0 
7fbb6e7a8000-7fbb6e835000 rw-p 00000000 00:00 0 
7fbb6e835000-7fbb6e840000 rw-p 00000000 00:00 0 
7fbb6e840000-7fbb6e888000 rw-p 00000000 00:00 0 
7fbb6e888000-7fbb6e951000 rw-p 00000000 00:00 0 
7fbb6e951000-7fbb6e9dd000 rw-p 00000000 00:00 0 
7fbb6e9dd000-7fbb6ea87000 rw-p 00000000 00:00 0 
7fbb6ea87000-7fbb6ea88000 ---p 00000000 00:00 0 
7fbb6ea88000-7fbb6ea89000 rw-p 00000000 00:00 0 
7fbb6ea89000-7fbb6ea91000 r-xp 00000000 08:05 404259                     /usr/lib/jvm/java-7-openjdk-amd64/jre/lib/amd64/libzip.so
7fbb6ea91000-7fbb6ec90000 ---p 00008000 08:05 404259                     /usr/lib/jvm/java-7-openjdk-amd64/jre/lib/amd64/libzip.so
7fbb6ec90000-7fbb6ec91000 r--p 00007000 08:05 404259                     /usr/lib/jvm/java-7-openjdk-amd64/jre/lib/amd64/libzip.so
7fbb6ec91000-7fbb6ec92000 rw-p 00008000 08:05 404259                     /usr/lib/jvm/java-7-openjdk-amd64/jre/lib/amd64/libzip.so
7fbb6ec92000-7fbb6ec9d000 r-xp 00000000 08:05 1052652                    /lib/x86_64-linux-gnu/libnss_files-2.19.so
7fbb6ec9d000-7fbb6ee9c000 ---p 0000b000 08:05 1052652                    /lib/x86_64-linux-gnu/libnss_files-2.19.so
7fbb6ee9c000-7fbb6ee9d000 r--p 0000a000 08:05 1052652                    /lib/x86_64-linux-gnu/libnss_files-2.19.so
7fbb6ee9d000-7fbb6ee9e000 rw-p 0000b000 08:05 1052652                    /lib/x86_64-linux-gnu/libnss_files-2.19.so
7fbb6ee9e000-7fbb6eea9000 r-xp 00000000 08:05 1052662                    /lib/x86_64-linux-gnu/libnss_nis-2.19.so
7fbb6eea9000-7fbb6f0a8000 ---p 0000b000 08:05 1052662                    /lib/x86_64-linux-gnu/libnss_nis-2.19.so
7fbb6f0a8000-7fbb6f0a9000 r--p 0000a000 08:05 1052662                    /lib/x86_64-linux-gnu/libnss_nis-2.19.so
7fbb6f0a9000-7fbb6f0aa000 rw-p 0000b000 08:05 1052662                    /lib/x86_64-linux-gnu/libnss_nis-2.19.so
7fbb6f0aa000-7fbb6f0c1000 r-xp 00000000 08:05 1052646                    /lib/x86_64-linux-gnu/libnsl-2.19.so
7fbb6f0c1000-7fbb6f2c0000 ---p 00017000 08:05 1052646                    /lib/x86_64-linux-gnu/libnsl-2.19.so
7fbb6f2c0000-7fbb6f2c1000 r--p 00016000 08:05 1052646                    /lib/x86_64-linux-gnu/libnsl-2.19.so
7fbb6f2c1000-7fbb6f2c2000 rw-p 00017000 08:05 1052646                    /lib/x86_64-linux-gnu/libnsl-2.19.so
7fbb6f2c2000-7fbb6f2c4000 rw-p 00000000 00:00 0 
7fbb6f2c4000-7fbb6f2cd000 r-xp 00000000 08:05 1052648                    /lib/x86_64-linux-gnu/libnss_compat-2.19.so
7fbb6f2cd000-7fbb6f4cc000 ---p 00009000 08:05 1052648                    /lib/x86_64-linux-gnu/libnss_compat-2.19.so
7fbb6f4cc000-7fbb6f4cd000 r--p 00008000 08:05 1052648                    /lib/x86_64-linux-gnu/libnss_compat-2.19.so
7fbb6f4cd000-7fbb6f4ce000 rw-p 00009000 08:05 1052648                    /lib/x86_64-linux-gnu/libnss_compat-2.19.so
7fbb6f4ce000-7fbb6f4f9000 r-xp 00000000 08:05 404255                     /usr/lib/jvm/java-7-openjdk-amd64/jre/lib/amd64/libjava.so
7fbb6f4f9000-7fbb6f6f8000 ---p 0002b000 08:05 404255                     /usr/lib/jvm/java-7-openjdk-amd64/jre/lib/amd64/libjava.so
7fbb6f6f8000-7fbb6f6f9000 r--p 0002a000 08:05 404255                     /usr/lib/jvm/java-7-openjdk-amd64/jre/lib/amd64/libjava.so
7fbb6f6f9000-7fbb6f6fb000 rw-p 0002b000 08:05 404255                     /usr/lib/jvm/java-7-openjdk-amd64/jre/lib/amd64/libjava.so
7fbb6f6fb000-7fbb6f70b000 r-xp 00000000 08:05 404288                     /usr/lib/jvm/java-7-openjdk-amd64/jre/lib/amd64/libverify.so
7fbb6f70b000-7fbb6f90a000 ---p 00010000 08:05 404288                     /usr/lib/jvm/java-7-openjdk-amd64/jre/lib/amd64/libverify.so
7fbb6f90a000-7fbb6f90c000 r--p 0000f000 08:05 404288                     /usr/lib/jvm/java-7-openjdk-amd64/jre/lib/amd64/libverify.so
7fbb6f90c000-7fbb6f90d000 rw-p 00011000 08:05 404288                     /usr/lib/jvm/java-7-openjdk-amd64/jre/lib/amd64/libverify.so
7fbb6f90d000-7fbb6f914000 r-xp 00000000 08:05 1052705                    /lib/x86_64-linux-gnu/librt-2.19.so
7fbb6f914000-7fbb6fb13000 ---p 00007000 08:05 1052705                    /lib/x86_64-linux-gnu/librt-2.19.so
7fbb6fb13000-7fbb6fb14000 r--p 00006000 08:05 1052705                    /lib/x86_64-linux-gnu/librt-2.19.so
7fbb6fb14000-7fbb6fb15000 rw-p 00007000 08:05 1052705                    /lib/x86_64-linux-gnu/librt-2.19.so
7fbb6fb15000-7fbb6fb2b000 r-xp 00000000 08:05 1052604                    /lib/x86_64-linux-gnu/libgcc_s.so.1
7fbb6fb2b000-7fbb6fd2a000 ---p 00016000 08:05 1052604                    /lib/x86_64-linux-gnu/libgcc_s.so.1
7fbb6fd2a000-7fbb6fd2b000 rw-p 00015000 08:05 1052604                    /lib/x86_64-linux-gnu/libgcc_s.so.1
7fbb6fd2b000-7fbb6fe30000 r-xp 00000000 08:05 1052627                    /lib/x86_64-linux-gnu/libm-2.19.so
7fbb6fe30000-7fbb7002f000 ---p 00105000 08:05 1052627                    /lib/x86_64-linux-gnu/libm-2.19.so
7fbb7002f000-7fbb70030000 r--p 00104000 08:05 1052627                    /lib/x86_64-linux-gnu/libm-2.19.so
7fbb70030000-7fbb70031000 rw-p 00105000 08:05 1052627                    /lib/x86_64-linux-gnu/libm-2.19.so
7fbb70031000-7fbb70117000 r-xp 00000000 08:05 397418                     /usr/lib/x86_64-linux-gnu/libstdc++.so.6.0.19
7fbb70117000-7fbb70316000 ---p 000e6000 08:05 397418                     /usr/lib/x86_64-linux-gnu/libstdc++.so.6.0.19
7fbb70316000-7fbb7031e000 r--p 000e5000 08:05 397418                     /usr/lib/x86_64-linux-gnu/libstdc++.so.6.0.19
7fbb7031e000-7fbb70320000 rw-p 000ed000 08:05 397418                     /usr/lib/x86_64-linux-gnu/libstdc++.so.6.0.19
7fbb70320000-7fbb70335000 rw-p 00000000 00:00 0 
7fbb70335000-7fbb70e16000 r-xp 00000000 08:05 404270                     /usr/lib/jvm/java-7-openjdk-amd64/jre/lib/amd64/server/libjvm.so
7fbb70e16000-7fbb71015000 ---p 00ae1000 08:05 404270                     /usr/lib/jvm/java-7-openjdk-amd64/jre/lib/amd64/server/libjvm.so
7fbb71015000-7fbb710a7000 r--p 00ae0000 08:05 404270                     /usr/lib/jvm/java-7-openjdk-amd64/jre/lib/amd64/server/libjvm.so
7fbb710a7000-7fbb710ca000 rw-p 00b72000 08:05 404270                     /usr/lib/jvm/java-7-openjdk-amd64/jre/lib/amd64/server/libjvm.so
7fbb710ca000-7fbb710f7000 rw-p 00000000 00:00 0 
7fbb710f7000-7fbb7110f000 r-xp 00000000 08:05 1052740                    /lib/x86_64-linux-gnu/libz.so.1.2.8
7fbb7110f000-7fbb7130e000 ---p 00018000 08:05 1052740                    /lib/x86_64-linux-gnu/libz.so.1.2.8
7fbb7130e000-7fbb7130f000 r--p 00017000 08:05 1052740                    /lib/x86_64-linux-gnu/libz.so.1.2.8
7fbb7130f000-7fbb71310000 rw-p 00018000 08:05 1052740                    /lib/x86_64-linux-gnu/libz.so.1.2.8
7fbb71310000-7fbb71329000 r-xp 00000000 08:05 1052697                    /lib/x86_64-linux-gnu/libpthread-2.19.so
7fbb71329000-7fbb71528000 ---p 00019000 08:05 1052697                    /lib/x86_64-linux-gnu/libpthread-2.19.so
7fbb71528000-7fbb71529000 r--p 00018000 08:05 1052697                    /lib/x86_64-linux-gnu/libpthread-2.19.so
7fbb71529000-7fbb7152a000 rw-p 00019000 08:05 1052697                    /lib/x86_64-linux-gnu/libpthread-2.19.so
7fbb7152a000-7fbb7152e000 rw-p 00000000 00:00 0 
7fbb7152e000-7fbb71531000 r-xp 00000000 08:05 1052594                    /lib/x86_64-linux-gnu/libdl-2.19.so
7fbb71531000-7fbb71730000 ---p 00003000 08:05 1052594                    /lib/x86_64-linux-gnu/libdl-2.19.so
7fbb71730000-7fbb71731000 r--p 00002000 08:05 1052594                    /lib/x86_64-linux-gnu/libdl-2.19.so
7fbb71731000-7fbb71732000 rw-p 00003000 08:05 1052594                    /lib/x86_64-linux-gnu/libdl-2.19.so
7fbb71732000-7fbb718ee000 r-xp 00000000 08:05 1052577                    /lib/x86_64-linux-gnu/libc-2.19.so
7fbb718ee000-7fbb71aed000 ---p 001bc000 08:05 1052577                    /lib/x86_64-linux-gnu/libc-2.19.so
7fbb71aed000-7fbb71af1000 r--p 001bb000 08:05 1052577                    /lib/x86_64-linux-gnu/libc-2.19.so
7fbb71af1000-7fbb71af3000 rw-p 001bf000 08:05 1052577                    /lib/x86_64-linux-gnu/libc-2.19.so
7fbb71af3000-7fbb71af8000 rw-p 00000000 00:00 0 
7fbb71af8000-7fbb71b05000 r-xp 00000000 08:05 404281                     /usr/lib/jvm/java-7-openjdk-amd64/jre/lib/amd64/jli/libjli.so
7fbb71b05000-7fbb71d04000 ---p 0000d000 08:05 404281                     /usr/lib/jvm/java-7-openjdk-amd64/jre/lib/amd64/jli/libjli.so
7fbb71d04000-7fbb71d05000 r--p 0000c000 08:05 404281                     /usr/lib/jvm/java-7-openjdk-amd64/jre/lib/amd64/jli/libjli.so
7fbb71d05000-7fbb71d06000 rw-p 0000d000 08:05 404281                     /usr/lib/jvm/java-7-openjdk-amd64/jre/lib/amd64/jli/libjli.so
7fbb71d06000-7fbb71d29000 r-xp 00000000 08:05 1052553                    /lib/x86_64-linux-gnu/ld-2.19.so
7fbb71d30000-7fbb71d3f000 r--s 000dd000 08:05 4080337                    /home/sandeep/android-sdks/build-tools/22.0.1/lib/dx.jar
7fbb71d3f000-7fbb71d4e000 rw-p 00000000 00:00 0 
7fbb71d4e000-7fbb71dff000 rw-p 00000000 00:00 0 
7fbb71dff000-7fbb71e02000 ---p 00000000 00:00 0 
7fbb71e02000-7fbb71f05000 rw-p 00000000 00:00 0                          [stack:5006]
7fbb71f08000-7fbb71f09000 rw-p 00000000 00:00 0 
7fbb71f09000-7fbb71f0a000 r--s 00002000 08:05 404220                     /usr/lib/jvm/java-7-openjdk-amd64/jre/lib/ext/dnsns.jar
7fbb71f0a000-7fbb71f0e000 r--s 0003b000 08:05 404219                     /usr/lib/jvm/java-7-openjdk-amd64/jre/lib/ext/sunpkcs11.jar
7fbb71f0e000-7fbb71f10000 r--s 00012000 08:05 404216                     /usr/lib/jvm/java-7-openjdk-amd64/jre/lib/ext/zipfs.jar
7fbb71f10000-7fbb71f12000 r--s 00006000 08:05 794704                     /usr/share/java/java-atk-wrapper.jar
7fbb71f12000-7fbb71f16000 r--s 00085000 08:05 404218                     /usr/lib/jvm/java-7-openjdk-amd64/jre/lib/ext/localedata.jar
7fbb71f16000-7fbb71f19000 r--s 00032000 08:05 404217                     /usr/lib/jvm/java-7-openjdk-amd64/jre/lib/ext/sunjce_provider.jar
7fbb71f19000-7fbb71f1c000 r--s 0000f000 08:05 404215                     /usr/lib/jvm/java-7-openjdk-amd64/jre/lib/ext/pulse-java.jar
7fbb71f1c000-7fbb71f24000 rw-s 00000000 08:05 1073094                    /tmp/hsperfdata_sandeep/5003
7fbb71f24000-7fbb71f25000 rw-p 00000000 00:00 0 
7fbb71f25000-7fbb71f26000 ---p 00000000 00:00 0 
7fbb71f26000-7fbb71f28000 rw-p 00000000 00:00 0 
7fbb71f28000-7fbb71f29000 r--p 00022000 08:05 1052553                    /lib/x86_64-linux-gnu/ld-2.19.so
7fbb71f29000-7fbb71f2a000 rw-p 00023000 08:05 1052553                    /lib/x86_64-linux-gnu/ld-2.19.so
7fbb71f2a000-7fbb71f2b000 rw-p 00000000 00:00 0 
7fff6dcb6000-7fff6dcd8000 rw-p 00000000 00:00 0                          [stack]
7fff6dcf8000-7fff6dcfa000 r-xp 00000000 00:00 0                          [vdso]
ffffffffff600000-ffffffffff601000 r-xp 00000000 00:00 0                  [vsyscall]

VM Arguments:
jvm_args: -Xmx1024M -Dfile.encoding=UTF-8 -Duser.country=IN -Duser.language=en -Duser.variant 
java_command: com.android.dx.command.Main --dex --multi-dex --main-dex-list /home/sandeep/Desktop/Qwerto/app/build/intermediates/multi-dex/debug/maindexlist.txt --output /home/sandeep/Desktop/Qwerto/app/build/intermediates/dex/debug /home/sandeep/Desktop/Qwerto/app/build/intermediates/multi-dex/debug/allclasses.jar
Launcher Type: SUN_STANDARD

Environment Variables:
CLASSPATH=./../lib/bootstrap.jar:./../lib/extensions.jar:./../lib/util.jar:./../lib/jdom.jar:./../lib/log4j.jar:./../lib/trove4j.jar:./../lib/jna.jar:/usr/lib/jvm/java-7-openjdk-amd64/lib/tools.jar
PATH=/home/sandeep/android-sdks/platform-tools/:/usr/local/sbin:/usr/local/bin:/usr/sbin:/usr/bin:/sbin:/bin:/usr/games:/usr/local/games
LD_LIBRARY_PATH=.:
SHELL=/bin/bash
DISPLAY=:0

Signal Handlers:
SIGSEGV: [libjvm.so+0x918620], sa_mask[0]=0x7ffbfeff, sa_flags=0x10000004
SIGBUS: [libjvm.so+0x918620], sa_mask[0]=0x7ffbfeff, sa_flags=0x10000004
SIGFPE: [libjvm.so+0x795e30], sa_mask[0]=0x7ffbfeff, sa_flags=0x10000004
SIGPIPE: [libjvm.so+0x795e30], sa_mask[0]=0x7ffbfeff, sa_flags=0x10000004
SIGXFSZ: [libjvm.so+0x795e30], sa_mask[0]=0x7ffbfeff, sa_flags=0x10000004
SIGILL: [libjvm.so+0x795e30], sa_mask[0]=0x7ffbfeff, sa_flags=0x10000004
SIGUSR1: SIG_DFL, sa_mask[0]=0x00000000, sa_flags=0x00000000
SIGUSR2: [libjvm.so+0x795cd0], sa_mask[0]=0x00000004, sa_flags=0x10000004
SIGHUP: [libjvm.so+0x795eb0], sa_mask[0]=0x7ffbfeff, sa_flags=0x10000004
SIGINT: [libjvm.so+0x795eb0], sa_mask[0]=0x7ffbfeff, sa_flags=0x10000004
SIGTERM: [libjvm.so+0x795eb0], sa_mask[0]=0x7ffbfeff, sa_flags=0x10000004
SIGQUIT: [libjvm.so+0x795eb0], sa_mask[0]=0x7ffbfeff, sa_flags=0x10000004


---------------  S Y S T E M  ---------------

OS:Ubuntu 14.04 (trusty)
uname:Linux 3.13.0-30-generic #54-Ubuntu SMP Mon Jun 9 22:45:01 UTC 2014 x86_64
libc:glibc 2.19 NPTL 2.19 
rlimit: STACK 8192k, CORE 0k, NPROC 30722, NOFILE 4096, AS infinity
load average:3.20 0.99 0.82

/proc/meminfo:
MemTotal:        3954024 kB
MemFree:          125552 kB
Buffers:             704 kB
Cached:           237236 kB
SwapCached:            0 kB
Active:          3435540 kB
Inactive:         232340 kB
Active(anon):    3432020 kB
Inactive(anon):   200352 kB
Active(file):       3520 kB
Inactive(file):    31988 kB
Unevictable:          32 kB
Mlocked:              32 kB
SwapTotal:             0 kB
SwapFree:              0 kB
Dirty:               212 kB
Writeback:             0 kB
AnonPages:       3430156 kB
Mapped:            53572 kB
Shmem:            202248 kB
Slab:              60852 kB
SReclaimable:      27932 kB
SUnreclaim:        32920 kB
KernelStack:        4944 kB
PageTables:        39264 kB
NFS_Unstable:          0 kB
Bounce:                0 kB
WritebackTmp:          0 kB
CommitLimit:     1977012 kB
Committed_AS:    6948252 kB
VmallocTotal:   34359738367 kB
VmallocUsed:      347388 kB
VmallocChunk:   34359383516 kB
HardwareCorrupted:     0 kB
AnonHugePages:   1163264 kB
HugePages_Total:       0
HugePages_Free:        0
HugePages_Rsvd:        0
HugePages_Surp:        0
Hugepagesize:       2048 kB
DirectMap4k:       80552 kB
DirectMap2M:     4020224 kB


CPU:total 4 (2 cores per cpu, 2 threads per core) family 6 model 42 stepping 7, cmov, cx8, fxsr, mmx, sse, sse2, sse3, ssse3, sse4.1, sse4.2, popcnt, avx, aes, ht, tsc, tscinvbit

/proc/cpuinfo:
processor	: 0
vendor_id	: GenuineIntel
cpu family	: 6
model		: 42
model name	: Intel(R) Core(TM) i5-2450M CPU @ 2.50GHz
stepping	: 7
microcode	: 0x1b
cpu MHz		: 1600.000
cache size	: 3072 KB
physical id	: 0
siblings	: 4
core id		: 0
cpu cores	: 2
apicid		: 0
initial apicid	: 0
fpu		: yes
fpu_exception	: yes
cpuid level	: 13
wp		: yes
flags		: fpu vme de pse tsc msr pae mce cx8 apic sep mtrr pge mca cmov pat pse36 clflush dts acpi mmx fxsr sse sse2 ss ht tm pbe syscall nx rdtscp lm constant_tsc arch_perfmon pebs bts rep_good nopl xtopology nonstop_tsc aperfmperf eagerfpu pni pclmulqdq dtes64 monitor ds_cpl vmx est tm2 ssse3 cx16 xtpr pdcm pcid sse4_1 sse4_2 x2apic popcnt tsc_deadline_timer aes xsave avx lahf_lm ida arat epb xsaveopt pln pts dtherm tpr_shadow vnmi flexpriority ept vpid
bogomips	: 4988.67
clflush size	: 64
cache_alignment	: 64
address sizes	: 36 bits physical, 48 bits virtual
power management:

processor	: 1
vendor_id	: GenuineIntel
cpu family	: 6
model		: 42
model name	: Intel(R) Core(TM) i5-2450M CPU @ 2.50GHz
stepping	: 7
microcode	: 0x1b
cpu MHz		: 2501.000
cache size	: 3072 KB
physical id	: 0
siblings	: 4
core id		: 1
cpu cores	: 2
apicid		: 2
initial apicid	: 2
fpu		: yes
fpu_exception	: yes
cpuid level	: 13
wp		: yes
flags		: fpu vme de pse tsc msr pae mce cx8 apic sep mtrr pge mca cmov pat pse36 clflush dts acpi mmx fxsr sse sse2 ss ht tm pbe syscall nx rdtscp lm constant_tsc arch_perfmon pebs bts rep_good nopl xtopology nonstop_tsc aperfmperf eagerfpu pni pclmulqdq dtes64 monitor ds_cpl vmx est tm2 ssse3 cx16 xtpr pdcm pcid sse4_1 sse4_2 x2apic popcnt tsc_deadline_timer aes xsave avx lahf_lm ida arat epb xsaveopt pln pts dtherm tpr_shadow vnmi flexpriority ept vpid
bogomips	: 4988.67
clflush size	: 64
cache_alignment	: 64
address sizes	: 36 bits physical, 48 bits virtual
power management:

processor	: 2
vendor_id	: GenuineIntel
cpu family	: 6
model		: 42
model name	: Intel(R) Core(TM) i5-2450M CPU @ 2.50GHz
stepping	: 7
microcode	: 0x1b
cpu MHz		: 800.000
cache size	: 3072 KB
physical id	: 0
siblings	: 4
core id		: 0
cpu cores	: 2
apicid		: 1
initial apicid	: 1
fpu		: yes
fpu_exception	: yes
cpuid level	: 13
wp		: yes
flags		: fpu vme de pse tsc msr pae mce cx8 apic sep mtrr pge mca cmov pat pse36 clflush dts acpi mmx fxsr sse sse2 ss ht tm pbe syscall nx rdtscp lm constant_tsc arch_perfmon pebs bts rep_good nopl xtopology nonstop_tsc aperfmperf eagerfpu pni pclmulqdq dtes64 monitor ds_cpl vmx est tm2 ssse3 cx16 xtpr pdcm pcid sse4_1 sse4_2 x2apic popcnt tsc_deadline_timer aes xsave avx lahf_lm ida arat epb xsaveopt pln pts dtherm tpr_shadow vnmi flexpriority ept vpid
bogomips	: 4988.67
clflush size	: 64
cache_alignment	: 64
address sizes	: 36 bits physical, 48 bits virtual
power management:

processor	: 3
vendor_id	: GenuineIntel
cpu family	: 6
model		: 42
model name	: Intel(R) Core(TM) i5-2450M CPU @ 2.50GHz
stepping	: 7
microcode	: 0x1b
cpu MHz		: 800.000
cache size	: 3072 KB
physical id	: 0
siblings	: 4
core id		: 1
cpu cores	: 2
apicid		: 3
initial apicid	: 3
fpu		: yes
fpu_exception	: yes
cpuid level	: 13
wp		: yes
flags		: fpu vme de pse tsc msr pae mce cx8 apic sep mtrr pge mca cmov pat pse36 clflush dts acpi mmx fxsr sse sse2 ss ht tm pbe syscall nx rdtscp lm constant_tsc arch_perfmon pebs bts rep_good nopl xtopology nonstop_tsc aperfmperf eagerfpu pni pclmulqdq dtes64 monitor ds_cpl vmx est tm2 ssse3 cx16 xtpr pdcm pcid sse4_1 sse4_2 x2apic popcnt tsc_deadline_timer aes xsave avx lahf_lm ida arat epb xsaveopt pln pts dtherm tpr_shadow vnmi flexpriority ept vpid
bogomips	: 4988.67
clflush size	: 64
cache_alignment	: 64
address sizes	: 36 bits physical, 48 bits virtual
power management:



Memory: 4k page, physical 3954024k(125552k free), swap 0k(0k free)

vm_info: OpenJDK 64-Bit Server VM (24.51-b03) for linux-amd64 JRE (1.7.0_55-b14), built on Apr 17 2014 20:08:07 by "buildd" with gcc 4.8.2

time: Mon Aug 24 17:25:14 2015
elapsed time: 20 seconds

